Nov 02, 2023 2:36:20 PM seedu.commands.EditCommand execute
INFO: Edit Command execute with /i 2 /a NEWAUTHOR
Nov 02, 2023 2:36:20 PM seedu.commands.EditCommand execute
INFO: Edit success
Nov 02, 2023 2:36:20 PM seedu.commands.EditCommand execute
INFO: Edit Command execute with /i 123
Nov 02, 2023 2:36:20 PM seedu.commands.EditCommand execute
WARNING: 
Please provide at leastone detail to edit!
____________________________________________________________

Nov 02, 2023 2:36:20 PM seedu.commands.EditCommand execute
INFO: Edit Command execute with /i 123 /t NEWTITLE
Nov 02, 2023 2:36:20 PM seedu.commands.EditCommand execute
WARNING: 
No such resource with given ISBN
____________________________________________________________

Nov 02, 2023 2:36:20 PM seedu.commands.EditCommand execute
INFO: Edit Command execute with /i 1 /g Horror
Nov 02, 2023 2:36:20 PM seedu.commands.EditCommand castResourceToBook
WARNING: 
Your resource is not a book!
____________________________________________________________

Nov 02, 2023 2:36:20 PM seedu.commands.EditCommand execute
INFO: Edit Command execute with /i 2 /t NEWTITLE
Nov 02, 2023 2:36:20 PM seedu.commands.EditCommand execute
INFO: Edit success
Nov 02, 2023 2:36:20 PM seedu.commands.EditCommand execute
INFO: Edit Command execute with /i 2 /g Horror, Action, Fantasy
Nov 02, 2023 2:36:20 PM seedu.commands.EditCommand execute
INFO: Edit success
Nov 02, 2023 2:36:20 PM seedu.commands.EditCommand execute
INFO: Edit Command execute with /i 9781250255174 /a Thomas
Nov 02, 2023 2:36:20 PM seedu.commands.EditCommand execute
INFO: Edit success
Nov 02, 2023 2:36:20 PM seedu.commands.EditCommand execute
INFO: Edit Command execute with /i 9781250255174 /s lost
Nov 02, 2023 2:36:20 PM seedu.commands.EditCommand execute
INFO: Edit success
Nov 02, 2023 2:36:42 PM seedu.commands.EditCommand execute
INFO: Edit Command execute with /i 2 /a NEWAUTHOR
Nov 02, 2023 2:36:42 PM seedu.commands.EditCommand execute
INFO: Edit success
Nov 02, 2023 2:36:42 PM seedu.commands.EditCommand execute
INFO: Edit Command execute with /i 123
Nov 02, 2023 2:36:42 PM seedu.commands.EditCommand execute
WARNING: 
Please provide at least one detail to edit!
____________________________________________________________

Nov 02, 2023 2:36:42 PM seedu.commands.EditCommand execute
INFO: Edit Command execute with /i 123 /t NEWTITLE
Nov 02, 2023 2:36:42 PM seedu.commands.EditCommand execute
WARNING: 
No such resource with given ISBN
____________________________________________________________

Nov 02, 2023 2:36:42 PM seedu.commands.EditCommand execute
INFO: Edit Command execute with /i 1 /g Horror
Nov 02, 2023 2:36:42 PM seedu.commands.EditCommand castResourceToBook
WARNING: 
Your resource is not a book!
____________________________________________________________

Nov 02, 2023 2:36:42 PM seedu.commands.EditCommand execute
INFO: Edit Command execute with /i 2 /t NEWTITLE
Nov 02, 2023 2:36:42 PM seedu.commands.EditCommand execute
INFO: Edit success
Nov 02, 2023 2:36:42 PM seedu.commands.EditCommand execute
INFO: Edit Command execute with /i 2 /g Horror, Action, Fantasy
Nov 02, 2023 2:36:42 PM seedu.commands.EditCommand execute
INFO: Edit success
Nov 02, 2023 2:36:42 PM seedu.commands.EditCommand execute
INFO: Edit Command execute with /i 9781250255174 /a Thomas
Nov 02, 2023 2:36:42 PM seedu.commands.EditCommand execute
INFO: Edit success
Nov 02, 2023 2:36:42 PM seedu.commands.EditCommand execute
INFO: Edit Command execute with /i 9781250255174 /s lost
Nov 02, 2023 2:36:42 PM seedu.commands.EditCommand execute
INFO: Edit success
Nov 02, 2023 2:39:34 PM seedu.commands.EditCommand execute
INFO: Edit Command execute with /i 2 /a NEWAUTHOR
Nov 02, 2023 2:39:34 PM seedu.commands.EditCommand execute
INFO: Edit success
Nov 02, 2023 2:39:34 PM seedu.commands.EditCommand execute
INFO: Edit Command execute with /i 123
Nov 02, 2023 2:39:34 PM seedu.commands.EditCommand execute
WARNING: 
Please provide at least one detail to edit!
____________________________________________________________

Nov 02, 2023 2:39:34 PM seedu.commands.EditCommand execute
INFO: Edit Command execute with /i 123 /t NEWTITLE
Nov 02, 2023 2:39:34 PM seedu.commands.EditCommand execute
WARNING: 
No such resource with given ISBN
____________________________________________________________

Nov 02, 2023 2:39:34 PM seedu.commands.EditCommand execute
INFO: Edit Command execute with /i 1 /g Horror
Nov 02, 2023 2:39:34 PM seedu.commands.EditCommand castResourceToBook
WARNING: 
Your resource is not a book!
____________________________________________________________

Nov 02, 2023 2:39:34 PM seedu.commands.EditCommand execute
INFO: Edit Command execute with /i 2 /t NEWTITLE
Nov 02, 2023 2:39:34 PM seedu.commands.EditCommand execute
INFO: Edit success
Nov 02, 2023 2:39:34 PM seedu.commands.EditCommand execute
INFO: Edit Command execute with /i 2 /g Horror, Action, Fantasy
Nov 02, 2023 2:39:34 PM seedu.commands.EditCommand execute
INFO: Edit success
Nov 02, 2023 2:39:34 PM seedu.commands.EditCommand execute
INFO: Edit Command execute with /i 9781250255174 /a Thomas
Nov 02, 2023 2:39:34 PM seedu.commands.EditCommand execute
INFO: Edit success
Nov 02, 2023 2:39:34 PM seedu.commands.EditCommand execute
INFO: Edit Command execute with /i 9781250255174 /s lost
Nov 02, 2023 2:39:34 PM seedu.commands.EditCommand execute
INFO: Edit success
Nov 02, 2023 2:45:20 PM seedu.commands.EditCommand execute
INFO: Edit Command execute with /i 2 /a NEWAUTHOR
Nov 02, 2023 2:45:21 PM seedu.commands.EditCommand execute
INFO: Edit success
Nov 02, 2023 2:45:21 PM seedu.commands.EditCommand execute
INFO: Edit Command execute with /i 123
Nov 02, 2023 2:45:21 PM seedu.commands.EditCommand execute
WARNING: 
Please provide at least one detail to edit!
____________________________________________________________

Nov 02, 2023 2:45:21 PM seedu.commands.EditCommand execute
INFO: Edit Command execute with /i 123 /t NEWTITLE
Nov 02, 2023 2:45:21 PM seedu.commands.EditCommand execute
WARNING: 
No such resource with given ISBN
____________________________________________________________

Nov 02, 2023 2:45:21 PM seedu.commands.EditCommand execute
INFO: Edit Command execute with /i 1 /g Horror
Nov 02, 2023 2:45:21 PM seedu.commands.EditCommand castResourceToBook
WARNING: 
Your resource is not a book!
____________________________________________________________

Nov 02, 2023 2:45:21 PM seedu.commands.EditCommand execute
INFO: Edit Command execute with /i 2 /t NEWTITLE
Nov 02, 2023 2:45:21 PM seedu.commands.EditCommand execute
INFO: Edit success
Nov 02, 2023 2:45:21 PM seedu.commands.EditCommand execute
INFO: Edit Command execute with /i 2 /g Horror, Action, Fantasy
Nov 02, 2023 2:45:21 PM seedu.commands.EditCommand execute
INFO: Edit success
Nov 02, 2023 2:45:21 PM seedu.commands.EditCommand execute
INFO: Edit Command execute with /i 9781250255174 /a Thomas
Nov 02, 2023 2:45:21 PM seedu.commands.EditCommand execute
INFO: Edit success
Nov 02, 2023 2:45:21 PM seedu.commands.EditCommand execute
INFO: Edit Command execute with /i 9781250255174 /s lost
Nov 02, 2023 2:45:21 PM seedu.commands.EditCommand execute
INFO: Edit success
Nov 03, 2023 5:46:00 PM seedu.commands.EditCommand execute
INFO: Edit Command execute with /i 2 /a NEWAUTHOR
Nov 03, 2023 5:46:00 PM seedu.commands.EditCommand execute
INFO: Edit success
Nov 03, 2023 5:46:00 PM seedu.commands.EditCommand execute
INFO: Edit Command execute with /i 123
Nov 03, 2023 5:46:00 PM seedu.commands.EditCommand execute
WARNING: 
Please provide at least one detail to edit!
____________________________________________________________

Nov 03, 2023 5:46:00 PM seedu.commands.EditCommand execute
INFO: Edit Command execute with /i 123 /t NEWTITLE
Nov 03, 2023 5:46:00 PM seedu.commands.EditCommand execute
WARNING: 
No such resource with given ISBN
____________________________________________________________

Nov 03, 2023 5:46:00 PM seedu.commands.EditCommand execute
INFO: Edit Command execute with /i 1 /g Horror
Nov 03, 2023 5:46:00 PM seedu.commands.EditCommand castResourceToBook
WARNING: 
Your resource is not a book!
____________________________________________________________

Nov 03, 2023 5:46:00 PM seedu.commands.EditCommand execute
INFO: Edit Command execute with /i 2 /t NEWTITLE
Nov 03, 2023 5:46:00 PM seedu.commands.EditCommand execute
INFO: Edit success
Nov 03, 2023 5:46:00 PM seedu.commands.EditCommand execute
INFO: Edit Command execute with /i 2 /g Horror, Action, Fantasy
Nov 03, 2023 5:46:00 PM seedu.commands.EditCommand execute
INFO: Edit success
Nov 03, 2023 5:46:01 PM seedu.commands.EditCommand execute
INFO: Edit Command execute with /i 9781250255174 /a Thomas
Nov 03, 2023 5:46:01 PM seedu.commands.EditCommand execute
INFO: Edit success
Nov 03, 2023 5:46:01 PM seedu.commands.EditCommand execute
INFO: Edit Command execute with /i 9781250255174 /s lost
Nov 03, 2023 5:46:01 PM seedu.commands.EditCommand execute
INFO: Edit success
Nov 03, 2023 6:00:58 PM seedu.commands.EditCommand execute
INFO: Edit Command execute with /i 2 /a NEWAUTHOR
Nov 03, 2023 6:00:58 PM seedu.commands.EditCommand execute
INFO: Edit success
Nov 03, 2023 6:00:58 PM seedu.commands.EditCommand execute
INFO: Edit Command execute with /i 123
Nov 03, 2023 6:00:58 PM seedu.commands.EditCommand execute
WARNING: 
Please provide at least one detail to edit!
____________________________________________________________

Nov 03, 2023 6:00:58 PM seedu.commands.EditCommand execute
INFO: Edit Command execute with /i 123 /t NEWTITLE
Nov 03, 2023 6:00:58 PM seedu.commands.EditCommand execute
WARNING: 
No such resource with given ISBN
____________________________________________________________

Nov 03, 2023 6:00:58 PM seedu.commands.EditCommand execute
INFO: Edit Command execute with /i 1 /g Horror
Nov 03, 2023 6:00:58 PM seedu.commands.EditCommand castResourceToBook
WARNING: 
Your resource is not a book!
____________________________________________________________

Nov 03, 2023 6:00:58 PM seedu.commands.EditCommand execute
INFO: Edit Command execute with /i 2 /t NEWTITLE
Nov 03, 2023 6:00:58 PM seedu.commands.EditCommand execute
INFO: Edit success
Nov 03, 2023 6:00:58 PM seedu.commands.EditCommand execute
INFO: Edit Command execute with /i 2 /g Horror, Action, Fantasy
Nov 03, 2023 6:00:58 PM seedu.commands.EditCommand execute
INFO: Edit success
Nov 03, 2023 6:00:58 PM seedu.commands.EditCommand execute
INFO: Edit Command execute with /i 9781250255174 /a Thomas
Nov 03, 2023 6:00:58 PM seedu.commands.EditCommand execute
INFO: Edit success
Nov 03, 2023 6:00:58 PM seedu.commands.EditCommand execute
INFO: Edit Command execute with /i 9781250255174 /s lost
Nov 03, 2023 6:00:58 PM seedu.commands.EditCommand execute
INFO: Edit success
Nov 03, 2023 6:01:46 PM seedu.commands.EditCommand execute
INFO: Edit Command execute with /i 2 /a NEWAUTHOR
Nov 03, 2023 6:01:46 PM seedu.commands.EditCommand execute
INFO: Edit success
Nov 03, 2023 6:01:46 PM seedu.commands.EditCommand execute
INFO: Edit Command execute with /i 123
Nov 03, 2023 6:01:46 PM seedu.commands.EditCommand execute
WARNING: 
Please provide at least one detail to edit!
____________________________________________________________

Nov 03, 2023 6:01:46 PM seedu.commands.EditCommand execute
INFO: Edit Command execute with /i 123 /t NEWTITLE
Nov 03, 2023 6:01:46 PM seedu.commands.EditCommand execute
WARNING: 
No such resource with given ISBN
____________________________________________________________

Nov 03, 2023 6:01:46 PM seedu.commands.EditCommand execute
INFO: Edit Command execute with /i 1 /g Horror
Nov 03, 2023 6:01:46 PM seedu.commands.EditCommand castResourceToBook
WARNING: 
Your resource is not a book!
____________________________________________________________

Nov 03, 2023 6:01:46 PM seedu.commands.EditCommand execute
INFO: Edit Command execute with /i 2 /t NEWTITLE
Nov 03, 2023 6:01:46 PM seedu.commands.EditCommand execute
INFO: Edit success
Nov 03, 2023 6:01:46 PM seedu.commands.EditCommand execute
INFO: Edit Command execute with /i 2 /g Horror, Action, Fantasy
Nov 03, 2023 6:01:46 PM seedu.commands.EditCommand execute
INFO: Edit success
Nov 03, 2023 6:01:47 PM seedu.commands.EditCommand execute
INFO: Edit Command execute with /i 9781250255174 /a Thomas
Nov 03, 2023 6:01:47 PM seedu.commands.EditCommand execute
INFO: Edit success
Nov 03, 2023 6:01:47 PM seedu.commands.EditCommand execute
INFO: Edit Command execute with /i 9781250255174 /s lost
Nov 03, 2023 6:01:47 PM seedu.commands.EditCommand execute
INFO: Edit success
Nov 03, 2023 6:03:55 PM seedu.commands.EditCommand execute
INFO: Edit Command execute with /i 2 /a NEWAUTHOR
Nov 03, 2023 6:03:55 PM seedu.commands.EditCommand execute
INFO: Edit success
Nov 03, 2023 6:03:55 PM seedu.commands.EditCommand execute
INFO: Edit Command execute with /i 123
Nov 03, 2023 6:03:55 PM seedu.commands.EditCommand execute
WARNING: 
Please provide at least one detail to edit!
____________________________________________________________

Nov 03, 2023 6:03:55 PM seedu.commands.EditCommand execute
INFO: Edit Command execute with /i 123 /t NEWTITLE
Nov 03, 2023 6:03:55 PM seedu.commands.EditCommand execute
WARNING: 
No such resource with given ISBN
____________________________________________________________

Nov 03, 2023 6:03:56 PM seedu.commands.EditCommand execute
INFO: Edit Command execute with /i 1 /g Horror
Nov 03, 2023 6:03:56 PM seedu.commands.EditCommand castResourceToBook
WARNING: 
Your resource is not a book!
____________________________________________________________

Nov 03, 2023 6:03:56 PM seedu.commands.EditCommand execute
INFO: Edit Command execute with /i 2 /t NEWTITLE
Nov 03, 2023 6:03:56 PM seedu.commands.EditCommand execute
INFO: Edit success
Nov 03, 2023 6:03:56 PM seedu.commands.EditCommand execute
INFO: Edit Command execute with /i 2 /g Horror, Action, Fantasy
Nov 03, 2023 6:03:56 PM seedu.commands.EditCommand execute
INFO: Edit success
Nov 03, 2023 6:03:56 PM seedu.commands.EditCommand execute
INFO: Edit Command execute with /i 9781250255174 /a Thomas
Nov 03, 2023 6:03:56 PM seedu.commands.EditCommand execute
INFO: Edit success
Nov 03, 2023 6:03:56 PM seedu.commands.EditCommand execute
INFO: Edit Command execute with /i 9781250255174 /s lost
Nov 03, 2023 6:03:56 PM seedu.commands.EditCommand execute
INFO: Edit success
Nov 03, 2023 6:09:09 PM seedu.commands.EditCommand execute
INFO: Edit Command execute with /i 2 /a NEWAUTHOR
Nov 03, 2023 6:09:09 PM seedu.commands.EditCommand execute
INFO: Edit success
Nov 03, 2023 6:09:09 PM seedu.commands.EditCommand execute
INFO: Edit Command execute with /i 123
Nov 03, 2023 6:09:09 PM seedu.commands.EditCommand execute
WARNING: 
Please provide at least one detail to edit!
____________________________________________________________

Nov 03, 2023 6:09:09 PM seedu.commands.EditCommand execute
INFO: Edit Command execute with /i 123 /t NEWTITLE
Nov 03, 2023 6:09:09 PM seedu.commands.EditCommand execute
WARNING: 
No such resource with given ISBN
____________________________________________________________

Nov 03, 2023 6:09:09 PM seedu.commands.EditCommand execute
INFO: Edit Command execute with /i 1 /g Horror
Nov 03, 2023 6:09:09 PM seedu.commands.EditCommand castResourceToBook
WARNING: 
Your resource is not a book!
____________________________________________________________

Nov 03, 2023 6:09:09 PM seedu.commands.EditCommand execute
INFO: Edit Command execute with /i 2 /t NEWTITLE
Nov 03, 2023 6:09:09 PM seedu.commands.EditCommand execute
INFO: Edit success
Nov 03, 2023 6:09:09 PM seedu.commands.EditCommand execute
INFO: Edit Command execute with /i 2 /g Horror, Action, Fantasy
Nov 03, 2023 6:09:09 PM seedu.commands.EditCommand execute
INFO: Edit success
Nov 03, 2023 6:09:09 PM seedu.commands.EditCommand execute
INFO: Edit Command execute with /i 9781250255174 /a Thomas
Nov 03, 2023 6:09:09 PM seedu.commands.EditCommand execute
INFO: Edit success
Nov 03, 2023 6:09:09 PM seedu.commands.EditCommand execute
INFO: Edit Command execute with /i 9781250255174 /s lost
Nov 03, 2023 6:09:09 PM seedu.commands.EditCommand execute
INFO: Edit success
Nov 03, 2023 6:10:40 PM seedu.commands.EditCommand execute
INFO: Edit Command execute with /i 2 /a NEWAUTHOR
Nov 03, 2023 6:10:40 PM seedu.commands.EditCommand execute
INFO: Edit success
Nov 03, 2023 6:10:40 PM seedu.commands.EditCommand execute
INFO: Edit Command execute with /i 123
Nov 03, 2023 6:10:40 PM seedu.commands.EditCommand execute
WARNING: 
Please provide at least one detail to edit!
____________________________________________________________

Nov 03, 2023 6:10:40 PM seedu.commands.EditCommand execute
INFO: Edit Command execute with /i 123 /t NEWTITLE
Nov 03, 2023 6:10:40 PM seedu.commands.EditCommand execute
WARNING: 
No such resource with given ISBN
____________________________________________________________

Nov 03, 2023 6:10:40 PM seedu.commands.EditCommand execute
INFO: Edit Command execute with /i 1 /g Horror
Nov 03, 2023 6:10:40 PM seedu.commands.EditCommand castResourceToBook
WARNING: 
Your resource is not a book!
____________________________________________________________

Nov 03, 2023 6:10:40 PM seedu.commands.EditCommand execute
INFO: Edit Command execute with /i 2 /t NEWTITLE
Nov 03, 2023 6:10:40 PM seedu.commands.EditCommand execute
INFO: Edit success
Nov 03, 2023 6:10:40 PM seedu.commands.EditCommand execute
INFO: Edit Command execute with /i 2 /g Horror, Action, Fantasy
Nov 03, 2023 6:10:40 PM seedu.commands.EditCommand execute
INFO: Edit success
Nov 03, 2023 6:10:40 PM seedu.commands.EditCommand execute
INFO: Edit Command execute with /i 9781250255174 /a Thomas
Nov 03, 2023 6:10:40 PM seedu.commands.EditCommand execute
INFO: Edit success
Nov 03, 2023 6:10:40 PM seedu.commands.EditCommand execute
INFO: Edit Command execute with /i 9781250255174 /s lost
Nov 03, 2023 6:10:40 PM seedu.commands.EditCommand execute
INFO: Edit success
Nov 04, 2023 12:34:40 AM seedu.commands.EditCommand execute
INFO: Edit Command execute with /i 2 /a NEWAUTHOR
Nov 04, 2023 12:34:40 AM seedu.commands.EditCommand execute
INFO: Edit success
Nov 04, 2023 12:34:40 AM seedu.commands.EditCommand execute
INFO: Edit Command execute with /i 123
Nov 04, 2023 12:34:40 AM seedu.commands.EditCommand execute
WARNING: 
Please provide at least one detail to edit!
____________________________________________________________

Nov 04, 2023 12:34:40 AM seedu.commands.EditCommand execute
INFO: Edit Command execute with /i 123 /t NEWTITLE
Nov 04, 2023 12:34:40 AM seedu.commands.EditCommand execute
WARNING: 
No such resource with given ISBN
____________________________________________________________

Nov 04, 2023 12:34:40 AM seedu.commands.EditCommand execute
INFO: Edit Command execute with /i 1 /g Horror
Nov 04, 2023 12:34:40 AM seedu.commands.EditCommand castResourceToBook
WARNING: 
Your resource is not a book!
____________________________________________________________

Nov 04, 2023 12:34:40 AM seedu.commands.EditCommand execute
INFO: Edit Command execute with /i 2 /t NEWTITLE
Nov 04, 2023 12:34:40 AM seedu.commands.EditCommand execute
INFO: Edit success
Nov 04, 2023 12:34:40 AM seedu.commands.EditCommand execute
INFO: Edit Command execute with /i 2 /g Horror, Action, Fantasy
Nov 04, 2023 12:34:40 AM seedu.commands.EditCommand execute
INFO: Edit success
Nov 04, 2023 12:50:24 AM seedu.commands.EditCommand execute
INFO: Edit Command execute with /i 2 /a NEWAUTHOR
Nov 04, 2023 12:50:24 AM seedu.commands.EditCommand execute
INFO: Edit success
Nov 04, 2023 12:50:24 AM seedu.commands.EditCommand execute
INFO: Edit Command execute with /i 123
Nov 04, 2023 12:50:24 AM seedu.commands.EditCommand execute
WARNING: 
Please provide at least one detail to edit!
____________________________________________________________

Nov 04, 2023 12:50:24 AM seedu.commands.EditCommand execute
INFO: Edit Command execute with /i 123 /t NEWTITLE
Nov 04, 2023 12:50:24 AM seedu.commands.EditCommand execute
WARNING: 
No such resource with given ISBN
____________________________________________________________

Nov 04, 2023 12:50:24 AM seedu.commands.EditCommand execute
INFO: Edit Command execute with /i 1 /g Horror
Nov 04, 2023 12:50:24 AM seedu.commands.EditCommand castResourceToBook
WARNING: 
Your resource is not a book!
____________________________________________________________

Nov 04, 2023 12:50:24 AM seedu.commands.EditCommand execute
INFO: Edit Command execute with /i 2 /t NEWTITLE
Nov 04, 2023 12:50:24 AM seedu.commands.EditCommand execute
INFO: Edit success
Nov 04, 2023 12:50:24 AM seedu.commands.EditCommand execute
INFO: Edit Command execute with /i 2 /g Horror, Action, Fantasy
Nov 04, 2023 12:50:24 AM seedu.commands.EditCommand execute
INFO: Edit success
Nov 04, 2023 12:50:24 AM seedu.commands.EditCommand execute
INFO: Edit Command execute with /i 9781250255174 /a Thomas
Nov 04, 2023 12:50:24 AM seedu.commands.EditCommand execute
INFO: Edit success
Nov 04, 2023 12:50:24 AM seedu.commands.EditCommand execute
INFO: Edit Command execute with /i 9781250255174 /s lost
Nov 04, 2023 12:50:24 AM seedu.commands.EditCommand execute
INFO: Edit success
Nov 04, 2023 12:51:05 AM seedu.commands.EditCommand execute
INFO: Edit Command execute with /i 2 /a NEWAUTHOR
Nov 04, 2023 12:51:05 AM seedu.commands.EditCommand execute
INFO: Edit success
Nov 04, 2023 12:51:05 AM seedu.commands.EditCommand execute
INFO: Edit Command execute with /i 123
Nov 04, 2023 12:51:05 AM seedu.commands.EditCommand execute
WARNING: 
Please provide at least one detail to edit!
____________________________________________________________

Nov 04, 2023 12:51:05 AM seedu.commands.EditCommand execute
INFO: Edit Command execute with /i 123 /t NEWTITLE
Nov 04, 2023 12:51:05 AM seedu.commands.EditCommand execute
WARNING: 
No such resource with given ISBN
____________________________________________________________

Nov 04, 2023 12:51:05 AM seedu.commands.EditCommand execute
INFO: Edit Command execute with /i 1 /g Horror
Nov 04, 2023 12:51:05 AM seedu.commands.EditCommand castResourceToBook
WARNING: 
Your resource is not a book!
____________________________________________________________

Nov 04, 2023 12:51:05 AM seedu.commands.EditCommand execute
INFO: Edit Command execute with /i 2 /t NEWTITLE
Nov 04, 2023 12:51:05 AM seedu.commands.EditCommand execute
INFO: Edit success
Nov 04, 2023 12:51:05 AM seedu.commands.EditCommand execute
INFO: Edit Command execute with /i 2 /g Horror, Action, Fantasy
Nov 04, 2023 12:51:05 AM seedu.commands.EditCommand execute
INFO: Edit success
Nov 04, 2023 12:51:05 AM seedu.commands.EditCommand execute
INFO: Edit Command execute with /i 9781250255174 /a Thomas
Nov 04, 2023 12:51:05 AM seedu.commands.EditCommand execute
INFO: Edit success
Nov 04, 2023 12:51:05 AM seedu.commands.EditCommand execute
INFO: Edit Command execute with /i 9781250255174 /s lost
Nov 04, 2023 12:51:05 AM seedu.commands.EditCommand execute
INFO: Edit success
Nov 04, 2023 12:51:48 AM seedu.commands.EditCommand execute
INFO: Edit Command execute with /i 2 /a NEWAUTHOR
Nov 04, 2023 12:51:48 AM seedu.commands.EditCommand execute
INFO: Edit success
Nov 04, 2023 12:51:48 AM seedu.commands.EditCommand execute
INFO: Edit Command execute with /i 123
Nov 04, 2023 12:51:48 AM seedu.commands.EditCommand execute
WARNING: 
Please provide at least one detail to edit!
____________________________________________________________

Nov 04, 2023 12:51:48 AM seedu.commands.EditCommand execute
INFO: Edit Command execute with /i 123 /t NEWTITLE
Nov 04, 2023 12:51:48 AM seedu.commands.EditCommand execute
WARNING: 
No such resource with given ISBN
____________________________________________________________

Nov 04, 2023 12:51:48 AM seedu.commands.EditCommand execute
INFO: Edit Command execute with /i 1 /g Horror
Nov 04, 2023 12:51:48 AM seedu.commands.EditCommand castResourceToBook
WARNING: 
Your resource is not a book!
____________________________________________________________

Nov 04, 2023 12:51:48 AM seedu.commands.EditCommand execute
INFO: Edit Command execute with /i 2 /t NEWTITLE
Nov 04, 2023 12:51:48 AM seedu.commands.EditCommand execute
INFO: Edit success
Nov 04, 2023 12:51:48 AM seedu.commands.EditCommand execute
INFO: Edit Command execute with /i 2 /g Horror, Action, Fantasy
Nov 04, 2023 12:51:48 AM seedu.commands.EditCommand execute
INFO: Edit success
Nov 04, 2023 12:51:48 AM seedu.commands.EditCommand execute
INFO: Edit Command execute with /i 9781250255174 /a Thomas
Nov 04, 2023 12:51:48 AM seedu.commands.EditCommand execute
INFO: Edit success
Nov 04, 2023 12:51:48 AM seedu.commands.EditCommand execute
INFO: Edit Command execute with /i 9781250255174 /s lost
Nov 04, 2023 12:51:48 AM seedu.commands.EditCommand execute
INFO: Edit success
Nov 04, 2023 12:52:04 AM seedu.commands.EditCommand execute
INFO: Edit Command execute with /i 2 /a NEWAUTHOR
Nov 04, 2023 12:52:04 AM seedu.commands.EditCommand execute
INFO: Edit success
Nov 04, 2023 12:52:04 AM seedu.commands.EditCommand execute
INFO: Edit Command execute with /i 123
Nov 04, 2023 12:52:04 AM seedu.commands.EditCommand execute
WARNING: 
Please provide at least one detail to edit!
____________________________________________________________

Nov 04, 2023 12:52:04 AM seedu.commands.EditCommand execute
INFO: Edit Command execute with /i 123 /t NEWTITLE
Nov 04, 2023 12:52:04 AM seedu.commands.EditCommand execute
WARNING: 
No such resource with given ISBN
____________________________________________________________

Nov 04, 2023 12:52:04 AM seedu.commands.EditCommand execute
INFO: Edit Command execute with /i 1 /g Horror
Nov 04, 2023 12:52:04 AM seedu.commands.EditCommand castResourceToBook
WARNING: 
Your resource is not a book!
____________________________________________________________

Nov 04, 2023 12:52:04 AM seedu.commands.EditCommand execute
INFO: Edit Command execute with /i 2 /t NEWTITLE
Nov 04, 2023 12:52:04 AM seedu.commands.EditCommand execute
INFO: Edit success
Nov 04, 2023 12:52:05 AM seedu.commands.EditCommand execute
INFO: Edit Command execute with /i 2 /g Horror, Action, Fantasy
Nov 04, 2023 12:52:05 AM seedu.commands.EditCommand execute
INFO: Edit success
Nov 04, 2023 12:52:05 AM seedu.commands.EditCommand execute
INFO: Edit Command execute with /i 9781250255174 /a Thomas
Nov 04, 2023 12:52:05 AM seedu.commands.EditCommand execute
INFO: Edit success
Nov 04, 2023 12:52:05 AM seedu.commands.EditCommand execute
INFO: Edit Command execute with /i 9781250255174 /s lost
Nov 04, 2023 12:52:05 AM seedu.commands.EditCommand execute
INFO: Edit success
Nov 04, 2023 12:53:08 AM seedu.commands.EditCommand execute
INFO: Edit Command execute with /i 2 /a NEWAUTHOR
Nov 04, 2023 12:53:08 AM seedu.commands.EditCommand execute
INFO: Edit success
Nov 04, 2023 12:53:08 AM seedu.commands.EditCommand execute
INFO: Edit Command execute with /i 123
Nov 04, 2023 12:53:08 AM seedu.commands.EditCommand execute
WARNING: 
Please provide at least one detail to edit!
____________________________________________________________

Nov 04, 2023 12:53:08 AM seedu.commands.EditCommand execute
INFO: Edit Command execute with /i 123 /t NEWTITLE
Nov 04, 2023 12:53:08 AM seedu.commands.EditCommand execute
WARNING: 
No such resource with given ISBN
____________________________________________________________

Nov 04, 2023 12:53:08 AM seedu.commands.EditCommand execute
INFO: Edit Command execute with /i 1 /g Horror
Nov 04, 2023 12:53:08 AM seedu.commands.EditCommand castResourceToBook
WARNING: 
Your resource is not a book!
____________________________________________________________

Nov 04, 2023 12:53:08 AM seedu.commands.EditCommand execute
INFO: Edit Command execute with /i 2 /t NEWTITLE
Nov 04, 2023 12:53:08 AM seedu.commands.EditCommand execute
INFO: Edit success
Nov 04, 2023 12:53:08 AM seedu.commands.EditCommand execute
INFO: Edit Command execute with /i 2 /g Horror, Action, Fantasy
Nov 04, 2023 12:53:08 AM seedu.commands.EditCommand execute
INFO: Edit success
Nov 04, 2023 12:53:09 AM seedu.commands.EditCommand execute
INFO: Edit Command execute with /i 9781250255174 /a Thomas
Nov 04, 2023 12:53:09 AM seedu.commands.EditCommand execute
INFO: Edit success
Nov 04, 2023 12:53:09 AM seedu.commands.EditCommand execute
INFO: Edit Command execute with /i 9781250255174 /s lost
Nov 04, 2023 12:53:09 AM seedu.commands.EditCommand execute
INFO: Edit success
Nov 05, 2023 3:10:58 PM seedu.commands.ListCommand execute
INFO: List Command execute with 
Nov 05, 2023 3:10:58 PM seedu.commands.ListCommand execute
INFO: List Command ends
Nov 07, 2023 10:43:21 AM seedu.commands.ListCommand execute
INFO: List Command execute with 
Nov 07, 2023 10:43:21 AM seedu.commands.ListCommand execute
INFO: List Command ends
Nov 07, 2023 10:52:03 AM seedu.commands.ListCommand execute
INFO: List Command execute with 
Nov 07, 2023 10:52:03 AM seedu.commands.ListCommand execute
INFO: List Command ends
Nov 07, 2023 10:56:20 AM seedu.commands.ListCommand execute
INFO: List Command execute with /tag
Nov 07, 2023 10:56:20 AM seedu.commands.ListCommand execute
INFO: List Command execute with /s AVAILABLE
Nov 07, 2023 10:56:20 AM seedu.commands.ListCommand execute
INFO: List Command ends
Nov 07, 2023 10:56:21 AM seedu.commands.ListCommand execute
INFO: List Command execute with /g
Nov 07, 2023 10:56:21 AM seedu.commands.ListCommand execute
INFO: List Command execute with /g Thriller
Nov 07, 2023 10:56:21 AM seedu.commands.ListCommand execute
INFO: List Command ends
Nov 07, 2023 10:56:21 AM seedu.commands.ListCommand execute
INFO: List Command execute with /s
Nov 07, 2023 10:56:21 AM seedu.commands.ListCommand execute
INFO: List Command execute with /g Horror
Nov 07, 2023 10:56:21 AM seedu.commands.ListCommand execute
INFO: List Command ends
Nov 07, 2023 10:56:21 AM seedu.commands.ListCommand execute
INFO: List Command execute with /g Adventure
Nov 07, 2023 10:56:21 AM seedu.commands.ListCommand execute
INFO: List Command ends
Nov 07, 2023 10:56:21 AM seedu.commands.ListCommand execute
INFO: List Command execute with /g Fiction
Nov 07, 2023 10:56:21 AM seedu.commands.ListCommand execute
INFO: List Command ends
Nov 07, 2023 10:56:21 AM seedu.commands.ListCommand execute
INFO: List Command execute with /tag B
Nov 07, 2023 10:56:21 AM seedu.commands.ListCommand execute
INFO: List Command ends
Nov 07, 2023 10:56:21 AM seedu.commands.ListCommand execute
INFO: List Command execute with 
Nov 07, 2023 10:56:21 AM seedu.commands.ListCommand execute
INFO: List Command ends
Nov 07, 2023 10:57:53 AM seedu.commands.ListCommand execute
INFO: List Command execute with /tag
Nov 07, 2023 10:57:53 AM seedu.commands.ListCommand execute
INFO: List Command execute with /s AVAILABLE
Nov 07, 2023 10:57:53 AM seedu.commands.ListCommand execute
INFO: List Command ends
Nov 07, 2023 10:57:53 AM seedu.commands.ListCommand execute
INFO: List Command execute with /g
Nov 07, 2023 10:57:53 AM seedu.commands.ListCommand execute
INFO: List Command execute with /g Thriller
Nov 07, 2023 10:57:53 AM seedu.commands.ListCommand execute
INFO: List Command ends
Nov 07, 2023 10:57:53 AM seedu.commands.ListCommand execute
INFO: List Command execute with /s
Nov 07, 2023 10:57:53 AM seedu.commands.ListCommand execute
INFO: List Command execute with /g Horror
Nov 07, 2023 10:57:53 AM seedu.commands.ListCommand execute
INFO: List Command ends
Nov 07, 2023 10:57:53 AM seedu.commands.ListCommand execute
INFO: List Command execute with /g Adventure
Nov 07, 2023 10:57:53 AM seedu.commands.ListCommand execute
INFO: List Command ends
Nov 07, 2023 10:57:53 AM seedu.commands.ListCommand execute
INFO: List Command execute with /g Fiction
Nov 07, 2023 10:57:53 AM seedu.commands.ListCommand execute
INFO: List Command ends
Nov 07, 2023 10:57:53 AM seedu.commands.ListCommand execute
INFO: List Command execute with /tag B
Nov 07, 2023 10:57:53 AM seedu.commands.ListCommand execute
INFO: List Command ends
Nov 07, 2023 10:57:53 AM seedu.commands.ListCommand execute
INFO: List Command execute with 
Nov 07, 2023 10:57:53 AM seedu.commands.ListCommand execute
INFO: List Command ends
Nov 07, 2023 10:58:13 AM seedu.commands.ListCommand execute
INFO: List Command execute with /tag
Nov 07, 2023 10:58:13 AM seedu.commands.ListCommand execute
INFO: List Command execute with /s AVAILABLE
Nov 07, 2023 10:58:13 AM seedu.commands.ListCommand execute
INFO: List Command ends
Nov 07, 2023 10:58:13 AM seedu.commands.ListCommand execute
INFO: List Command execute with /g
Nov 07, 2023 10:58:13 AM seedu.commands.ListCommand execute
INFO: List Command execute with /g Thriller
Nov 07, 2023 10:58:13 AM seedu.commands.ListCommand execute
INFO: List Command ends
Nov 07, 2023 10:58:13 AM seedu.commands.ListCommand execute
INFO: List Command execute with /s
Nov 07, 2023 10:58:13 AM seedu.commands.ListCommand execute
INFO: List Command execute with /g Horror
Nov 07, 2023 10:58:13 AM seedu.commands.ListCommand execute
INFO: List Command ends
Nov 07, 2023 10:58:13 AM seedu.commands.ListCommand execute
INFO: List Command execute with /g Adventure
Nov 07, 2023 10:58:13 AM seedu.commands.ListCommand execute
INFO: List Command ends
Nov 07, 2023 10:58:13 AM seedu.commands.ListCommand execute
INFO: List Command execute with /g Fiction
Nov 07, 2023 10:58:13 AM seedu.commands.ListCommand execute
INFO: List Command ends
Nov 07, 2023 10:58:13 AM seedu.commands.ListCommand execute
INFO: List Command execute with /tag B
Nov 07, 2023 10:58:13 AM seedu.commands.ListCommand execute
INFO: List Command ends
Nov 07, 2023 10:58:13 AM seedu.commands.ListCommand execute
INFO: List Command execute with 
Nov 07, 2023 10:58:13 AM seedu.commands.ListCommand execute
INFO: List Command ends
Nov 07, 2023 10:58:48 AM seedu.commands.ListCommand execute
INFO: List Command execute with /tag
Nov 07, 2023 10:58:48 AM seedu.commands.ListCommand execute
INFO: List Command execute with /s AVAILABLE
Nov 07, 2023 10:58:48 AM seedu.commands.ListCommand execute
INFO: List Command ends
Nov 07, 2023 10:58:48 AM seedu.commands.ListCommand execute
INFO: List Command execute with /g
Nov 07, 2023 10:58:48 AM seedu.commands.ListCommand execute
INFO: List Command execute with /g Thriller
Nov 07, 2023 10:58:48 AM seedu.commands.ListCommand execute
INFO: List Command ends
Nov 07, 2023 10:58:48 AM seedu.commands.ListCommand execute
INFO: List Command execute with /s
Nov 07, 2023 10:58:48 AM seedu.commands.ListCommand execute
INFO: List Command execute with /g Horror
Nov 07, 2023 10:58:48 AM seedu.commands.ListCommand execute
INFO: List Command ends
Nov 07, 2023 10:58:48 AM seedu.commands.ListCommand execute
INFO: List Command execute with /g Adventure
Nov 07, 2023 10:58:48 AM seedu.commands.ListCommand execute
INFO: List Command ends
Nov 07, 2023 10:58:48 AM seedu.commands.ListCommand execute
INFO: List Command execute with /g Fiction
Nov 07, 2023 10:58:48 AM seedu.commands.ListCommand execute
INFO: List Command ends
Nov 07, 2023 10:58:48 AM seedu.commands.ListCommand execute
INFO: List Command execute with /tag B
Nov 07, 2023 10:58:48 AM seedu.commands.ListCommand execute
INFO: List Command ends
Nov 07, 2023 10:58:48 AM seedu.commands.ListCommand execute
INFO: List Command execute with 
Nov 07, 2023 10:58:48 AM seedu.commands.ListCommand execute
INFO: List Command ends
Nov 07, 2023 10:59:55 AM seedu.commands.ListCommand execute
INFO: List Command execute with /tag
Nov 07, 2023 10:59:55 AM seedu.commands.ListCommand execute
INFO: List Command execute with /s AVAILABLE
Nov 07, 2023 10:59:55 AM seedu.commands.ListCommand execute
INFO: List Command ends
Nov 07, 2023 10:59:55 AM seedu.commands.ListCommand execute
INFO: List Command execute with /g
Nov 07, 2023 10:59:55 AM seedu.commands.ListCommand execute
INFO: List Command execute with /g Thriller
Nov 07, 2023 10:59:55 AM seedu.commands.ListCommand execute
INFO: List Command ends
Nov 07, 2023 10:59:55 AM seedu.commands.ListCommand execute
INFO: List Command execute with /s
Nov 07, 2023 10:59:55 AM seedu.commands.ListCommand execute
INFO: List Command execute with /g Horror
Nov 07, 2023 10:59:55 AM seedu.commands.ListCommand execute
INFO: List Command ends
Nov 07, 2023 10:59:55 AM seedu.commands.ListCommand execute
INFO: List Command execute with /g Adventure
Nov 07, 2023 10:59:55 AM seedu.commands.ListCommand execute
INFO: List Command ends
Nov 07, 2023 10:59:55 AM seedu.commands.ListCommand execute
INFO: List Command execute with /g Fiction
Nov 07, 2023 10:59:55 AM seedu.commands.ListCommand execute
INFO: List Command ends
Nov 07, 2023 10:59:55 AM seedu.commands.ListCommand execute
INFO: List Command execute with /tag B
Nov 07, 2023 10:59:55 AM seedu.commands.ListCommand execute
INFO: List Command ends
Nov 07, 2023 10:59:55 AM seedu.commands.ListCommand execute
INFO: List Command execute with 
Nov 07, 2023 10:59:55 AM seedu.commands.ListCommand execute
INFO: List Command ends
Nov 07, 2023 11:01:52 AM seedu.commands.ListCommand execute
INFO: List Command execute with /tag
Nov 07, 2023 11:01:52 AM seedu.commands.ListCommand execute
INFO: List Command execute with /s AVAILABLE
Nov 07, 2023 11:01:52 AM seedu.commands.ListCommand execute
INFO: List Command ends
Nov 07, 2023 11:01:52 AM seedu.commands.ListCommand execute
INFO: List Command execute with /g
Nov 07, 2023 11:01:52 AM seedu.commands.ListCommand execute
INFO: List Command execute with /g Thriller
Nov 07, 2023 11:01:52 AM seedu.commands.ListCommand execute
INFO: List Command ends
Nov 07, 2023 11:01:52 AM seedu.commands.ListCommand execute
INFO: List Command execute with /s
Nov 07, 2023 11:01:52 AM seedu.commands.ListCommand execute
INFO: List Command execute with /g Horror
Nov 07, 2023 11:01:52 AM seedu.commands.ListCommand execute
INFO: List Command ends
Nov 07, 2023 11:01:52 AM seedu.commands.ListCommand execute
INFO: List Command execute with /g Adventure
Nov 07, 2023 11:01:52 AM seedu.commands.ListCommand execute
INFO: List Command ends
Nov 07, 2023 11:01:52 AM seedu.commands.ListCommand execute
INFO: List Command execute with /g Fiction
Nov 07, 2023 11:01:52 AM seedu.commands.ListCommand execute
INFO: List Command ends
Nov 07, 2023 11:01:52 AM seedu.commands.ListCommand execute
INFO: List Command execute with /tag B
Nov 07, 2023 11:01:52 AM seedu.commands.ListCommand execute
INFO: List Command ends
Nov 07, 2023 11:01:52 AM seedu.commands.ListCommand execute
INFO: List Command execute with 
Nov 07, 2023 11:01:52 AM seedu.commands.ListCommand execute
INFO: List Command ends
Nov 07, 2023 11:03:36 AM seedu.commands.ListCommand execute
INFO: List Command execute with /tag
Nov 07, 2023 11:03:36 AM seedu.commands.ListCommand execute
INFO: List Command execute with /s AVAILABLE
Nov 07, 2023 11:03:36 AM seedu.commands.ListCommand execute
INFO: List Command ends
Nov 07, 2023 11:03:36 AM seedu.commands.ListCommand execute
INFO: List Command execute with /g
Nov 07, 2023 11:03:36 AM seedu.commands.ListCommand execute
INFO: List Command execute with /g Thriller
Nov 07, 2023 11:03:36 AM seedu.commands.ListCommand execute
INFO: List Command ends
Nov 07, 2023 11:03:36 AM seedu.commands.ListCommand execute
INFO: List Command execute with /s
Nov 07, 2023 11:03:36 AM seedu.commands.ListCommand execute
INFO: List Command execute with /g Horror
Nov 07, 2023 11:03:36 AM seedu.commands.ListCommand execute
INFO: List Command ends
Nov 07, 2023 11:03:36 AM seedu.commands.ListCommand execute
INFO: List Command execute with /g Adventure
Nov 07, 2023 11:03:36 AM seedu.commands.ListCommand execute
INFO: List Command ends
Nov 07, 2023 11:03:36 AM seedu.commands.ListCommand execute
INFO: List Command execute with /g Fiction
Nov 07, 2023 11:03:36 AM seedu.commands.ListCommand execute
INFO: List Command ends
Nov 07, 2023 11:03:36 AM seedu.commands.ListCommand execute
INFO: List Command execute with /tag B
Nov 07, 2023 11:03:36 AM seedu.commands.ListCommand execute
INFO: List Command ends
Nov 07, 2023 11:03:36 AM seedu.commands.ListCommand execute
INFO: List Command execute with 
Nov 07, 2023 11:03:36 AM seedu.commands.ListCommand execute
INFO: List Command ends
Nov 07, 2023 11:04:02 AM seedu.commands.ListCommand execute
INFO: List Command execute with /tag
Nov 07, 2023 11:04:02 AM seedu.commands.ListCommand execute
INFO: List Command execute with /s AVAILABLE
Nov 07, 2023 11:04:02 AM seedu.commands.ListCommand execute
INFO: List Command ends
Nov 07, 2023 11:04:02 AM seedu.commands.ListCommand execute
INFO: List Command execute with /g
Nov 07, 2023 11:04:02 AM seedu.commands.ListCommand execute
INFO: List Command execute with /g Thriller
Nov 07, 2023 11:04:02 AM seedu.commands.ListCommand execute
INFO: List Command ends
Nov 07, 2023 11:04:02 AM seedu.commands.ListCommand execute
INFO: List Command execute with /s
Nov 07, 2023 11:04:02 AM seedu.commands.ListCommand execute
INFO: List Command execute with /g Horror
Nov 07, 2023 11:04:02 AM seedu.commands.ListCommand execute
INFO: List Command ends
Nov 07, 2023 11:04:02 AM seedu.commands.ListCommand execute
INFO: List Command execute with /g Adventure
Nov 07, 2023 11:04:02 AM seedu.commands.ListCommand execute
INFO: List Command ends
Nov 07, 2023 11:04:02 AM seedu.commands.ListCommand execute
INFO: List Command execute with /g Fiction
Nov 07, 2023 11:04:02 AM seedu.commands.ListCommand execute
INFO: List Command ends
Nov 07, 2023 11:04:02 AM seedu.commands.ListCommand execute
INFO: List Command execute with /tag B
Nov 07, 2023 11:04:02 AM seedu.commands.ListCommand execute
INFO: List Command ends
Nov 07, 2023 11:04:02 AM seedu.commands.ListCommand execute
INFO: List Command execute with 
Nov 07, 2023 11:04:02 AM seedu.commands.ListCommand execute
INFO: List Command ends
Nov 07, 2023 11:05:58 AM seedu.commands.ListCommand execute
INFO: List Command execute with /tag
Nov 07, 2023 11:05:58 AM seedu.commands.ListCommand execute
INFO: List Command execute with /s AVAILABLE
Nov 07, 2023 11:05:58 AM seedu.commands.ListCommand execute
INFO: List Command ends
Nov 07, 2023 11:05:58 AM seedu.commands.ListCommand execute
INFO: List Command execute with /g
Nov 07, 2023 11:05:58 AM seedu.commands.ListCommand execute
INFO: List Command execute with /g Thriller
Nov 07, 2023 11:05:58 AM seedu.commands.ListCommand execute
INFO: List Command ends
Nov 07, 2023 11:05:58 AM seedu.commands.ListCommand execute
INFO: List Command execute with /s
Nov 07, 2023 11:05:58 AM seedu.commands.ListCommand execute
INFO: List Command execute with /g Horror
Nov 07, 2023 11:05:58 AM seedu.commands.ListCommand execute
INFO: List Command ends
Nov 07, 2023 11:05:58 AM seedu.commands.ListCommand execute
INFO: List Command execute with /g Adventure
Nov 07, 2023 11:05:58 AM seedu.commands.ListCommand execute
INFO: List Command ends
Nov 07, 2023 11:05:58 AM seedu.commands.ListCommand execute
INFO: List Command execute with /g Fiction
Nov 07, 2023 11:05:58 AM seedu.commands.ListCommand execute
INFO: List Command ends
Nov 07, 2023 11:05:58 AM seedu.commands.ListCommand execute
INFO: List Command execute with /tag B
Nov 07, 2023 11:05:58 AM seedu.commands.ListCommand execute
INFO: List Command ends
Nov 07, 2023 11:05:58 AM seedu.commands.ListCommand execute
INFO: List Command execute with 
Nov 07, 2023 11:05:58 AM seedu.commands.ListCommand execute
INFO: List Command ends
Nov 07, 2023 11:08:11 AM seedu.commands.ListCommand execute
INFO: List Command execute with /tag
Nov 07, 2023 11:08:11 AM seedu.commands.ListCommand execute
INFO: List Command execute with /s AVAILABLE
Nov 07, 2023 11:08:11 AM seedu.commands.ListCommand execute
INFO: List Command ends
Nov 07, 2023 11:08:11 AM seedu.commands.ListCommand execute
INFO: List Command execute with /g
Nov 07, 2023 11:08:11 AM seedu.commands.ListCommand execute
INFO: List Command execute with /g Thriller
Nov 07, 2023 11:08:11 AM seedu.commands.ListCommand execute
INFO: List Command ends
Nov 07, 2023 11:08:11 AM seedu.commands.ListCommand execute
INFO: List Command execute with /s
Nov 07, 2023 11:08:11 AM seedu.commands.ListCommand execute
INFO: List Command execute with /g Horror
Nov 07, 2023 11:08:11 AM seedu.commands.ListCommand execute
INFO: List Command ends
Nov 07, 2023 11:08:11 AM seedu.commands.ListCommand execute
INFO: List Command execute with /g Adventure
Nov 07, 2023 11:08:11 AM seedu.commands.ListCommand execute
INFO: List Command ends
Nov 07, 2023 11:08:11 AM seedu.commands.ListCommand execute
INFO: List Command execute with /g Fiction
Nov 07, 2023 11:08:11 AM seedu.commands.ListCommand execute
INFO: List Command ends
Nov 07, 2023 11:08:11 AM seedu.commands.ListCommand execute
INFO: List Command execute with /tag B
Nov 07, 2023 11:08:11 AM seedu.commands.ListCommand execute
INFO: List Command ends
Nov 07, 2023 11:08:11 AM seedu.commands.ListCommand execute
INFO: List Command execute with 
Nov 07, 2023 11:08:11 AM seedu.commands.ListCommand execute
INFO: List Command ends
Nov 07, 2023 11:12:47 AM seedu.commands.ListCommand execute
INFO: List Command execute with /tag
Nov 07, 2023 11:12:47 AM seedu.commands.ListCommand execute
INFO: List Command execute with /s AVAILABLE
Nov 07, 2023 11:12:47 AM seedu.commands.ListCommand execute
INFO: List Command ends
Nov 07, 2023 11:12:47 AM seedu.commands.ListCommand execute
INFO: List Command execute with /g
Nov 07, 2023 11:12:47 AM seedu.commands.ListCommand execute
INFO: List Command execute with /g Thriller
Nov 07, 2023 11:12:47 AM seedu.commands.ListCommand execute
INFO: List Command ends
Nov 07, 2023 11:12:47 AM seedu.commands.ListCommand execute
INFO: List Command execute with /s
Nov 07, 2023 11:12:47 AM seedu.commands.ListCommand execute
INFO: List Command execute with /g Horror
Nov 07, 2023 11:12:47 AM seedu.commands.ListCommand execute
INFO: List Command ends
Nov 07, 2023 11:12:47 AM seedu.commands.ListCommand execute
INFO: List Command execute with /g Adventure
Nov 07, 2023 11:12:47 AM seedu.commands.ListCommand execute
INFO: List Command ends
Nov 07, 2023 11:12:47 AM seedu.commands.ListCommand execute
INFO: List Command execute with /g Fiction
Nov 07, 2023 11:12:47 AM seedu.commands.ListCommand execute
INFO: List Command ends
Nov 07, 2023 11:12:47 AM seedu.commands.ListCommand execute
INFO: List Command execute with /tag B
Nov 07, 2023 11:12:47 AM seedu.commands.ListCommand execute
INFO: List Command ends
Nov 07, 2023 11:12:47 AM seedu.commands.ListCommand execute
INFO: List Command execute with 
Nov 07, 2023 11:12:47 AM seedu.commands.ListCommand execute
INFO: List Command ends
Nov 07, 2023 1:19:03 PM seedu.commands.ListCommand execute
INFO: List Command execute with /tag
Nov 07, 2023 1:19:03 PM seedu.commands.ListCommand execute
INFO: List Command execute with /s AVAILABLE
Nov 07, 2023 1:19:03 PM seedu.commands.ListCommand execute
INFO: List Command ends
Nov 07, 2023 1:19:03 PM seedu.commands.ListCommand execute
INFO: List Command execute with /g
Nov 07, 2023 1:19:03 PM seedu.commands.ListCommand execute
INFO: List Command execute with /g Thriller
Nov 07, 2023 1:19:03 PM seedu.commands.ListCommand execute
INFO: List Command ends
Nov 07, 2023 1:19:03 PM seedu.commands.ListCommand execute
INFO: List Command execute with /s
Nov 07, 2023 1:19:03 PM seedu.commands.ListCommand execute
INFO: List Command execute with /g Horror
Nov 07, 2023 1:19:03 PM seedu.commands.ListCommand execute
INFO: List Command ends
Nov 07, 2023 1:19:03 PM seedu.commands.ListCommand execute
INFO: List Command execute with /g Adventure
Nov 07, 2023 1:19:03 PM seedu.commands.ListCommand execute
INFO: List Command ends
Nov 07, 2023 1:19:03 PM seedu.commands.ListCommand execute
INFO: List Command execute with /g Fiction
Nov 07, 2023 1:19:03 PM seedu.commands.ListCommand execute
INFO: List Command ends
Nov 07, 2023 1:19:03 PM seedu.commands.ListCommand execute
INFO: List Command execute with /tag B
Nov 07, 2023 1:19:03 PM seedu.commands.ListCommand execute
INFO: List Command ends
Nov 07, 2023 1:19:03 PM seedu.commands.ListCommand execute
INFO: List Command execute with 
Nov 07, 2023 1:19:03 PM seedu.commands.ListCommand execute
INFO: List Command ends
Nov 07, 2023 1:20:24 PM seedu.commands.ListCommand execute
INFO: List Command execute with /tag
Nov 07, 2023 1:20:24 PM seedu.commands.ListCommand execute
INFO: List Command execute with /s AVAILABLE
Nov 07, 2023 1:20:24 PM seedu.commands.ListCommand execute
INFO: List Command ends
Nov 07, 2023 1:20:24 PM seedu.commands.ListCommand execute
INFO: List Command execute with /g
Nov 07, 2023 1:20:24 PM seedu.commands.ListCommand execute
INFO: List Command execute with /g Thriller
Nov 07, 2023 1:20:24 PM seedu.commands.ListCommand execute
INFO: List Command ends
Nov 07, 2023 1:20:24 PM seedu.commands.ListCommand execute
INFO: List Command execute with /s
Nov 07, 2023 1:20:24 PM seedu.commands.ListCommand execute
INFO: List Command execute with /g Horror
Nov 07, 2023 1:20:24 PM seedu.commands.ListCommand execute
INFO: List Command ends
Nov 07, 2023 1:20:24 PM seedu.commands.ListCommand execute
INFO: List Command execute with /g Adventure
Nov 07, 2023 1:20:24 PM seedu.commands.ListCommand execute
INFO: List Command ends
Nov 07, 2023 1:20:24 PM seedu.commands.ListCommand execute
INFO: List Command execute with /g Fiction
Nov 07, 2023 1:20:24 PM seedu.commands.ListCommand execute
INFO: List Command ends
Nov 07, 2023 1:20:24 PM seedu.commands.ListCommand execute
INFO: List Command execute with /tag B
Nov 07, 2023 1:20:24 PM seedu.commands.ListCommand execute
INFO: List Command ends
Nov 07, 2023 1:20:24 PM seedu.commands.ListCommand execute
INFO: List Command execute with 
Nov 07, 2023 1:20:24 PM seedu.commands.ListCommand execute
INFO: List Command ends
Nov 07, 2023 1:24:49 PM seedu.commands.ListCommand execute
INFO: List Command execute with /tag
Nov 07, 2023 1:24:49 PM seedu.commands.ListCommand execute
INFO: List Command execute with /s AVAILABLE
Nov 07, 2023 1:24:49 PM seedu.commands.ListCommand execute
INFO: List Command ends
Nov 07, 2023 1:24:49 PM seedu.commands.ListCommand execute
INFO: List Command execute with /g
Nov 07, 2023 1:24:49 PM seedu.commands.ListCommand execute
INFO: List Command execute with /g Thriller
Nov 07, 2023 1:24:49 PM seedu.commands.ListCommand execute
INFO: List Command ends
Nov 07, 2023 1:24:49 PM seedu.commands.ListCommand execute
INFO: List Command execute with /s
Nov 07, 2023 1:24:49 PM seedu.commands.ListCommand execute
INFO: List Command execute with /g Horror
Nov 07, 2023 1:24:49 PM seedu.commands.ListCommand execute
INFO: List Command ends
Nov 07, 2023 1:24:49 PM seedu.commands.ListCommand execute
INFO: List Command execute with /g Adventure
Nov 07, 2023 1:24:49 PM seedu.commands.ListCommand execute
INFO: List Command ends
Nov 07, 2023 1:24:49 PM seedu.commands.ListCommand execute
INFO: List Command execute with /g Fiction
Nov 07, 2023 1:24:49 PM seedu.commands.ListCommand execute
INFO: List Command ends
Nov 07, 2023 1:24:49 PM seedu.commands.ListCommand execute
INFO: List Command execute with /tag B
Nov 07, 2023 1:24:49 PM seedu.commands.ListCommand execute
INFO: List Command ends
Nov 07, 2023 1:24:49 PM seedu.commands.ListCommand execute
INFO: List Command execute with 
Nov 07, 2023 1:24:49 PM seedu.commands.ListCommand execute
INFO: List Command ends
Nov 07, 2023 1:25:43 PM seedu.commands.ListCommand execute
INFO: List Command execute with /tag
Nov 07, 2023 1:25:43 PM seedu.commands.ListCommand execute
INFO: List Command execute with /s AVAILABLE
Nov 07, 2023 1:25:43 PM seedu.commands.ListCommand execute
INFO: List Command ends
Nov 07, 2023 1:25:43 PM seedu.commands.ListCommand execute
INFO: List Command execute with /g
Nov 07, 2023 1:25:43 PM seedu.commands.ListCommand execute
INFO: List Command execute with /g Thriller
Nov 07, 2023 1:25:43 PM seedu.commands.ListCommand execute
INFO: List Command ends
Nov 07, 2023 1:25:43 PM seedu.commands.ListCommand execute
INFO: List Command execute with /s
Nov 07, 2023 1:25:43 PM seedu.commands.ListCommand execute
INFO: List Command execute with /g Horror
Nov 07, 2023 1:25:43 PM seedu.commands.ListCommand execute
INFO: List Command ends
Nov 07, 2023 1:25:43 PM seedu.commands.ListCommand execute
INFO: List Command execute with /g Adventure
Nov 07, 2023 1:25:43 PM seedu.commands.ListCommand execute
INFO: List Command ends
Nov 07, 2023 1:25:43 PM seedu.commands.ListCommand execute
INFO: List Command execute with /g Fiction
Nov 07, 2023 1:25:43 PM seedu.commands.ListCommand execute
INFO: List Command ends
Nov 07, 2023 1:25:43 PM seedu.commands.ListCommand execute
INFO: List Command execute with /tag B
Nov 07, 2023 1:25:43 PM seedu.commands.ListCommand execute
INFO: List Command ends
Nov 07, 2023 1:25:43 PM seedu.commands.ListCommand execute
INFO: List Command execute with 
Nov 07, 2023 1:25:43 PM seedu.commands.ListCommand execute
INFO: List Command ends
Nov 07, 2023 1:26:11 PM seedu.commands.ListCommand execute
INFO: List Command execute with /tag
Nov 07, 2023 1:26:11 PM seedu.commands.ListCommand execute
INFO: List Command execute with /s AVAILABLE
Nov 07, 2023 1:26:11 PM seedu.commands.ListCommand execute
INFO: List Command ends
Nov 07, 2023 1:26:11 PM seedu.commands.ListCommand execute
INFO: List Command execute with /g
Nov 07, 2023 1:26:11 PM seedu.commands.ListCommand execute
INFO: List Command execute with /g Thriller
Nov 07, 2023 1:26:11 PM seedu.commands.ListCommand execute
INFO: List Command ends
Nov 07, 2023 1:26:11 PM seedu.commands.ListCommand execute
INFO: List Command execute with /s
Nov 07, 2023 1:26:11 PM seedu.commands.ListCommand execute
INFO: List Command execute with /g Horror
Nov 07, 2023 1:26:11 PM seedu.commands.ListCommand execute
INFO: List Command ends
Nov 07, 2023 1:26:11 PM seedu.commands.ListCommand execute
INFO: List Command execute with /g Adventure
Nov 07, 2023 1:26:11 PM seedu.commands.ListCommand execute
INFO: List Command ends
Nov 07, 2023 1:26:11 PM seedu.commands.ListCommand execute
INFO: List Command execute with /g Fiction
Nov 07, 2023 1:26:11 PM seedu.commands.ListCommand execute
INFO: List Command ends
Nov 07, 2023 1:26:11 PM seedu.commands.ListCommand execute
INFO: List Command execute with /tag B
Nov 07, 2023 1:26:11 PM seedu.commands.ListCommand execute
INFO: List Command ends
Nov 07, 2023 1:26:11 PM seedu.commands.ListCommand execute
INFO: List Command execute with 
Nov 07, 2023 1:26:11 PM seedu.commands.ListCommand execute
INFO: List Command ends
Nov 07, 2023 1:26:31 PM seedu.commands.ListCommand execute
INFO: List Command execute with /tag
Nov 07, 2023 1:26:31 PM seedu.commands.ListCommand execute
INFO: List Command execute with /s AVAILABLE
Nov 07, 2023 1:26:31 PM seedu.commands.ListCommand execute
INFO: List Command ends
Nov 07, 2023 1:26:31 PM seedu.commands.ListCommand execute
INFO: List Command execute with /g
Nov 07, 2023 1:26:31 PM seedu.commands.ListCommand execute
INFO: List Command execute with /g Thriller
Nov 07, 2023 1:26:31 PM seedu.commands.ListCommand execute
INFO: List Command ends
Nov 07, 2023 1:26:31 PM seedu.commands.ListCommand execute
INFO: List Command execute with /s
Nov 07, 2023 1:26:31 PM seedu.commands.ListCommand execute
INFO: List Command execute with /g Horror
Nov 07, 2023 1:26:31 PM seedu.commands.ListCommand execute
INFO: List Command ends
Nov 07, 2023 1:26:31 PM seedu.commands.ListCommand execute
INFO: List Command execute with /g Adventure
Nov 07, 2023 1:26:31 PM seedu.commands.ListCommand execute
INFO: List Command ends
Nov 07, 2023 1:26:31 PM seedu.commands.ListCommand execute
INFO: List Command execute with /g Fiction
Nov 07, 2023 1:26:31 PM seedu.commands.ListCommand execute
INFO: List Command ends
Nov 07, 2023 1:26:31 PM seedu.commands.ListCommand execute
INFO: List Command execute with /tag B
Nov 07, 2023 1:26:31 PM seedu.commands.ListCommand execute
INFO: List Command ends
Nov 07, 2023 1:26:31 PM seedu.commands.ListCommand execute
INFO: List Command execute with 
Nov 07, 2023 1:26:31 PM seedu.commands.ListCommand execute
INFO: List Command ends
Nov 07, 2023 1:26:43 PM seedu.commands.ListCommand execute
INFO: List Command execute with /tag
Nov 07, 2023 1:26:43 PM seedu.commands.ListCommand execute
INFO: List Command execute with /s AVAILABLE
Nov 07, 2023 1:26:43 PM seedu.commands.ListCommand execute
INFO: List Command ends
Nov 07, 2023 1:26:43 PM seedu.commands.ListCommand execute
INFO: List Command execute with /g
Nov 07, 2023 1:26:43 PM seedu.commands.ListCommand execute
INFO: List Command execute with /g Thriller
Nov 07, 2023 1:26:43 PM seedu.commands.ListCommand execute
INFO: List Command ends
Nov 07, 2023 1:26:43 PM seedu.commands.ListCommand execute
INFO: List Command execute with /s
Nov 07, 2023 1:26:43 PM seedu.commands.ListCommand execute
INFO: List Command execute with /g Horror
Nov 07, 2023 1:26:43 PM seedu.commands.ListCommand execute
INFO: List Command ends
Nov 07, 2023 1:26:43 PM seedu.commands.ListCommand execute
INFO: List Command execute with /g Adventure
Nov 07, 2023 1:26:43 PM seedu.commands.ListCommand execute
INFO: List Command ends
Nov 07, 2023 1:26:43 PM seedu.commands.ListCommand execute
INFO: List Command execute with /g Fiction
Nov 07, 2023 1:26:43 PM seedu.commands.ListCommand execute
INFO: List Command ends
Nov 07, 2023 1:26:43 PM seedu.commands.ListCommand execute
INFO: List Command execute with /tag B
Nov 07, 2023 1:26:43 PM seedu.commands.ListCommand execute
INFO: List Command ends
Nov 07, 2023 1:26:43 PM seedu.commands.ListCommand execute
INFO: List Command execute with 
Nov 07, 2023 1:26:43 PM seedu.commands.ListCommand execute
INFO: List Command ends
Nov 07, 2023 1:29:05 PM seedu.commands.ListCommand execute
INFO: List Command execute with /tag
Nov 07, 2023 1:29:05 PM seedu.commands.ListCommand execute
INFO: List Command execute with /s AVAILABLE
Nov 07, 2023 1:29:05 PM seedu.commands.ListCommand execute
INFO: List Command ends
Nov 07, 2023 1:29:05 PM seedu.commands.ListCommand execute
INFO: List Command execute with /g
Nov 07, 2023 1:29:05 PM seedu.commands.ListCommand execute
INFO: List Command execute with /g Thriller
Nov 07, 2023 1:29:05 PM seedu.commands.ListCommand execute
INFO: List Command ends
Nov 07, 2023 1:29:05 PM seedu.commands.ListCommand execute
INFO: List Command execute with /s
Nov 07, 2023 1:29:05 PM seedu.commands.ListCommand execute
INFO: List Command execute with /g Horror
Nov 07, 2023 1:29:05 PM seedu.commands.ListCommand execute
INFO: List Command ends
Nov 07, 2023 1:29:05 PM seedu.commands.ListCommand execute
INFO: List Command execute with /g Adventure
Nov 07, 2023 1:29:05 PM seedu.commands.ListCommand execute
INFO: List Command ends
Nov 07, 2023 1:29:05 PM seedu.commands.ListCommand execute
INFO: List Command execute with /g Fiction
Nov 07, 2023 1:29:05 PM seedu.commands.ListCommand execute
INFO: List Command ends
Nov 07, 2023 1:29:05 PM seedu.commands.ListCommand execute
INFO: List Command execute with /tag B
Nov 07, 2023 1:29:05 PM seedu.commands.ListCommand execute
INFO: List Command ends
Nov 07, 2023 1:29:05 PM seedu.commands.ListCommand execute
INFO: List Command execute with 
Nov 07, 2023 1:29:05 PM seedu.commands.ListCommand execute
INFO: List Command ends
Nov 07, 2023 1:29:28 PM seedu.commands.ListCommand execute
INFO: List Command execute with /tag
Nov 07, 2023 1:29:28 PM seedu.commands.ListCommand execute
INFO: List Command execute with /s AVAILABLE
Nov 07, 2023 1:29:28 PM seedu.commands.ListCommand execute
INFO: List Command ends
Nov 07, 2023 1:29:28 PM seedu.commands.ListCommand execute
INFO: List Command execute with /g
Nov 07, 2023 1:29:28 PM seedu.commands.ListCommand execute
INFO: List Command execute with /g Thriller
Nov 07, 2023 1:29:28 PM seedu.commands.ListCommand execute
INFO: List Command ends
Nov 07, 2023 1:29:28 PM seedu.commands.ListCommand execute
INFO: List Command execute with /s
Nov 07, 2023 1:29:28 PM seedu.commands.ListCommand execute
INFO: List Command execute with /g Horror
Nov 07, 2023 1:29:28 PM seedu.commands.ListCommand execute
INFO: List Command ends
Nov 07, 2023 1:29:28 PM seedu.commands.ListCommand execute
INFO: List Command execute with /g Adventure
Nov 07, 2023 1:29:28 PM seedu.commands.ListCommand execute
INFO: List Command ends
Nov 07, 2023 1:29:28 PM seedu.commands.ListCommand execute
INFO: List Command execute with /g Fiction
Nov 07, 2023 1:29:28 PM seedu.commands.ListCommand execute
INFO: List Command ends
Nov 07, 2023 1:29:28 PM seedu.commands.ListCommand execute
INFO: List Command execute with /tag B
Nov 07, 2023 1:29:28 PM seedu.commands.ListCommand execute
INFO: List Command ends
Nov 07, 2023 1:29:28 PM seedu.commands.ListCommand execute
INFO: List Command execute with 
Nov 07, 2023 1:29:28 PM seedu.commands.ListCommand execute
INFO: List Command ends
Nov 07, 2023 1:29:40 PM seedu.commands.ListCommand execute
INFO: List Command execute with /tag
Nov 07, 2023 1:29:40 PM seedu.commands.ListCommand execute
INFO: List Command execute with /s AVAILABLE
Nov 07, 2023 1:29:40 PM seedu.commands.ListCommand execute
INFO: List Command ends
Nov 07, 2023 1:29:40 PM seedu.commands.ListCommand execute
INFO: List Command execute with /g
Nov 07, 2023 1:29:40 PM seedu.commands.ListCommand execute
INFO: List Command execute with /g Thriller
Nov 07, 2023 1:29:40 PM seedu.commands.ListCommand execute
INFO: List Command ends
Nov 07, 2023 1:29:40 PM seedu.commands.ListCommand execute
INFO: List Command execute with /s
Nov 07, 2023 1:29:40 PM seedu.commands.ListCommand execute
INFO: List Command execute with /g Horror
Nov 07, 2023 1:29:40 PM seedu.commands.ListCommand execute
INFO: List Command ends
Nov 07, 2023 1:29:40 PM seedu.commands.ListCommand execute
INFO: List Command execute with /g Adventure
Nov 07, 2023 1:29:40 PM seedu.commands.ListCommand execute
INFO: List Command ends
Nov 07, 2023 1:29:40 PM seedu.commands.ListCommand execute
INFO: List Command execute with /g Fiction
Nov 07, 2023 1:29:40 PM seedu.commands.ListCommand execute
INFO: List Command ends
Nov 07, 2023 1:29:40 PM seedu.commands.ListCommand execute
INFO: List Command execute with /tag B
Nov 07, 2023 1:29:40 PM seedu.commands.ListCommand execute
INFO: List Command ends
Nov 07, 2023 1:29:40 PM seedu.commands.ListCommand execute
INFO: List Command execute with 
Nov 07, 2023 1:29:40 PM seedu.commands.ListCommand execute
INFO: List Command ends
Nov 07, 2023 1:29:50 PM seedu.commands.ListCommand execute
INFO: List Command execute with /tag
Nov 07, 2023 1:29:50 PM seedu.commands.ListCommand execute
INFO: List Command execute with /s AVAILABLE
Nov 07, 2023 1:29:50 PM seedu.commands.ListCommand execute
INFO: List Command ends
Nov 07, 2023 1:29:50 PM seedu.commands.ListCommand execute
INFO: List Command execute with /g
Nov 07, 2023 1:29:50 PM seedu.commands.ListCommand execute
INFO: List Command execute with /g Thriller
Nov 07, 2023 1:29:50 PM seedu.commands.ListCommand execute
INFO: List Command ends
Nov 07, 2023 1:29:50 PM seedu.commands.ListCommand execute
INFO: List Command execute with /s
Nov 07, 2023 1:29:50 PM seedu.commands.ListCommand execute
INFO: List Command execute with /g Horror
Nov 07, 2023 1:29:50 PM seedu.commands.ListCommand execute
INFO: List Command ends
Nov 07, 2023 1:29:50 PM seedu.commands.ListCommand execute
INFO: List Command execute with /g Adventure
Nov 07, 2023 1:29:50 PM seedu.commands.ListCommand execute
INFO: List Command ends
Nov 07, 2023 1:29:50 PM seedu.commands.ListCommand execute
INFO: List Command execute with /g Fiction
Nov 07, 2023 1:29:50 PM seedu.commands.ListCommand execute
INFO: List Command ends
Nov 07, 2023 1:29:50 PM seedu.commands.ListCommand execute
INFO: List Command execute with /tag B
Nov 07, 2023 1:29:50 PM seedu.commands.ListCommand execute
INFO: List Command ends
Nov 07, 2023 1:29:50 PM seedu.commands.ListCommand execute
INFO: List Command execute with 
Nov 07, 2023 1:29:50 PM seedu.commands.ListCommand execute
INFO: List Command ends
