Nov 09, 2023 3:44:05 PM seedu.commands.FindCommand <init>
INFO: FindCommand instance created.
Nov 09, 2023 3:45:45 PM seedu.commands.FindCommand <init>
INFO: FindCommand instance created.
Nov 09, 2023 3:45:58 PM seedu.commands.ExitCommand execute
INFO: Executing ExitCommand...
Nov 09, 2023 3:47:27 PM seedu.commands.FindCommand <init>
INFO: FindCommand instance created.
Nov 09, 2023 4:20:57 PM seedu.commands.FindCommand <init>
INFO: FindCommand instance created.
Nov 09, 2023 4:21:08 PM seedu.commands.ExitCommand execute
INFO: Executing ExitCommand...
Nov 09, 2023 4:21:16 PM seedu.commands.FindCommand <init>
INFO: FindCommand instance created.
Nov 09, 2023 4:21:24 PM seedu.commands.ExitCommand execute
INFO: Executing ExitCommand...
Nov 09, 2023 4:21:40 PM seedu.commands.FindCommand <init>
INFO: FindCommand instance created.
Nov 09, 2023 4:21:49 PM seedu.commands.ExitCommand execute
INFO: Executing ExitCommand...
Nov 09, 2023 4:21:52 PM seedu.commands.FindCommand <init>
INFO: FindCommand instance created.
Nov 09, 2023 4:22:02 PM seedu.commands.ExitCommand execute
INFO: Executing ExitCommand...
Nov 09, 2023 4:33:43 PM seedu.commands.FindCommand <init>
INFO: FindCommand instance created.
Nov 09, 2023 4:36:52 PM seedu.commands.FindCommand <init>
INFO: FindCommand instance created.
Nov 09, 2023 4:37:03 PM seedu.commands.ExitCommand execute
INFO: Executing ExitCommand...
Nov 09, 2023 4:37:09 PM seedu.commands.FindCommand <init>
INFO: FindCommand instance created.
Nov 09, 2023 4:37:56 PM seedu.commands.FindCommand <init>
INFO: FindCommand instance created.
Nov 09, 2023 4:37:56 PM seedu.commands.FindCommand <init>
INFO: FindCommand instance created.
Nov 09, 2023 4:37:56 PM seedu.commands.FindCommand <init>
INFO: FindCommand instance created.
Nov 09, 2023 4:37:56 PM seedu.commands.FindCommand <init>
INFO: FindCommand instance created.
Nov 09, 2023 4:37:56 PM seedu.commands.FindCommand <init>
INFO: FindCommand instance created.
Nov 09, 2023 4:37:56 PM seedu.commands.FindCommand <init>
INFO: FindCommand instance created.
Nov 09, 2023 4:37:56 PM seedu.commands.FindCommand <init>
INFO: FindCommand instance created.
Nov 09, 2023 4:37:56 PM seedu.commands.FindCommand <init>
INFO: FindCommand instance created.
Nov 09, 2023 4:37:56 PM seedu.commands.FindCommand <init>
INFO: FindCommand instance created.
Nov 09, 2023 4:37:56 PM seedu.commands.FindCommand <init>
INFO: FindCommand instance created.
Nov 09, 2023 4:37:56 PM seedu.commands.FindCommand <init>
INFO: FindCommand instance created.
Nov 09, 2023 4:37:56 PM seedu.commands.FindCommand <init>
INFO: FindCommand instance created.
Nov 09, 2023 4:37:56 PM seedu.commands.FindCommand <init>
INFO: FindCommand instance created.
Nov 09, 2023 4:37:56 PM seedu.commands.FindCommand <init>
INFO: FindCommand instance created.
Nov 09, 2023 4:37:56 PM seedu.commands.FindCommand <init>
INFO: FindCommand instance created.
Nov 09, 2023 4:37:56 PM seedu.commands.FindCommand <init>
INFO: FindCommand instance created.
Nov 09, 2023 4:37:56 PM seedu.commands.FindCommand <init>
INFO: FindCommand instance created.
Nov 09, 2023 4:37:56 PM seedu.commands.FindCommand <init>
INFO: FindCommand instance created.
Nov 09, 2023 4:37:56 PM seedu.commands.FindCommand <init>
INFO: FindCommand instance created.
Nov 09, 2023 4:37:56 PM seedu.commands.FindCommand <init>
INFO: FindCommand instance created.
Nov 09, 2023 4:37:56 PM seedu.commands.FindCommand <init>
INFO: FindCommand instance created.
Nov 09, 2023 4:37:56 PM seedu.commands.FindCommand <init>
INFO: FindCommand instance created.
Nov 09, 2023 4:37:56 PM seedu.commands.FindCommand <init>
INFO: FindCommand instance created.
Nov 09, 2023 4:37:56 PM seedu.commands.FindCommand <init>
INFO: FindCommand instance created.
Nov 09, 2023 4:37:56 PM seedu.commands.FindCommand <init>
INFO: FindCommand instance created.
Nov 09, 2023 4:37:56 PM seedu.commands.FindCommand <init>
INFO: FindCommand instance created.
Nov 09, 2023 4:37:56 PM seedu.commands.ExitCommand execute
INFO: Executing ExitCommand...
Nov 09, 2023 4:37:56 PM seedu.commands.FindCommand <init>
INFO: FindCommand instance created.
Nov 09, 2023 4:37:56 PM seedu.commands.FindCommand <init>
INFO: FindCommand instance created.
Nov 09, 2023 4:37:56 PM seedu.commands.FindCommand filterResources
INFO: Resource with name: Title1 matched given arguments.
Nov 09, 2023 4:37:56 PM seedu.commands.FindCommand execute
INFO: Resources matched the given filters.
Nov 09, 2023 4:37:56 PM seedu.commands.FindCommand <init>
INFO: FindCommand instance created.
Nov 09, 2023 4:37:56 PM seedu.commands.FindCommand <init>
INFO: FindCommand instance created.
Nov 09, 2023 4:37:56 PM seedu.commands.FindCommand filterResources
INFO: Resource with name: Title4 matched given arguments.
Nov 09, 2023 4:37:56 PM seedu.commands.FindCommand execute
INFO: Resources matched the given filters.
Nov 09, 2023 4:37:56 PM seedu.commands.FindCommand <init>
INFO: FindCommand instance created.
Nov 09, 2023 4:37:56 PM seedu.commands.FindCommand <init>
INFO: FindCommand instance created.
Nov 09, 2023 4:37:56 PM seedu.commands.FindCommand <init>
INFO: FindCommand instance created.
Nov 09, 2023 4:37:57 PM seedu.commands.FindCommand <init>
INFO: FindCommand instance created.
Nov 09, 2023 4:37:57 PM seedu.commands.FindCommand <init>
INFO: FindCommand instance created.
Nov 09, 2023 4:37:57 PM seedu.commands.FindCommand <init>
INFO: FindCommand instance created.
Nov 09, 2023 4:37:57 PM seedu.commands.FindCommand <init>
INFO: FindCommand instance created.
Nov 09, 2023 4:37:57 PM seedu.commands.FindCommand <init>
INFO: FindCommand instance created.
Nov 09, 2023 4:37:57 PM seedu.commands.FindCommand <init>
INFO: FindCommand instance created.
Nov 09, 2023 4:37:57 PM seedu.commands.FindCommand <init>
INFO: FindCommand instance created.
Nov 09, 2023 4:37:57 PM seedu.commands.FindCommand filterResources
INFO: Resource with name: Title3 matched given arguments.
Nov 09, 2023 4:37:57 PM seedu.commands.FindCommand execute
INFO: Resources matched the given filters.
Nov 09, 2023 4:37:57 PM seedu.commands.FindCommand <init>
INFO: FindCommand instance created.
Nov 09, 2023 4:37:57 PM seedu.commands.FindCommand <init>
INFO: FindCommand instance created.
Nov 09, 2023 4:37:57 PM seedu.commands.FindCommand filterResources
INFO: Resource with name: Title1 matched given arguments.
Nov 09, 2023 4:37:57 PM seedu.commands.FindCommand execute
INFO: Resources matched the given filters.
Nov 09, 2023 4:37:57 PM seedu.commands.FindCommand <init>
INFO: FindCommand instance created.
Nov 09, 2023 4:37:57 PM seedu.commands.FindCommand <init>
INFO: FindCommand instance created.
Nov 09, 2023 4:37:57 PM seedu.commands.FindCommand <init>
INFO: FindCommand instance created.
Nov 09, 2023 4:37:57 PM seedu.commands.FindCommand <init>
INFO: FindCommand instance created.
Nov 09, 2023 4:37:57 PM seedu.commands.FindCommand execute
INFO: No resources matched the given filters.
Nov 09, 2023 4:37:57 PM seedu.commands.FindCommand <init>
INFO: FindCommand instance created.
Nov 09, 2023 4:37:57 PM seedu.commands.FindCommand <init>
INFO: FindCommand instance created.
Nov 09, 2023 4:37:57 PM seedu.commands.FindCommand <init>
INFO: FindCommand instance created.
Nov 09, 2023 4:37:57 PM seedu.commands.FindCommand <init>
INFO: FindCommand instance created.
Nov 09, 2023 4:37:57 PM seedu.commands.FindCommand filterResources
INFO: Resource with name: Title2 matched given arguments.
Nov 09, 2023 4:37:57 PM seedu.commands.FindCommand execute
INFO: Resources matched the given filters.
Nov 09, 2023 4:37:57 PM seedu.commands.FindCommand <init>
INFO: FindCommand instance created.
Nov 09, 2023 4:37:57 PM seedu.commands.FindCommand <init>
INFO: FindCommand instance created.
Nov 09, 2023 4:37:57 PM seedu.commands.FindCommand filterResources
INFO: Resource with name: Title1 matched given arguments.
Nov 09, 2023 4:37:57 PM seedu.commands.FindCommand execute
INFO: Resources matched the given filters.
Nov 09, 2023 4:37:57 PM seedu.commands.FindCommand <init>
INFO: FindCommand instance created.
Nov 09, 2023 4:37:57 PM seedu.commands.FindCommand <init>
INFO: FindCommand instance created.
Nov 09, 2023 4:37:57 PM seedu.commands.FindCommand filterResources
INFO: Resource with name: Title1 matched given arguments.
Nov 09, 2023 4:37:57 PM seedu.commands.FindCommand execute
INFO: Resources matched the given filters.
Nov 09, 2023 4:37:57 PM seedu.commands.FindCommand <init>
INFO: FindCommand instance created.
Nov 09, 2023 4:37:57 PM seedu.commands.FindCommand <init>
INFO: FindCommand instance created.
Nov 09, 2023 4:37:57 PM seedu.commands.FindCommand <init>
INFO: FindCommand instance created.
Nov 09, 2023 4:37:57 PM seedu.commands.FindCommand <init>
INFO: FindCommand instance created.
Nov 09, 2023 4:37:57 PM seedu.commands.FindCommand <init>
INFO: FindCommand instance created.
Nov 09, 2023 4:37:57 PM seedu.commands.FindCommand <init>
INFO: FindCommand instance created.
Nov 09, 2023 4:37:57 PM seedu.commands.FindCommand <init>
INFO: FindCommand instance created.
Nov 09, 2023 4:37:57 PM seedu.commands.FindCommand <init>
INFO: FindCommand instance created.
Nov 09, 2023 4:37:57 PM seedu.commands.FindCommand <init>
INFO: FindCommand instance created.
Nov 09, 2023 4:37:57 PM seedu.commands.FindCommand <init>
INFO: FindCommand instance created.
Nov 09, 2023 4:37:57 PM seedu.commands.FindCommand <init>
INFO: FindCommand instance created.
Nov 09, 2023 4:37:57 PM seedu.commands.FindCommand <init>
INFO: FindCommand instance created.
Nov 09, 2023 4:37:57 PM seedu.commands.FindCommand <init>
INFO: FindCommand instance created.
Nov 09, 2023 4:37:57 PM seedu.commands.FindCommand <init>
INFO: FindCommand instance created.
Nov 09, 2023 4:37:57 PM seedu.commands.FindCommand <init>
INFO: FindCommand instance created.
Nov 09, 2023 4:37:57 PM seedu.commands.FindCommand <init>
INFO: FindCommand instance created.
Nov 09, 2023 4:37:57 PM seedu.commands.FindCommand <init>
INFO: FindCommand instance created.
Nov 09, 2023 4:37:57 PM seedu.commands.FindCommand <init>
INFO: FindCommand instance created.
Nov 09, 2023 4:37:57 PM seedu.commands.FindCommand <init>
INFO: FindCommand instance created.
Nov 09, 2023 4:37:57 PM seedu.commands.FindCommand <init>
INFO: FindCommand instance created.
Nov 09, 2023 4:37:57 PM seedu.commands.FindCommand <init>
INFO: FindCommand instance created.
Nov 09, 2023 4:37:57 PM seedu.commands.FindCommand <init>
INFO: FindCommand instance created.
Nov 09, 2023 4:37:57 PM seedu.commands.FindCommand <init>
INFO: FindCommand instance created.
Nov 09, 2023 4:37:57 PM seedu.commands.FindCommand <init>
INFO: FindCommand instance created.
Nov 09, 2023 4:37:57 PM seedu.commands.FindCommand <init>
INFO: FindCommand instance created.
Nov 09, 2023 4:37:57 PM seedu.commands.FindCommand <init>
INFO: FindCommand instance created.
Nov 09, 2023 4:37:57 PM seedu.commands.FindCommand <init>
INFO: FindCommand instance created.
Nov 09, 2023 4:37:57 PM seedu.commands.FindCommand <init>
INFO: FindCommand instance created.
Nov 09, 2023 4:37:57 PM seedu.commands.FindCommand <init>
INFO: FindCommand instance created.
Nov 09, 2023 4:37:57 PM seedu.commands.FindCommand <init>
INFO: FindCommand instance created.
Nov 09, 2023 4:37:57 PM seedu.commands.FindCommand <init>
INFO: FindCommand instance created.
Nov 09, 2023 4:37:57 PM seedu.commands.FindCommand <init>
INFO: FindCommand instance created.
Nov 09, 2023 4:37:57 PM seedu.commands.ExitCommand execute
INFO: Executing ExitCommand...
Nov 09, 2023 4:37:57 PM seedu.commands.FindCommand <init>
INFO: FindCommand instance created.
Nov 09, 2023 4:37:57 PM seedu.commands.FindCommand <init>
INFO: FindCommand instance created.
Nov 09, 2023 4:37:57 PM seedu.commands.FindCommand filterResources
INFO: Resource with name: The Subtle Art of Not Giving a F*ck matched given arguments.
Nov 09, 2023 4:37:57 PM seedu.commands.FindCommand execute
INFO: Resources matched the given filters.
Nov 09, 2023 4:37:57 PM seedu.commands.FindCommand execute
INFO: No resources matched the given filters.
Nov 09, 2023 5:03:00 PM seedu.commands.FindCommand <init>
INFO: FindCommand instance created.
Nov 09, 2023 5:03:09 PM seedu.commands.ExitCommand execute
INFO: Executing ExitCommand...
Nov 09, 2023 5:14:15 PM seedu.commands.FindCommand <init>
INFO: FindCommand instance created.
Nov 09, 2023 5:14:19 PM seedu.commands.ExitCommand execute
INFO: Executing ExitCommand...
Nov 09, 2023 5:17:52 PM seedu.commands.FindCommand <init>
INFO: FindCommand instance created.
Nov 09, 2023 5:19:23 PM seedu.commands.ExitCommand execute
INFO: Executing ExitCommand...
Nov 09, 2023 5:20:33 PM seedu.commands.FindCommand <init>
INFO: FindCommand instance created.
Nov 09, 2023 5:20:37 PM seedu.commands.ExitCommand execute
INFO: Executing ExitCommand...
Nov 09, 2023 5:21:35 PM seedu.commands.FindCommand <init>
INFO: FindCommand instance created.
Nov 09, 2023 5:21:39 PM seedu.commands.ExitCommand execute
INFO: Executing ExitCommand...
Nov 09, 2023 5:24:22 PM seedu.commands.FindCommand <init>
INFO: FindCommand instance created.
Nov 09, 2023 5:24:36 PM seedu.commands.ExitCommand execute
INFO: Executing ExitCommand...
Nov 09, 2023 5:24:38 PM seedu.commands.FindCommand <init>
INFO: FindCommand instance created.
Nov 09, 2023 5:25:07 PM seedu.commands.ExitCommand execute
INFO: Executing ExitCommand...
Nov 09, 2023 5:25:09 PM seedu.commands.FindCommand <init>
INFO: FindCommand instance created.
Nov 09, 2023 6:11:02 PM seedu.commands.FindCommand <init>
INFO: FindCommand instance created.
Nov 09, 2023 6:11:02 PM seedu.commands.FindCommand <init>
INFO: FindCommand instance created.
Nov 09, 2023 6:11:02 PM seedu.commands.FindCommand <init>
INFO: FindCommand instance created.
Nov 09, 2023 6:11:02 PM seedu.commands.FindCommand <init>
INFO: FindCommand instance created.
Nov 09, 2023 6:11:02 PM seedu.commands.FindCommand <init>
INFO: FindCommand instance created.
Nov 09, 2023 6:11:02 PM seedu.commands.FindCommand <init>
INFO: FindCommand instance created.
Nov 09, 2023 6:11:02 PM seedu.commands.FindCommand <init>
INFO: FindCommand instance created.
Nov 09, 2023 6:11:02 PM seedu.commands.FindCommand <init>
INFO: FindCommand instance created.
Nov 09, 2023 6:11:02 PM seedu.commands.FindCommand <init>
INFO: FindCommand instance created.
Nov 09, 2023 6:11:02 PM seedu.commands.FindCommand <init>
INFO: FindCommand instance created.
Nov 09, 2023 6:11:02 PM seedu.commands.FindCommand <init>
INFO: FindCommand instance created.
Nov 09, 2023 6:11:02 PM seedu.commands.FindCommand <init>
INFO: FindCommand instance created.
Nov 09, 2023 6:11:02 PM seedu.commands.FindCommand <init>
INFO: FindCommand instance created.
Nov 09, 2023 6:11:02 PM seedu.commands.FindCommand <init>
INFO: FindCommand instance created.
Nov 09, 2023 6:11:02 PM seedu.commands.FindCommand <init>
INFO: FindCommand instance created.
Nov 09, 2023 6:11:02 PM seedu.commands.FindCommand <init>
INFO: FindCommand instance created.
Nov 09, 2023 6:11:02 PM seedu.commands.FindCommand <init>
INFO: FindCommand instance created.
Nov 09, 2023 6:11:02 PM seedu.commands.FindCommand <init>
INFO: FindCommand instance created.
Nov 09, 2023 6:11:02 PM seedu.commands.FindCommand <init>
INFO: FindCommand instance created.
Nov 09, 2023 6:11:02 PM seedu.commands.FindCommand <init>
INFO: FindCommand instance created.
Nov 09, 2023 6:11:02 PM seedu.commands.FindCommand <init>
INFO: FindCommand instance created.
Nov 09, 2023 6:11:02 PM seedu.commands.FindCommand <init>
INFO: FindCommand instance created.
Nov 09, 2023 6:11:02 PM seedu.commands.FindCommand <init>
INFO: FindCommand instance created.
Nov 09, 2023 6:11:02 PM seedu.commands.FindCommand <init>
INFO: FindCommand instance created.
Nov 09, 2023 6:11:02 PM seedu.commands.FindCommand <init>
INFO: FindCommand instance created.
Nov 09, 2023 6:11:02 PM seedu.commands.FindCommand <init>
INFO: FindCommand instance created.
Nov 09, 2023 6:11:02 PM seedu.commands.ExitCommand execute
INFO: Executing ExitCommand...
Nov 09, 2023 6:11:02 PM seedu.commands.FindCommand <init>
INFO: FindCommand instance created.
Nov 09, 2023 6:11:02 PM seedu.commands.FindCommand <init>
INFO: FindCommand instance created.
Nov 09, 2023 6:11:02 PM seedu.commands.FindCommand filterResources
INFO: Resource with name: Title1 matched given arguments.
Nov 09, 2023 6:11:02 PM seedu.commands.FindCommand execute
INFO: Resources matched the given filters.
Nov 09, 2023 6:11:02 PM seedu.commands.FindCommand <init>
INFO: FindCommand instance created.
Nov 09, 2023 6:11:02 PM seedu.commands.FindCommand <init>
INFO: FindCommand instance created.
Nov 09, 2023 6:11:02 PM seedu.commands.FindCommand filterResources
INFO: Resource with name: Title4 matched given arguments.
Nov 09, 2023 6:11:02 PM seedu.commands.FindCommand execute
INFO: Resources matched the given filters.
Nov 09, 2023 6:11:02 PM seedu.commands.FindCommand <init>
INFO: FindCommand instance created.
Nov 09, 2023 6:11:02 PM seedu.commands.FindCommand <init>
INFO: FindCommand instance created.
Nov 09, 2023 6:11:02 PM seedu.commands.FindCommand <init>
INFO: FindCommand instance created.
Nov 09, 2023 6:11:02 PM seedu.commands.FindCommand <init>
INFO: FindCommand instance created.
Nov 09, 2023 6:11:02 PM seedu.commands.FindCommand <init>
INFO: FindCommand instance created.
Nov 09, 2023 6:11:02 PM seedu.commands.FindCommand <init>
INFO: FindCommand instance created.
Nov 09, 2023 6:11:02 PM seedu.commands.FindCommand <init>
INFO: FindCommand instance created.
Nov 09, 2023 6:11:02 PM seedu.commands.FindCommand <init>
INFO: FindCommand instance created.
Nov 09, 2023 6:11:02 PM seedu.commands.FindCommand <init>
INFO: FindCommand instance created.
Nov 09, 2023 6:11:02 PM seedu.commands.FindCommand <init>
INFO: FindCommand instance created.
Nov 09, 2023 6:11:02 PM seedu.commands.FindCommand filterResources
INFO: Resource with name: Title3 matched given arguments.
Nov 09, 2023 6:11:02 PM seedu.commands.FindCommand execute
INFO: Resources matched the given filters.
Nov 09, 2023 6:11:02 PM seedu.commands.FindCommand <init>
INFO: FindCommand instance created.
Nov 09, 2023 6:11:02 PM seedu.commands.FindCommand <init>
INFO: FindCommand instance created.
Nov 09, 2023 6:11:02 PM seedu.commands.FindCommand filterResources
INFO: Resource with name: Title1 matched given arguments.
Nov 09, 2023 6:11:02 PM seedu.commands.FindCommand execute
INFO: Resources matched the given filters.
Nov 09, 2023 6:11:02 PM seedu.commands.FindCommand <init>
INFO: FindCommand instance created.
Nov 09, 2023 6:11:02 PM seedu.commands.FindCommand <init>
INFO: FindCommand instance created.
Nov 09, 2023 6:11:02 PM seedu.commands.FindCommand <init>
INFO: FindCommand instance created.
Nov 09, 2023 6:11:02 PM seedu.commands.FindCommand <init>
INFO: FindCommand instance created.
Nov 09, 2023 6:11:02 PM seedu.commands.FindCommand execute
INFO: No resources matched the given filters.
Nov 09, 2023 6:11:02 PM seedu.commands.FindCommand <init>
INFO: FindCommand instance created.
Nov 09, 2023 6:11:02 PM seedu.commands.FindCommand <init>
INFO: FindCommand instance created.
Nov 09, 2023 6:11:02 PM seedu.commands.FindCommand <init>
INFO: FindCommand instance created.
Nov 09, 2023 6:11:02 PM seedu.commands.FindCommand <init>
INFO: FindCommand instance created.
Nov 09, 2023 6:11:03 PM seedu.commands.FindCommand filterResources
INFO: Resource with name: Title2 matched given arguments.
Nov 09, 2023 6:11:03 PM seedu.commands.FindCommand execute
INFO: Resources matched the given filters.
Nov 09, 2023 6:11:03 PM seedu.commands.FindCommand <init>
INFO: FindCommand instance created.
Nov 09, 2023 6:11:03 PM seedu.commands.FindCommand <init>
INFO: FindCommand instance created.
Nov 09, 2023 6:11:03 PM seedu.commands.FindCommand filterResources
INFO: Resource with name: Title1 matched given arguments.
Nov 09, 2023 6:11:03 PM seedu.commands.FindCommand execute
INFO: Resources matched the given filters.
Nov 09, 2023 6:11:03 PM seedu.commands.FindCommand <init>
INFO: FindCommand instance created.
Nov 09, 2023 6:11:03 PM seedu.commands.FindCommand <init>
INFO: FindCommand instance created.
Nov 09, 2023 6:11:03 PM seedu.commands.FindCommand filterResources
INFO: Resource with name: Title1 matched given arguments.
Nov 09, 2023 6:11:03 PM seedu.commands.FindCommand execute
INFO: Resources matched the given filters.
Nov 09, 2023 6:11:03 PM seedu.commands.FindCommand <init>
INFO: FindCommand instance created.
Nov 09, 2023 6:11:03 PM seedu.commands.FindCommand <init>
INFO: FindCommand instance created.
Nov 09, 2023 6:11:03 PM seedu.commands.FindCommand <init>
INFO: FindCommand instance created.
Nov 09, 2023 6:11:03 PM seedu.commands.FindCommand <init>
INFO: FindCommand instance created.
Nov 09, 2023 6:11:03 PM seedu.commands.FindCommand <init>
INFO: FindCommand instance created.
Nov 09, 2023 6:11:03 PM seedu.commands.FindCommand <init>
INFO: FindCommand instance created.
Nov 09, 2023 6:11:03 PM seedu.commands.FindCommand <init>
INFO: FindCommand instance created.
Nov 09, 2023 6:11:03 PM seedu.commands.FindCommand <init>
INFO: FindCommand instance created.
Nov 09, 2023 6:11:03 PM seedu.commands.FindCommand <init>
INFO: FindCommand instance created.
Nov 09, 2023 6:11:03 PM seedu.commands.FindCommand <init>
INFO: FindCommand instance created.
Nov 09, 2023 6:11:03 PM seedu.commands.FindCommand <init>
INFO: FindCommand instance created.
Nov 09, 2023 6:11:03 PM seedu.commands.FindCommand <init>
INFO: FindCommand instance created.
Nov 09, 2023 6:11:03 PM seedu.commands.FindCommand <init>
INFO: FindCommand instance created.
Nov 09, 2023 6:11:03 PM seedu.commands.FindCommand <init>
INFO: FindCommand instance created.
Nov 09, 2023 6:11:03 PM seedu.commands.FindCommand <init>
INFO: FindCommand instance created.
Nov 09, 2023 6:11:03 PM seedu.commands.FindCommand <init>
INFO: FindCommand instance created.
Nov 09, 2023 6:11:03 PM seedu.commands.FindCommand <init>
INFO: FindCommand instance created.
Nov 09, 2023 6:11:03 PM seedu.commands.FindCommand <init>
INFO: FindCommand instance created.
Nov 09, 2023 6:11:03 PM seedu.commands.FindCommand <init>
INFO: FindCommand instance created.
Nov 09, 2023 6:11:03 PM seedu.commands.FindCommand <init>
INFO: FindCommand instance created.
Nov 09, 2023 6:11:03 PM seedu.commands.FindCommand <init>
INFO: FindCommand instance created.
Nov 09, 2023 6:11:03 PM seedu.commands.FindCommand <init>
INFO: FindCommand instance created.
Nov 09, 2023 6:11:03 PM seedu.commands.FindCommand <init>
INFO: FindCommand instance created.
Nov 09, 2023 6:11:03 PM seedu.commands.FindCommand <init>
INFO: FindCommand instance created.
Nov 09, 2023 6:11:03 PM seedu.commands.FindCommand <init>
INFO: FindCommand instance created.
Nov 09, 2023 6:11:03 PM seedu.commands.FindCommand <init>
INFO: FindCommand instance created.
Nov 09, 2023 6:11:03 PM seedu.commands.FindCommand <init>
INFO: FindCommand instance created.
Nov 09, 2023 6:11:03 PM seedu.commands.FindCommand <init>
INFO: FindCommand instance created.
Nov 09, 2023 6:11:03 PM seedu.commands.FindCommand <init>
INFO: FindCommand instance created.
Nov 09, 2023 6:11:03 PM seedu.commands.FindCommand <init>
INFO: FindCommand instance created.
Nov 09, 2023 6:11:03 PM seedu.commands.FindCommand <init>
INFO: FindCommand instance created.
Nov 09, 2023 6:11:03 PM seedu.commands.FindCommand <init>
INFO: FindCommand instance created.
Nov 09, 2023 6:11:03 PM seedu.commands.ExitCommand execute
INFO: Executing ExitCommand...
Nov 09, 2023 6:11:03 PM seedu.commands.FindCommand <init>
INFO: FindCommand instance created.
Nov 09, 2023 6:11:03 PM seedu.commands.FindCommand <init>
INFO: FindCommand instance created.
Nov 09, 2023 6:11:03 PM seedu.commands.FindCommand filterResources
INFO: Resource with name: The Subtle Art of Not Giving a F*ck matched given arguments.
Nov 09, 2023 6:11:03 PM seedu.commands.FindCommand execute
INFO: Resources matched the given filters.
Nov 09, 2023 6:11:03 PM seedu.commands.FindCommand execute
INFO: No resources matched the given filters.
Nov 09, 2023 6:11:57 PM seedu.commands.FindCommand <init>
INFO: FindCommand instance created.
Nov 09, 2023 6:11:57 PM seedu.commands.ExitCommand execute
INFO: Executing ExitCommand...
Nov 09, 2023 6:11:57 PM seedu.commands.FindCommand <init>
INFO: FindCommand instance created.
Nov 09, 2023 6:11:57 PM seedu.commands.FindCommand <init>
INFO: FindCommand instance created.
Nov 09, 2023 6:11:57 PM seedu.commands.ExitCommand execute
INFO: Executing ExitCommand...
Nov 09, 2023 6:11:57 PM seedu.commands.FindCommand <init>
INFO: FindCommand instance created.
Nov 09, 2023 6:11:57 PM seedu.commands.FindCommand <init>
INFO: FindCommand instance created.
Nov 09, 2023 6:11:57 PM seedu.commands.FindCommand filterResources
INFO: Resource with name: The Subtle Art of Not Giving a F*ck matched given arguments.
Nov 09, 2023 6:11:57 PM seedu.commands.FindCommand execute
INFO: Resources matched the given filters.
Nov 09, 2023 6:11:57 PM seedu.commands.FindCommand execute
INFO: No resources matched the given filters.
Nov 09, 2023 6:11:57 PM seedu.commands.FindCommand <init>
INFO: FindCommand instance created.
Nov 09, 2023 6:11:57 PM seedu.commands.FindCommand <init>
INFO: FindCommand instance created.
Nov 09, 2023 6:11:57 PM seedu.commands.FindCommand <init>
INFO: FindCommand instance created.
Nov 09, 2023 6:11:57 PM seedu.commands.FindCommand <init>
INFO: FindCommand instance created.
Nov 09, 2023 6:11:57 PM seedu.commands.FindCommand <init>
INFO: FindCommand instance created.
Nov 09, 2023 6:11:57 PM seedu.commands.FindCommand <init>
INFO: FindCommand instance created.
Nov 09, 2023 6:11:57 PM seedu.commands.FindCommand <init>
INFO: FindCommand instance created.
Nov 09, 2023 6:11:57 PM seedu.commands.FindCommand <init>
INFO: FindCommand instance created.
Nov 09, 2023 6:11:57 PM seedu.commands.FindCommand <init>
INFO: FindCommand instance created.
Nov 09, 2023 6:11:57 PM seedu.commands.FindCommand <init>
INFO: FindCommand instance created.
Nov 09, 2023 6:11:57 PM seedu.commands.FindCommand <init>
INFO: FindCommand instance created.
Nov 09, 2023 6:11:57 PM seedu.commands.FindCommand <init>
INFO: FindCommand instance created.
Nov 09, 2023 6:11:57 PM seedu.commands.FindCommand <init>
INFO: FindCommand instance created.
Nov 09, 2023 6:11:57 PM seedu.commands.FindCommand <init>
INFO: FindCommand instance created.
Nov 09, 2023 6:11:57 PM seedu.commands.FindCommand <init>
INFO: FindCommand instance created.
Nov 09, 2023 6:11:57 PM seedu.commands.FindCommand <init>
INFO: FindCommand instance created.
Nov 09, 2023 6:11:57 PM seedu.commands.FindCommand <init>
INFO: FindCommand instance created.
Nov 09, 2023 6:11:57 PM seedu.commands.FindCommand <init>
INFO: FindCommand instance created.
Nov 09, 2023 6:11:57 PM seedu.commands.FindCommand <init>
INFO: FindCommand instance created.
Nov 09, 2023 6:11:57 PM seedu.commands.FindCommand <init>
INFO: FindCommand instance created.
Nov 09, 2023 6:11:57 PM seedu.commands.FindCommand <init>
INFO: FindCommand instance created.
Nov 09, 2023 6:11:57 PM seedu.commands.FindCommand <init>
INFO: FindCommand instance created.
Nov 09, 2023 6:11:57 PM seedu.commands.FindCommand <init>
INFO: FindCommand instance created.
Nov 09, 2023 6:11:57 PM seedu.commands.FindCommand <init>
INFO: FindCommand instance created.
Nov 09, 2023 6:11:57 PM seedu.commands.FindCommand <init>
INFO: FindCommand instance created.
Nov 09, 2023 6:11:57 PM seedu.commands.FindCommand <init>
INFO: FindCommand instance created.
Nov 09, 2023 6:11:57 PM seedu.commands.FindCommand <init>
INFO: FindCommand instance created.
Nov 09, 2023 6:11:57 PM seedu.commands.FindCommand filterResources
INFO: Resource with name: Title1 matched given arguments.
Nov 09, 2023 6:11:57 PM seedu.commands.FindCommand execute
INFO: Resources matched the given filters.
Nov 09, 2023 6:11:57 PM seedu.commands.FindCommand <init>
INFO: FindCommand instance created.
Nov 09, 2023 6:11:57 PM seedu.commands.FindCommand <init>
INFO: FindCommand instance created.
Nov 09, 2023 6:11:57 PM seedu.commands.FindCommand filterResources
INFO: Resource with name: Title4 matched given arguments.
Nov 09, 2023 6:11:57 PM seedu.commands.FindCommand execute
INFO: Resources matched the given filters.
Nov 09, 2023 6:11:57 PM seedu.commands.FindCommand <init>
INFO: FindCommand instance created.
Nov 09, 2023 6:11:57 PM seedu.commands.FindCommand <init>
INFO: FindCommand instance created.
Nov 09, 2023 6:11:57 PM seedu.commands.FindCommand <init>
INFO: FindCommand instance created.
Nov 09, 2023 6:11:57 PM seedu.commands.FindCommand <init>
INFO: FindCommand instance created.
Nov 09, 2023 6:11:57 PM seedu.commands.FindCommand <init>
INFO: FindCommand instance created.
Nov 09, 2023 6:11:57 PM seedu.commands.FindCommand <init>
INFO: FindCommand instance created.
Nov 09, 2023 6:11:57 PM seedu.commands.FindCommand <init>
INFO: FindCommand instance created.
Nov 09, 2023 6:11:57 PM seedu.commands.FindCommand <init>
INFO: FindCommand instance created.
Nov 09, 2023 6:11:57 PM seedu.commands.FindCommand <init>
INFO: FindCommand instance created.
Nov 09, 2023 6:11:57 PM seedu.commands.FindCommand <init>
INFO: FindCommand instance created.
Nov 09, 2023 6:11:57 PM seedu.commands.FindCommand filterResources
INFO: Resource with name: Title3 matched given arguments.
Nov 09, 2023 6:11:57 PM seedu.commands.FindCommand execute
INFO: Resources matched the given filters.
Nov 09, 2023 6:11:57 PM seedu.commands.FindCommand <init>
INFO: FindCommand instance created.
Nov 09, 2023 6:11:57 PM seedu.commands.FindCommand <init>
INFO: FindCommand instance created.
Nov 09, 2023 6:11:57 PM seedu.commands.FindCommand filterResources
INFO: Resource with name: Title1 matched given arguments.
Nov 09, 2023 6:11:57 PM seedu.commands.FindCommand execute
INFO: Resources matched the given filters.
Nov 09, 2023 6:11:57 PM seedu.commands.FindCommand <init>
INFO: FindCommand instance created.
Nov 09, 2023 6:11:57 PM seedu.commands.FindCommand <init>
INFO: FindCommand instance created.
Nov 09, 2023 6:11:57 PM seedu.commands.FindCommand <init>
INFO: FindCommand instance created.
Nov 09, 2023 6:11:57 PM seedu.commands.FindCommand <init>
INFO: FindCommand instance created.
Nov 09, 2023 6:11:57 PM seedu.commands.FindCommand execute
INFO: No resources matched the given filters.
Nov 09, 2023 6:11:57 PM seedu.commands.FindCommand <init>
INFO: FindCommand instance created.
Nov 09, 2023 6:11:57 PM seedu.commands.FindCommand <init>
INFO: FindCommand instance created.
Nov 09, 2023 6:11:57 PM seedu.commands.FindCommand <init>
INFO: FindCommand instance created.
Nov 09, 2023 6:11:57 PM seedu.commands.FindCommand <init>
INFO: FindCommand instance created.
Nov 09, 2023 6:11:57 PM seedu.commands.FindCommand filterResources
INFO: Resource with name: Title2 matched given arguments.
Nov 09, 2023 6:11:57 PM seedu.commands.FindCommand execute
INFO: Resources matched the given filters.
Nov 09, 2023 6:11:57 PM seedu.commands.FindCommand <init>
INFO: FindCommand instance created.
Nov 09, 2023 6:11:57 PM seedu.commands.FindCommand <init>
INFO: FindCommand instance created.
Nov 09, 2023 6:11:57 PM seedu.commands.FindCommand filterResources
INFO: Resource with name: Title1 matched given arguments.
Nov 09, 2023 6:11:57 PM seedu.commands.FindCommand execute
INFO: Resources matched the given filters.
Nov 09, 2023 6:11:57 PM seedu.commands.FindCommand <init>
INFO: FindCommand instance created.
Nov 09, 2023 6:11:57 PM seedu.commands.FindCommand <init>
INFO: FindCommand instance created.
Nov 09, 2023 6:11:57 PM seedu.commands.FindCommand filterResources
INFO: Resource with name: Title1 matched given arguments.
Nov 09, 2023 6:11:57 PM seedu.commands.FindCommand execute
INFO: Resources matched the given filters.
Nov 09, 2023 6:11:57 PM seedu.commands.FindCommand <init>
INFO: FindCommand instance created.
Nov 09, 2023 6:11:57 PM seedu.commands.FindCommand <init>
INFO: FindCommand instance created.
Nov 09, 2023 6:11:57 PM seedu.commands.FindCommand <init>
INFO: FindCommand instance created.
Nov 09, 2023 6:11:57 PM seedu.commands.FindCommand <init>
INFO: FindCommand instance created.
Nov 09, 2023 6:11:57 PM seedu.commands.FindCommand <init>
INFO: FindCommand instance created.
Nov 09, 2023 6:11:57 PM seedu.commands.FindCommand <init>
INFO: FindCommand instance created.
Nov 09, 2023 6:11:57 PM seedu.commands.FindCommand <init>
INFO: FindCommand instance created.
Nov 09, 2023 6:11:57 PM seedu.commands.FindCommand <init>
INFO: FindCommand instance created.
Nov 09, 2023 6:11:57 PM seedu.commands.FindCommand <init>
INFO: FindCommand instance created.
Nov 09, 2023 6:11:57 PM seedu.commands.FindCommand <init>
INFO: FindCommand instance created.
Nov 09, 2023 6:11:57 PM seedu.commands.FindCommand <init>
INFO: FindCommand instance created.
Nov 09, 2023 6:11:57 PM seedu.commands.FindCommand <init>
INFO: FindCommand instance created.
Nov 09, 2023 6:11:57 PM seedu.commands.FindCommand <init>
INFO: FindCommand instance created.
Nov 09, 2023 6:11:57 PM seedu.commands.FindCommand <init>
INFO: FindCommand instance created.
Nov 09, 2023 6:11:57 PM seedu.commands.FindCommand <init>
INFO: FindCommand instance created.
Nov 09, 2023 6:11:57 PM seedu.commands.FindCommand <init>
INFO: FindCommand instance created.
Nov 09, 2023 6:11:57 PM seedu.commands.FindCommand <init>
INFO: FindCommand instance created.
Nov 09, 2023 6:11:57 PM seedu.commands.FindCommand <init>
INFO: FindCommand instance created.
Nov 09, 2023 6:11:57 PM seedu.commands.FindCommand <init>
INFO: FindCommand instance created.
Nov 09, 2023 6:11:57 PM seedu.commands.FindCommand <init>
INFO: FindCommand instance created.
Nov 09, 2023 6:11:57 PM seedu.commands.FindCommand <init>
INFO: FindCommand instance created.
Nov 09, 2023 6:11:57 PM seedu.commands.FindCommand <init>
INFO: FindCommand instance created.
Nov 09, 2023 6:11:57 PM seedu.commands.FindCommand <init>
INFO: FindCommand instance created.
Nov 09, 2023 6:11:57 PM seedu.commands.FindCommand <init>
INFO: FindCommand instance created.
Nov 09, 2023 6:11:57 PM seedu.commands.FindCommand <init>
INFO: FindCommand instance created.
Nov 09, 2023 6:11:57 PM seedu.commands.FindCommand <init>
INFO: FindCommand instance created.
Nov 09, 2023 6:11:57 PM seedu.commands.FindCommand <init>
INFO: FindCommand instance created.
Nov 09, 2023 6:11:57 PM seedu.commands.FindCommand <init>
INFO: FindCommand instance created.
Nov 09, 2023 6:11:57 PM seedu.commands.FindCommand <init>
INFO: FindCommand instance created.
Nov 09, 2023 6:11:57 PM seedu.commands.FindCommand <init>
INFO: FindCommand instance created.
Nov 09, 2023 6:12:40 PM seedu.commands.FindCommand <init>
INFO: FindCommand instance created.
Nov 09, 2023 6:12:40 PM seedu.commands.FindCommand <init>
INFO: FindCommand instance created.
Nov 09, 2023 6:12:40 PM seedu.commands.ExitCommand execute
INFO: Executing ExitCommand...
Nov 09, 2023 6:12:40 PM seedu.commands.FindCommand <init>
INFO: FindCommand instance created.
Nov 09, 2023 6:12:40 PM seedu.commands.FindCommand <init>
INFO: FindCommand instance created.
Nov 09, 2023 6:12:40 PM seedu.commands.FindCommand filterResources
INFO: Resource with name: The Subtle Art of Not Giving a F*ck matched given arguments.
Nov 09, 2023 6:12:40 PM seedu.commands.FindCommand execute
INFO: Resources matched the given filters.
Nov 09, 2023 6:12:40 PM seedu.commands.FindCommand execute
INFO: No resources matched the given filters.
Nov 09, 2023 6:12:40 PM seedu.commands.FindCommand <init>
INFO: FindCommand instance created.
Nov 09, 2023 6:12:40 PM seedu.commands.FindCommand <init>
INFO: FindCommand instance created.
Nov 09, 2023 6:12:40 PM seedu.commands.FindCommand <init>
INFO: FindCommand instance created.
Nov 09, 2023 6:12:41 PM seedu.commands.FindCommand <init>
INFO: FindCommand instance created.
Nov 09, 2023 6:12:41 PM seedu.commands.FindCommand <init>
INFO: FindCommand instance created.
Nov 09, 2023 6:12:41 PM seedu.commands.FindCommand <init>
INFO: FindCommand instance created.
Nov 09, 2023 6:12:41 PM seedu.commands.FindCommand <init>
INFO: FindCommand instance created.
Nov 09, 2023 6:12:41 PM seedu.commands.FindCommand <init>
INFO: FindCommand instance created.
Nov 09, 2023 6:12:41 PM seedu.commands.FindCommand <init>
INFO: FindCommand instance created.
Nov 09, 2023 6:12:41 PM seedu.commands.FindCommand <init>
INFO: FindCommand instance created.
Nov 09, 2023 6:12:41 PM seedu.commands.FindCommand <init>
INFO: FindCommand instance created.
Nov 09, 2023 6:12:41 PM seedu.commands.FindCommand <init>
INFO: FindCommand instance created.
Nov 09, 2023 6:12:41 PM seedu.commands.FindCommand <init>
INFO: FindCommand instance created.
Nov 09, 2023 6:12:41 PM seedu.commands.FindCommand <init>
INFO: FindCommand instance created.
Nov 09, 2023 6:12:41 PM seedu.commands.FindCommand <init>
INFO: FindCommand instance created.
Nov 09, 2023 6:12:41 PM seedu.commands.FindCommand <init>
INFO: FindCommand instance created.
Nov 09, 2023 6:12:41 PM seedu.commands.FindCommand <init>
INFO: FindCommand instance created.
Nov 09, 2023 6:12:41 PM seedu.commands.FindCommand <init>
INFO: FindCommand instance created.
Nov 09, 2023 6:12:41 PM seedu.commands.FindCommand <init>
INFO: FindCommand instance created.
Nov 09, 2023 6:12:41 PM seedu.commands.FindCommand <init>
INFO: FindCommand instance created.
Nov 09, 2023 6:12:41 PM seedu.commands.FindCommand <init>
INFO: FindCommand instance created.
Nov 09, 2023 6:12:41 PM seedu.commands.FindCommand <init>
INFO: FindCommand instance created.
Nov 09, 2023 6:12:41 PM seedu.commands.FindCommand <init>
INFO: FindCommand instance created.
Nov 09, 2023 6:12:41 PM seedu.commands.FindCommand <init>
INFO: FindCommand instance created.
Nov 09, 2023 6:12:41 PM seedu.commands.FindCommand <init>
INFO: FindCommand instance created.
Nov 09, 2023 6:12:41 PM seedu.commands.FindCommand <init>
INFO: FindCommand instance created.
Nov 09, 2023 6:12:41 PM seedu.commands.ExitCommand execute
INFO: Executing ExitCommand...
Nov 09, 2023 6:12:41 PM seedu.commands.FindCommand <init>
INFO: FindCommand instance created.
Nov 09, 2023 6:12:41 PM seedu.commands.FindCommand <init>
INFO: FindCommand instance created.
Nov 09, 2023 6:12:41 PM seedu.commands.FindCommand filterResources
INFO: Resource with name: Title1 matched given arguments.
Nov 09, 2023 6:12:41 PM seedu.commands.FindCommand execute
INFO: Resources matched the given filters.
Nov 09, 2023 6:12:41 PM seedu.commands.FindCommand <init>
INFO: FindCommand instance created.
Nov 09, 2023 6:12:41 PM seedu.commands.FindCommand <init>
INFO: FindCommand instance created.
Nov 09, 2023 6:12:41 PM seedu.commands.FindCommand filterResources
INFO: Resource with name: Title4 matched given arguments.
Nov 09, 2023 6:12:41 PM seedu.commands.FindCommand execute
INFO: Resources matched the given filters.
Nov 09, 2023 6:12:41 PM seedu.commands.FindCommand <init>
INFO: FindCommand instance created.
Nov 09, 2023 6:12:41 PM seedu.commands.FindCommand <init>
INFO: FindCommand instance created.
Nov 09, 2023 6:12:41 PM seedu.commands.FindCommand <init>
INFO: FindCommand instance created.
Nov 09, 2023 6:12:41 PM seedu.commands.FindCommand <init>
INFO: FindCommand instance created.
Nov 09, 2023 6:12:41 PM seedu.commands.FindCommand <init>
INFO: FindCommand instance created.
Nov 09, 2023 6:12:41 PM seedu.commands.FindCommand <init>
INFO: FindCommand instance created.
Nov 09, 2023 6:12:41 PM seedu.commands.FindCommand <init>
INFO: FindCommand instance created.
Nov 09, 2023 6:12:41 PM seedu.commands.FindCommand <init>
INFO: FindCommand instance created.
Nov 09, 2023 6:12:41 PM seedu.commands.FindCommand <init>
INFO: FindCommand instance created.
Nov 09, 2023 6:12:41 PM seedu.commands.FindCommand <init>
INFO: FindCommand instance created.
Nov 09, 2023 6:12:41 PM seedu.commands.FindCommand filterResources
INFO: Resource with name: Title3 matched given arguments.
Nov 09, 2023 6:12:41 PM seedu.commands.FindCommand execute
INFO: Resources matched the given filters.
Nov 09, 2023 6:12:41 PM seedu.commands.FindCommand <init>
INFO: FindCommand instance created.
Nov 09, 2023 6:12:41 PM seedu.commands.FindCommand <init>
INFO: FindCommand instance created.
Nov 09, 2023 6:12:41 PM seedu.commands.FindCommand filterResources
INFO: Resource with name: Title1 matched given arguments.
Nov 09, 2023 6:12:41 PM seedu.commands.FindCommand execute
INFO: Resources matched the given filters.
Nov 09, 2023 6:12:41 PM seedu.commands.FindCommand <init>
INFO: FindCommand instance created.
Nov 09, 2023 6:12:41 PM seedu.commands.FindCommand <init>
INFO: FindCommand instance created.
Nov 09, 2023 6:12:41 PM seedu.commands.FindCommand <init>
INFO: FindCommand instance created.
Nov 09, 2023 6:12:41 PM seedu.commands.FindCommand <init>
INFO: FindCommand instance created.
Nov 09, 2023 6:12:41 PM seedu.commands.FindCommand execute
INFO: No resources matched the given filters.
Nov 09, 2023 6:12:41 PM seedu.commands.FindCommand <init>
INFO: FindCommand instance created.
Nov 09, 2023 6:12:41 PM seedu.commands.FindCommand <init>
INFO: FindCommand instance created.
Nov 09, 2023 6:12:41 PM seedu.commands.FindCommand <init>
INFO: FindCommand instance created.
Nov 09, 2023 6:12:41 PM seedu.commands.FindCommand <init>
INFO: FindCommand instance created.
Nov 09, 2023 6:12:41 PM seedu.commands.FindCommand filterResources
INFO: Resource with name: Title2 matched given arguments.
Nov 09, 2023 6:12:41 PM seedu.commands.FindCommand execute
INFO: Resources matched the given filters.
Nov 09, 2023 6:12:41 PM seedu.commands.FindCommand <init>
INFO: FindCommand instance created.
Nov 09, 2023 6:12:41 PM seedu.commands.FindCommand <init>
INFO: FindCommand instance created.
Nov 09, 2023 6:12:41 PM seedu.commands.FindCommand filterResources
INFO: Resource with name: Title1 matched given arguments.
Nov 09, 2023 6:12:41 PM seedu.commands.FindCommand execute
INFO: Resources matched the given filters.
Nov 09, 2023 6:12:41 PM seedu.commands.FindCommand <init>
INFO: FindCommand instance created.
Nov 09, 2023 6:12:41 PM seedu.commands.FindCommand <init>
INFO: FindCommand instance created.
Nov 09, 2023 6:12:41 PM seedu.commands.FindCommand filterResources
INFO: Resource with name: Title1 matched given arguments.
Nov 09, 2023 6:12:41 PM seedu.commands.FindCommand execute
INFO: Resources matched the given filters.
Nov 09, 2023 6:12:41 PM seedu.commands.FindCommand <init>
INFO: FindCommand instance created.
Nov 09, 2023 6:12:41 PM seedu.commands.FindCommand <init>
INFO: FindCommand instance created.
Nov 09, 2023 6:12:41 PM seedu.commands.FindCommand <init>
INFO: FindCommand instance created.
Nov 09, 2023 6:12:41 PM seedu.commands.FindCommand <init>
INFO: FindCommand instance created.
Nov 09, 2023 6:12:41 PM seedu.commands.FindCommand <init>
INFO: FindCommand instance created.
Nov 09, 2023 6:12:41 PM seedu.commands.FindCommand <init>
INFO: FindCommand instance created.
Nov 09, 2023 6:12:41 PM seedu.commands.FindCommand <init>
INFO: FindCommand instance created.
Nov 09, 2023 6:12:41 PM seedu.commands.FindCommand <init>
INFO: FindCommand instance created.
Nov 09, 2023 6:12:41 PM seedu.commands.FindCommand <init>
INFO: FindCommand instance created.
Nov 09, 2023 6:12:41 PM seedu.commands.FindCommand <init>
INFO: FindCommand instance created.
Nov 09, 2023 6:12:41 PM seedu.commands.FindCommand <init>
INFO: FindCommand instance created.
Nov 09, 2023 6:12:41 PM seedu.commands.FindCommand <init>
INFO: FindCommand instance created.
Nov 09, 2023 6:12:41 PM seedu.commands.FindCommand <init>
INFO: FindCommand instance created.
Nov 09, 2023 6:12:41 PM seedu.commands.FindCommand <init>
INFO: FindCommand instance created.
Nov 09, 2023 6:12:41 PM seedu.commands.FindCommand <init>
INFO: FindCommand instance created.
Nov 09, 2023 6:12:41 PM seedu.commands.FindCommand <init>
INFO: FindCommand instance created.
Nov 09, 2023 6:12:41 PM seedu.commands.FindCommand <init>
INFO: FindCommand instance created.
Nov 09, 2023 6:12:41 PM seedu.commands.FindCommand <init>
INFO: FindCommand instance created.
Nov 09, 2023 6:12:41 PM seedu.commands.FindCommand <init>
INFO: FindCommand instance created.
Nov 09, 2023 6:12:41 PM seedu.commands.FindCommand <init>
INFO: FindCommand instance created.
Nov 09, 2023 6:12:41 PM seedu.commands.FindCommand <init>
INFO: FindCommand instance created.
Nov 09, 2023 6:12:41 PM seedu.commands.FindCommand <init>
INFO: FindCommand instance created.
Nov 09, 2023 6:12:41 PM seedu.commands.FindCommand <init>
INFO: FindCommand instance created.
Nov 09, 2023 6:12:41 PM seedu.commands.FindCommand <init>
INFO: FindCommand instance created.
Nov 09, 2023 6:12:41 PM seedu.commands.FindCommand <init>
INFO: FindCommand instance created.
Nov 09, 2023 6:12:41 PM seedu.commands.FindCommand <init>
INFO: FindCommand instance created.
Nov 09, 2023 6:12:41 PM seedu.commands.FindCommand <init>
INFO: FindCommand instance created.
Nov 09, 2023 6:12:41 PM seedu.commands.FindCommand <init>
INFO: FindCommand instance created.
Nov 09, 2023 6:12:41 PM seedu.commands.FindCommand <init>
INFO: FindCommand instance created.
Nov 09, 2023 6:12:41 PM seedu.commands.FindCommand <init>
INFO: FindCommand instance created.
