Nov 03, 2023 4:32:55 PM seedu.commands.FindCommand execute
INFO: Resources matched the given filters.
Nov 03, 2023 4:33:01 PM seedu.commands.FindCommand execute
INFO: Resources matched the given filters.
Nov 03, 2023 4:33:06 PM seedu.commands.FindCommand execute
INFO: Resources matched the given filters.
Nov 03, 2023 4:38:42 PM seedu.commands.ExitCommand execute
INFO: Executing ExitCommand...
Nov 03, 2023 4:46:36 PM seedu.commands.ExitCommand execute
INFO: Executing ExitCommand...
Nov 03, 2023 5:45:50 PM seedu.commands.ExitCommand execute
INFO: Executing ExitCommand...
Nov 03, 2023 5:46:00 PM seedu.commands.FindCommand <init>
INFO: FindCommand instance created.
Nov 03, 2023 5:46:00 PM seedu.commands.FindCommand <init>
INFO: FindCommand instance created.
Nov 03, 2023 5:46:00 PM seedu.commands.FindCommand <init>
INFO: FindCommand instance created.
Nov 03, 2023 5:46:00 PM seedu.commands.FindCommand <init>
INFO: FindCommand instance created.
Nov 03, 2023 5:46:00 PM seedu.commands.FindCommand <init>
INFO: FindCommand instance created.
Nov 03, 2023 5:46:00 PM seedu.commands.FindCommand <init>
INFO: FindCommand instance created.
Nov 03, 2023 5:46:00 PM seedu.commands.FindCommand <init>
INFO: FindCommand instance created.
Nov 03, 2023 5:46:00 PM seedu.commands.FindCommand <init>
INFO: FindCommand instance created.
Nov 03, 2023 5:46:00 PM seedu.commands.FindCommand <init>
INFO: FindCommand instance created.
Nov 03, 2023 5:46:00 PM seedu.commands.FindCommand <init>
INFO: FindCommand instance created.
Nov 03, 2023 5:46:00 PM seedu.commands.FindCommand <init>
INFO: FindCommand instance created.
Nov 03, 2023 5:46:00 PM seedu.commands.FindCommand <init>
INFO: FindCommand instance created.
Nov 03, 2023 5:46:00 PM seedu.commands.FindCommand <init>
INFO: FindCommand instance created.
Nov 03, 2023 5:46:00 PM seedu.commands.FindCommand <init>
INFO: FindCommand instance created.
Nov 03, 2023 5:46:00 PM seedu.commands.FindCommand <init>
INFO: FindCommand instance created.
Nov 03, 2023 5:46:00 PM seedu.commands.FindCommand <init>
INFO: FindCommand instance created.
Nov 03, 2023 5:46:00 PM seedu.commands.FindCommand <init>
INFO: FindCommand instance created.
Nov 03, 2023 5:46:00 PM seedu.commands.ExitCommand execute
INFO: Executing ExitCommand...
Nov 03, 2023 5:46:00 PM seedu.commands.FindCommand <init>
INFO: FindCommand instance created.
Nov 03, 2023 5:46:00 PM seedu.commands.FindCommand <init>
INFO: FindCommand instance created.
Nov 03, 2023 5:46:00 PM seedu.commands.FindCommand execute
INFO: Resources matched the given filters.
Nov 03, 2023 5:46:00 PM seedu.commands.FindCommand <init>
INFO: FindCommand instance created.
Nov 03, 2023 5:46:00 PM seedu.commands.FindCommand <init>
INFO: FindCommand instance created.
Nov 03, 2023 5:46:00 PM seedu.commands.FindCommand <init>
INFO: FindCommand instance created.
Nov 03, 2023 5:46:00 PM seedu.commands.FindCommand <init>
INFO: FindCommand instance created.
Nov 03, 2023 5:46:00 PM seedu.commands.FindCommand <init>
INFO: FindCommand instance created.
Nov 03, 2023 5:46:00 PM seedu.commands.FindCommand <init>
INFO: FindCommand instance created.
Nov 03, 2023 5:46:00 PM seedu.commands.FindCommand <init>
INFO: FindCommand instance created.
Nov 03, 2023 5:46:00 PM seedu.commands.FindCommand <init>
INFO: FindCommand instance created.
Nov 03, 2023 5:46:00 PM seedu.commands.FindCommand <init>
INFO: FindCommand instance created.
Nov 03, 2023 5:46:00 PM seedu.commands.FindCommand <init>
INFO: FindCommand instance created.
Nov 03, 2023 5:46:00 PM seedu.commands.FindCommand execute
INFO: Resources matched the given filters.
Nov 03, 2023 5:46:00 PM seedu.commands.FindCommand <init>
INFO: FindCommand instance created.
Nov 03, 2023 5:46:00 PM seedu.commands.FindCommand <init>
INFO: FindCommand instance created.
Nov 03, 2023 5:46:00 PM seedu.commands.FindCommand <init>
INFO: FindCommand instance created.
Nov 03, 2023 5:46:00 PM seedu.commands.FindCommand <init>
INFO: FindCommand instance created.
Nov 03, 2023 5:46:00 PM seedu.commands.FindCommand execute
WARNING: No resources matched the given filters.
Nov 03, 2023 5:46:00 PM seedu.commands.FindCommand <init>
INFO: FindCommand instance created.
Nov 03, 2023 5:46:00 PM seedu.commands.FindCommand <init>
INFO: FindCommand instance created.
Nov 03, 2023 5:46:00 PM seedu.commands.FindCommand <init>
INFO: FindCommand instance created.
Nov 03, 2023 5:46:00 PM seedu.commands.FindCommand <init>
INFO: FindCommand instance created.
Nov 03, 2023 5:46:00 PM seedu.commands.FindCommand execute
INFO: Resources matched the given filters.
Nov 03, 2023 5:46:00 PM seedu.commands.FindCommand <init>
INFO: FindCommand instance created.
Nov 03, 2023 5:46:00 PM seedu.commands.FindCommand <init>
INFO: FindCommand instance created.
Nov 03, 2023 5:46:00 PM seedu.commands.FindCommand execute
INFO: Resources matched the given filters.
Nov 03, 2023 5:46:00 PM seedu.commands.FindCommand <init>
INFO: FindCommand instance created.
Nov 03, 2023 5:46:00 PM seedu.commands.FindCommand <init>
INFO: FindCommand instance created.
Nov 03, 2023 5:46:00 PM seedu.commands.FindCommand <init>
INFO: FindCommand instance created.
Nov 03, 2023 5:46:00 PM seedu.commands.FindCommand <init>
INFO: FindCommand instance created.
Nov 03, 2023 5:46:00 PM seedu.commands.FindCommand <init>
INFO: FindCommand instance created.
Nov 03, 2023 5:46:00 PM seedu.commands.FindCommand <init>
INFO: FindCommand instance created.
Nov 03, 2023 5:46:00 PM seedu.commands.FindCommand <init>
INFO: FindCommand instance created.
Nov 03, 2023 5:46:00 PM seedu.commands.FindCommand <init>
INFO: FindCommand instance created.
Nov 03, 2023 5:46:00 PM seedu.commands.FindCommand <init>
INFO: FindCommand instance created.
Nov 03, 2023 5:46:00 PM seedu.commands.FindCommand <init>
INFO: FindCommand instance created.
Nov 03, 2023 5:46:00 PM seedu.commands.FindCommand <init>
INFO: FindCommand instance created.
Nov 03, 2023 5:46:00 PM seedu.commands.FindCommand <init>
INFO: FindCommand instance created.
Nov 03, 2023 5:46:00 PM seedu.commands.FindCommand <init>
INFO: FindCommand instance created.
Nov 03, 2023 5:46:00 PM seedu.commands.FindCommand <init>
INFO: FindCommand instance created.
Nov 03, 2023 5:46:00 PM seedu.commands.FindCommand <init>
INFO: FindCommand instance created.
Nov 03, 2023 5:46:00 PM seedu.commands.FindCommand <init>
INFO: FindCommand instance created.
Nov 03, 2023 5:46:00 PM seedu.commands.FindCommand <init>
INFO: FindCommand instance created.
Nov 03, 2023 5:46:00 PM seedu.commands.FindCommand <init>
INFO: FindCommand instance created.
Nov 03, 2023 5:46:01 PM seedu.commands.FindCommand <init>
INFO: FindCommand instance created.
Nov 03, 2023 5:46:01 PM seedu.commands.FindCommand <init>
INFO: FindCommand instance created.
Nov 03, 2023 5:46:01 PM seedu.commands.FindCommand <init>
INFO: FindCommand instance created.
Nov 03, 2023 5:46:01 PM seedu.commands.ExitCommand execute
INFO: Executing ExitCommand...
Nov 03, 2023 5:46:01 PM seedu.commands.FindCommand <init>
INFO: FindCommand instance created.
Nov 03, 2023 5:46:01 PM seedu.commands.FindCommand <init>
INFO: FindCommand instance created.
Nov 03, 2023 5:46:01 PM seedu.commands.FindCommand execute
INFO: Resources matched the given filters.
Nov 03, 2023 5:46:01 PM seedu.commands.FindCommand execute
WARNING: No resources matched the given filters.
Nov 03, 2023 5:52:48 PM seedu.commands.ExitCommand execute
INFO: Executing ExitCommand...
Nov 03, 2023 6:00:58 PM seedu.commands.FindCommand <init>
INFO: FindCommand instance created.
Nov 03, 2023 6:00:58 PM seedu.commands.FindCommand <init>
INFO: FindCommand instance created.
Nov 03, 2023 6:00:58 PM seedu.commands.FindCommand <init>
INFO: FindCommand instance created.
Nov 03, 2023 6:00:58 PM seedu.commands.FindCommand <init>
INFO: FindCommand instance created.
Nov 03, 2023 6:00:58 PM seedu.commands.FindCommand <init>
INFO: FindCommand instance created.
Nov 03, 2023 6:00:58 PM seedu.commands.FindCommand <init>
INFO: FindCommand instance created.
Nov 03, 2023 6:00:58 PM seedu.commands.FindCommand <init>
INFO: FindCommand instance created.
Nov 03, 2023 6:00:58 PM seedu.commands.FindCommand <init>
INFO: FindCommand instance created.
Nov 03, 2023 6:00:58 PM seedu.commands.FindCommand <init>
INFO: FindCommand instance created.
Nov 03, 2023 6:00:58 PM seedu.commands.FindCommand <init>
INFO: FindCommand instance created.
Nov 03, 2023 6:00:58 PM seedu.commands.FindCommand <init>
INFO: FindCommand instance created.
Nov 03, 2023 6:00:58 PM seedu.commands.FindCommand <init>
INFO: FindCommand instance created.
Nov 03, 2023 6:00:58 PM seedu.commands.FindCommand <init>
INFO: FindCommand instance created.
Nov 03, 2023 6:00:58 PM seedu.commands.FindCommand <init>
INFO: FindCommand instance created.
Nov 03, 2023 6:00:58 PM seedu.commands.FindCommand <init>
INFO: FindCommand instance created.
Nov 03, 2023 6:00:58 PM seedu.commands.FindCommand <init>
INFO: FindCommand instance created.
Nov 03, 2023 6:00:58 PM seedu.commands.FindCommand <init>
INFO: FindCommand instance created.
Nov 03, 2023 6:00:58 PM seedu.commands.ExitCommand execute
INFO: Executing ExitCommand...
Nov 03, 2023 6:00:58 PM seedu.commands.FindCommand <init>
INFO: FindCommand instance created.
Nov 03, 2023 6:00:58 PM seedu.commands.FindCommand <init>
INFO: FindCommand instance created.
Nov 03, 2023 6:00:58 PM seedu.commands.FindCommand execute
INFO: Resources matched the given filters.
Nov 03, 2023 6:00:58 PM seedu.commands.FindCommand <init>
INFO: FindCommand instance created.
Nov 03, 2023 6:00:58 PM seedu.commands.FindCommand <init>
INFO: FindCommand instance created.
Nov 03, 2023 6:00:58 PM seedu.commands.FindCommand <init>
INFO: FindCommand instance created.
Nov 03, 2023 6:00:58 PM seedu.commands.FindCommand <init>
INFO: FindCommand instance created.
Nov 03, 2023 6:00:58 PM seedu.commands.FindCommand <init>
INFO: FindCommand instance created.
Nov 03, 2023 6:00:58 PM seedu.commands.FindCommand <init>
INFO: FindCommand instance created.
Nov 03, 2023 6:00:58 PM seedu.commands.FindCommand <init>
INFO: FindCommand instance created.
Nov 03, 2023 6:00:58 PM seedu.commands.FindCommand <init>
INFO: FindCommand instance created.
Nov 03, 2023 6:00:58 PM seedu.commands.FindCommand <init>
INFO: FindCommand instance created.
Nov 03, 2023 6:00:58 PM seedu.commands.FindCommand <init>
INFO: FindCommand instance created.
Nov 03, 2023 6:00:58 PM seedu.commands.FindCommand execute
INFO: Resources matched the given filters.
Nov 03, 2023 6:00:58 PM seedu.commands.FindCommand <init>
INFO: FindCommand instance created.
Nov 03, 2023 6:00:58 PM seedu.commands.FindCommand <init>
INFO: FindCommand instance created.
Nov 03, 2023 6:00:58 PM seedu.commands.FindCommand <init>
INFO: FindCommand instance created.
Nov 03, 2023 6:00:58 PM seedu.commands.FindCommand <init>
INFO: FindCommand instance created.
Nov 03, 2023 6:00:58 PM seedu.commands.FindCommand execute
WARNING: No resources matched the given filters.
Nov 03, 2023 6:00:58 PM seedu.commands.FindCommand <init>
INFO: FindCommand instance created.
Nov 03, 2023 6:00:58 PM seedu.commands.FindCommand <init>
INFO: FindCommand instance created.
Nov 03, 2023 6:00:58 PM seedu.commands.FindCommand <init>
INFO: FindCommand instance created.
Nov 03, 2023 6:00:58 PM seedu.commands.FindCommand <init>
INFO: FindCommand instance created.
Nov 03, 2023 6:00:58 PM seedu.commands.FindCommand execute
INFO: Resources matched the given filters.
Nov 03, 2023 6:00:58 PM seedu.commands.FindCommand <init>
INFO: FindCommand instance created.
Nov 03, 2023 6:00:58 PM seedu.commands.FindCommand <init>
INFO: FindCommand instance created.
Nov 03, 2023 6:00:58 PM seedu.commands.FindCommand execute
INFO: Resources matched the given filters.
Nov 03, 2023 6:00:58 PM seedu.commands.FindCommand <init>
INFO: FindCommand instance created.
Nov 03, 2023 6:00:58 PM seedu.commands.FindCommand <init>
INFO: FindCommand instance created.
Nov 03, 2023 6:00:58 PM seedu.commands.FindCommand <init>
INFO: FindCommand instance created.
Nov 03, 2023 6:00:58 PM seedu.commands.FindCommand <init>
INFO: FindCommand instance created.
Nov 03, 2023 6:00:58 PM seedu.commands.FindCommand <init>
INFO: FindCommand instance created.
Nov 03, 2023 6:00:58 PM seedu.commands.FindCommand <init>
INFO: FindCommand instance created.
Nov 03, 2023 6:00:58 PM seedu.commands.FindCommand <init>
INFO: FindCommand instance created.
Nov 03, 2023 6:00:58 PM seedu.commands.FindCommand <init>
INFO: FindCommand instance created.
Nov 03, 2023 6:00:58 PM seedu.commands.FindCommand <init>
INFO: FindCommand instance created.
Nov 03, 2023 6:00:58 PM seedu.commands.FindCommand <init>
INFO: FindCommand instance created.
Nov 03, 2023 6:00:58 PM seedu.commands.FindCommand <init>
INFO: FindCommand instance created.
Nov 03, 2023 6:00:58 PM seedu.commands.FindCommand <init>
INFO: FindCommand instance created.
Nov 03, 2023 6:00:58 PM seedu.commands.FindCommand <init>
INFO: FindCommand instance created.
Nov 03, 2023 6:00:58 PM seedu.commands.FindCommand <init>
INFO: FindCommand instance created.
Nov 03, 2023 6:00:58 PM seedu.commands.FindCommand <init>
INFO: FindCommand instance created.
Nov 03, 2023 6:00:58 PM seedu.commands.FindCommand <init>
INFO: FindCommand instance created.
Nov 03, 2023 6:00:58 PM seedu.commands.FindCommand <init>
INFO: FindCommand instance created.
Nov 03, 2023 6:00:58 PM seedu.commands.FindCommand <init>
INFO: FindCommand instance created.
Nov 03, 2023 6:00:58 PM seedu.commands.FindCommand <init>
INFO: FindCommand instance created.
Nov 03, 2023 6:00:58 PM seedu.commands.FindCommand <init>
INFO: FindCommand instance created.
Nov 03, 2023 6:00:58 PM seedu.commands.FindCommand <init>
INFO: FindCommand instance created.
Nov 03, 2023 6:00:58 PM seedu.commands.ExitCommand execute
INFO: Executing ExitCommand...
Nov 03, 2023 6:00:58 PM seedu.commands.FindCommand <init>
INFO: FindCommand instance created.
Nov 03, 2023 6:00:58 PM seedu.commands.FindCommand <init>
INFO: FindCommand instance created.
Nov 03, 2023 6:00:58 PM seedu.commands.FindCommand execute
INFO: Resources matched the given filters.
Nov 03, 2023 6:00:58 PM seedu.commands.FindCommand execute
WARNING: No resources matched the given filters.
Nov 03, 2023 6:01:46 PM seedu.commands.FindCommand <init>
INFO: FindCommand instance created.
Nov 03, 2023 6:01:46 PM seedu.commands.FindCommand <init>
INFO: FindCommand instance created.
Nov 03, 2023 6:01:46 PM seedu.commands.FindCommand <init>
INFO: FindCommand instance created.
Nov 03, 2023 6:01:46 PM seedu.commands.FindCommand <init>
INFO: FindCommand instance created.
Nov 03, 2023 6:01:46 PM seedu.commands.FindCommand <init>
INFO: FindCommand instance created.
Nov 03, 2023 6:01:46 PM seedu.commands.FindCommand <init>
INFO: FindCommand instance created.
Nov 03, 2023 6:01:46 PM seedu.commands.FindCommand <init>
INFO: FindCommand instance created.
Nov 03, 2023 6:01:46 PM seedu.commands.FindCommand <init>
INFO: FindCommand instance created.
Nov 03, 2023 6:01:46 PM seedu.commands.FindCommand <init>
INFO: FindCommand instance created.
Nov 03, 2023 6:01:46 PM seedu.commands.FindCommand <init>
INFO: FindCommand instance created.
Nov 03, 2023 6:01:46 PM seedu.commands.FindCommand <init>
INFO: FindCommand instance created.
Nov 03, 2023 6:01:46 PM seedu.commands.FindCommand <init>
INFO: FindCommand instance created.
Nov 03, 2023 6:01:46 PM seedu.commands.FindCommand <init>
INFO: FindCommand instance created.
Nov 03, 2023 6:01:46 PM seedu.commands.FindCommand <init>
INFO: FindCommand instance created.
Nov 03, 2023 6:01:46 PM seedu.commands.FindCommand <init>
INFO: FindCommand instance created.
Nov 03, 2023 6:01:46 PM seedu.commands.FindCommand <init>
INFO: FindCommand instance created.
Nov 03, 2023 6:01:46 PM seedu.commands.FindCommand <init>
INFO: FindCommand instance created.
Nov 03, 2023 6:01:46 PM seedu.commands.ExitCommand execute
INFO: Executing ExitCommand...
Nov 03, 2023 6:01:46 PM seedu.commands.FindCommand <init>
INFO: FindCommand instance created.
Nov 03, 2023 6:01:46 PM seedu.commands.FindCommand <init>
INFO: FindCommand instance created.
Nov 03, 2023 6:01:46 PM seedu.commands.FindCommand execute
INFO: Resources matched the given filters.
Nov 03, 2023 6:01:46 PM seedu.commands.FindCommand <init>
INFO: FindCommand instance created.
Nov 03, 2023 6:01:46 PM seedu.commands.FindCommand <init>
INFO: FindCommand instance created.
Nov 03, 2023 6:01:46 PM seedu.commands.FindCommand <init>
INFO: FindCommand instance created.
Nov 03, 2023 6:01:46 PM seedu.commands.FindCommand <init>
INFO: FindCommand instance created.
Nov 03, 2023 6:01:46 PM seedu.commands.FindCommand <init>
INFO: FindCommand instance created.
Nov 03, 2023 6:01:46 PM seedu.commands.FindCommand <init>
INFO: FindCommand instance created.
Nov 03, 2023 6:01:46 PM seedu.commands.FindCommand <init>
INFO: FindCommand instance created.
Nov 03, 2023 6:01:46 PM seedu.commands.FindCommand <init>
INFO: FindCommand instance created.
Nov 03, 2023 6:01:46 PM seedu.commands.FindCommand <init>
INFO: FindCommand instance created.
Nov 03, 2023 6:01:46 PM seedu.commands.FindCommand <init>
INFO: FindCommand instance created.
Nov 03, 2023 6:01:46 PM seedu.commands.FindCommand execute
INFO: Resources matched the given filters.
Nov 03, 2023 6:01:46 PM seedu.commands.FindCommand <init>
INFO: FindCommand instance created.
Nov 03, 2023 6:01:46 PM seedu.commands.FindCommand <init>
INFO: FindCommand instance created.
Nov 03, 2023 6:01:46 PM seedu.commands.FindCommand <init>
INFO: FindCommand instance created.
Nov 03, 2023 6:01:46 PM seedu.commands.FindCommand <init>
INFO: FindCommand instance created.
Nov 03, 2023 6:01:46 PM seedu.commands.FindCommand execute
WARNING: No resources matched the given filters.
Nov 03, 2023 6:01:46 PM seedu.commands.FindCommand <init>
INFO: FindCommand instance created.
Nov 03, 2023 6:01:46 PM seedu.commands.FindCommand <init>
INFO: FindCommand instance created.
Nov 03, 2023 6:01:46 PM seedu.commands.FindCommand <init>
INFO: FindCommand instance created.
Nov 03, 2023 6:01:46 PM seedu.commands.FindCommand <init>
INFO: FindCommand instance created.
Nov 03, 2023 6:01:46 PM seedu.commands.FindCommand execute
INFO: Resources matched the given filters.
Nov 03, 2023 6:01:46 PM seedu.commands.FindCommand <init>
INFO: FindCommand instance created.
Nov 03, 2023 6:01:46 PM seedu.commands.FindCommand <init>
INFO: FindCommand instance created.
Nov 03, 2023 6:01:46 PM seedu.commands.FindCommand execute
INFO: Resources matched the given filters.
Nov 03, 2023 6:01:46 PM seedu.commands.FindCommand <init>
INFO: FindCommand instance created.
Nov 03, 2023 6:01:46 PM seedu.commands.FindCommand <init>
INFO: FindCommand instance created.
Nov 03, 2023 6:01:46 PM seedu.commands.FindCommand <init>
INFO: FindCommand instance created.
Nov 03, 2023 6:01:47 PM seedu.commands.FindCommand <init>
INFO: FindCommand instance created.
Nov 03, 2023 6:01:47 PM seedu.commands.FindCommand <init>
INFO: FindCommand instance created.
Nov 03, 2023 6:01:47 PM seedu.commands.FindCommand <init>
INFO: FindCommand instance created.
Nov 03, 2023 6:01:47 PM seedu.commands.FindCommand <init>
INFO: FindCommand instance created.
Nov 03, 2023 6:01:47 PM seedu.commands.FindCommand <init>
INFO: FindCommand instance created.
Nov 03, 2023 6:01:47 PM seedu.commands.FindCommand <init>
INFO: FindCommand instance created.
Nov 03, 2023 6:01:47 PM seedu.commands.FindCommand <init>
INFO: FindCommand instance created.
Nov 03, 2023 6:01:47 PM seedu.commands.FindCommand <init>
INFO: FindCommand instance created.
Nov 03, 2023 6:01:47 PM seedu.commands.FindCommand <init>
INFO: FindCommand instance created.
Nov 03, 2023 6:01:47 PM seedu.commands.FindCommand <init>
INFO: FindCommand instance created.
Nov 03, 2023 6:01:47 PM seedu.commands.FindCommand <init>
INFO: FindCommand instance created.
Nov 03, 2023 6:01:47 PM seedu.commands.FindCommand <init>
INFO: FindCommand instance created.
Nov 03, 2023 6:01:47 PM seedu.commands.FindCommand <init>
INFO: FindCommand instance created.
Nov 03, 2023 6:01:47 PM seedu.commands.FindCommand <init>
INFO: FindCommand instance created.
Nov 03, 2023 6:01:47 PM seedu.commands.FindCommand <init>
INFO: FindCommand instance created.
Nov 03, 2023 6:01:47 PM seedu.commands.FindCommand <init>
INFO: FindCommand instance created.
Nov 03, 2023 6:01:47 PM seedu.commands.FindCommand <init>
INFO: FindCommand instance created.
Nov 03, 2023 6:01:47 PM seedu.commands.FindCommand <init>
INFO: FindCommand instance created.
Nov 03, 2023 6:01:47 PM seedu.commands.ExitCommand execute
INFO: Executing ExitCommand...
Nov 03, 2023 6:01:47 PM seedu.commands.FindCommand <init>
INFO: FindCommand instance created.
Nov 03, 2023 6:01:47 PM seedu.commands.FindCommand <init>
INFO: FindCommand instance created.
Nov 03, 2023 6:01:47 PM seedu.commands.FindCommand execute
INFO: Resources matched the given filters.
Nov 03, 2023 6:01:47 PM seedu.commands.FindCommand execute
WARNING: No resources matched the given filters.
Nov 03, 2023 6:03:55 PM seedu.commands.FindCommand <init>
INFO: FindCommand instance created.
Nov 03, 2023 6:03:55 PM seedu.commands.FindCommand <init>
INFO: FindCommand instance created.
Nov 03, 2023 6:03:55 PM seedu.commands.FindCommand <init>
INFO: FindCommand instance created.
Nov 03, 2023 6:03:55 PM seedu.commands.FindCommand <init>
INFO: FindCommand instance created.
Nov 03, 2023 6:03:55 PM seedu.commands.FindCommand <init>
INFO: FindCommand instance created.
Nov 03, 2023 6:03:55 PM seedu.commands.FindCommand <init>
INFO: FindCommand instance created.
Nov 03, 2023 6:03:55 PM seedu.commands.FindCommand <init>
INFO: FindCommand instance created.
Nov 03, 2023 6:03:55 PM seedu.commands.FindCommand <init>
INFO: FindCommand instance created.
Nov 03, 2023 6:03:55 PM seedu.commands.FindCommand <init>
INFO: FindCommand instance created.
Nov 03, 2023 6:03:55 PM seedu.commands.FindCommand <init>
INFO: FindCommand instance created.
Nov 03, 2023 6:03:55 PM seedu.commands.FindCommand <init>
INFO: FindCommand instance created.
Nov 03, 2023 6:03:55 PM seedu.commands.FindCommand <init>
INFO: FindCommand instance created.
Nov 03, 2023 6:03:56 PM seedu.commands.FindCommand <init>
INFO: FindCommand instance created.
Nov 03, 2023 6:03:56 PM seedu.commands.FindCommand <init>
INFO: FindCommand instance created.
Nov 03, 2023 6:03:56 PM seedu.commands.FindCommand <init>
INFO: FindCommand instance created.
Nov 03, 2023 6:03:56 PM seedu.commands.FindCommand <init>
INFO: FindCommand instance created.
Nov 03, 2023 6:03:56 PM seedu.commands.FindCommand <init>
INFO: FindCommand instance created.
Nov 03, 2023 6:03:56 PM seedu.commands.ExitCommand execute
INFO: Executing ExitCommand...
Nov 03, 2023 6:03:56 PM seedu.commands.FindCommand <init>
INFO: FindCommand instance created.
Nov 03, 2023 6:03:56 PM seedu.commands.FindCommand <init>
INFO: FindCommand instance created.
Nov 03, 2023 6:03:56 PM seedu.commands.FindCommand execute
INFO: Resource Title1 matched given arguments.
Nov 03, 2023 6:03:56 PM seedu.commands.FindCommand execute
INFO: Resources matched the given filters.
Nov 03, 2023 6:03:56 PM seedu.commands.FindCommand <init>
INFO: FindCommand instance created.
Nov 03, 2023 6:03:56 PM seedu.commands.FindCommand <init>
INFO: FindCommand instance created.
Nov 03, 2023 6:03:56 PM seedu.commands.FindCommand <init>
INFO: FindCommand instance created.
Nov 03, 2023 6:03:56 PM seedu.commands.FindCommand <init>
INFO: FindCommand instance created.
Nov 03, 2023 6:03:56 PM seedu.commands.FindCommand <init>
INFO: FindCommand instance created.
Nov 03, 2023 6:03:56 PM seedu.commands.FindCommand <init>
INFO: FindCommand instance created.
Nov 03, 2023 6:03:56 PM seedu.commands.FindCommand <init>
INFO: FindCommand instance created.
Nov 03, 2023 6:03:56 PM seedu.commands.FindCommand <init>
INFO: FindCommand instance created.
Nov 03, 2023 6:03:56 PM seedu.commands.FindCommand <init>
INFO: FindCommand instance created.
Nov 03, 2023 6:03:56 PM seedu.commands.FindCommand <init>
INFO: FindCommand instance created.
Nov 03, 2023 6:03:56 PM seedu.commands.FindCommand execute
INFO: Resource Title1 matched given arguments.
Nov 03, 2023 6:03:56 PM seedu.commands.FindCommand execute
INFO: Resources matched the given filters.
Nov 03, 2023 6:03:56 PM seedu.commands.FindCommand <init>
INFO: FindCommand instance created.
Nov 03, 2023 6:03:56 PM seedu.commands.FindCommand <init>
INFO: FindCommand instance created.
Nov 03, 2023 6:03:56 PM seedu.commands.FindCommand <init>
INFO: FindCommand instance created.
Nov 03, 2023 6:03:56 PM seedu.commands.FindCommand <init>
INFO: FindCommand instance created.
Nov 03, 2023 6:03:56 PM seedu.commands.FindCommand execute
INFO: No resources matched the given filters.
Nov 03, 2023 6:03:56 PM seedu.commands.FindCommand <init>
INFO: FindCommand instance created.
Nov 03, 2023 6:03:56 PM seedu.commands.FindCommand <init>
INFO: FindCommand instance created.
Nov 03, 2023 6:03:56 PM seedu.commands.FindCommand <init>
INFO: FindCommand instance created.
Nov 03, 2023 6:03:56 PM seedu.commands.FindCommand <init>
INFO: FindCommand instance created.
Nov 03, 2023 6:03:56 PM seedu.commands.FindCommand execute
INFO: Resource Title1 matched given arguments.
Nov 03, 2023 6:03:56 PM seedu.commands.FindCommand execute
INFO: Resources matched the given filters.
Nov 03, 2023 6:03:56 PM seedu.commands.FindCommand <init>
INFO: FindCommand instance created.
Nov 03, 2023 6:03:56 PM seedu.commands.FindCommand <init>
INFO: FindCommand instance created.
Nov 03, 2023 6:03:56 PM seedu.commands.FindCommand execute
INFO: Resource Title1 matched given arguments.
Nov 03, 2023 6:03:56 PM seedu.commands.FindCommand execute
INFO: Resources matched the given filters.
Nov 03, 2023 6:03:56 PM seedu.commands.FindCommand <init>
INFO: FindCommand instance created.
Nov 03, 2023 6:03:56 PM seedu.commands.FindCommand <init>
INFO: FindCommand instance created.
Nov 03, 2023 6:03:56 PM seedu.commands.FindCommand <init>
INFO: FindCommand instance created.
Nov 03, 2023 6:03:56 PM seedu.commands.FindCommand <init>
INFO: FindCommand instance created.
Nov 03, 2023 6:03:56 PM seedu.commands.FindCommand <init>
INFO: FindCommand instance created.
Nov 03, 2023 6:03:56 PM seedu.commands.FindCommand <init>
INFO: FindCommand instance created.
Nov 03, 2023 6:03:56 PM seedu.commands.FindCommand <init>
INFO: FindCommand instance created.
Nov 03, 2023 6:03:56 PM seedu.commands.FindCommand <init>
INFO: FindCommand instance created.
Nov 03, 2023 6:03:56 PM seedu.commands.FindCommand <init>
INFO: FindCommand instance created.
Nov 03, 2023 6:03:56 PM seedu.commands.FindCommand <init>
INFO: FindCommand instance created.
Nov 03, 2023 6:03:56 PM seedu.commands.FindCommand <init>
INFO: FindCommand instance created.
Nov 03, 2023 6:03:56 PM seedu.commands.FindCommand <init>
INFO: FindCommand instance created.
Nov 03, 2023 6:03:56 PM seedu.commands.FindCommand <init>
INFO: FindCommand instance created.
Nov 03, 2023 6:03:56 PM seedu.commands.FindCommand <init>
INFO: FindCommand instance created.
Nov 03, 2023 6:03:56 PM seedu.commands.FindCommand <init>
INFO: FindCommand instance created.
Nov 03, 2023 6:03:56 PM seedu.commands.FindCommand <init>
INFO: FindCommand instance created.
Nov 03, 2023 6:03:56 PM seedu.commands.FindCommand <init>
INFO: FindCommand instance created.
Nov 03, 2023 6:03:56 PM seedu.commands.FindCommand <init>
INFO: FindCommand instance created.
Nov 03, 2023 6:03:56 PM seedu.commands.FindCommand <init>
INFO: FindCommand instance created.
Nov 03, 2023 6:03:56 PM seedu.commands.FindCommand <init>
INFO: FindCommand instance created.
Nov 03, 2023 6:03:56 PM seedu.commands.FindCommand <init>
INFO: FindCommand instance created.
Nov 03, 2023 6:03:56 PM seedu.commands.ExitCommand execute
INFO: Executing ExitCommand...
Nov 03, 2023 6:03:56 PM seedu.commands.FindCommand <init>
INFO: FindCommand instance created.
Nov 03, 2023 6:03:56 PM seedu.commands.FindCommand <init>
INFO: FindCommand instance created.
Nov 03, 2023 6:03:56 PM seedu.commands.FindCommand execute
INFO: Resource The Subtle Art of Not Giving a F*ck matched given arguments.
Nov 03, 2023 6:03:56 PM seedu.commands.FindCommand execute
INFO: Resources matched the given filters.
Nov 03, 2023 6:03:56 PM seedu.commands.FindCommand execute
INFO: No resources matched the given filters.
Nov 03, 2023 6:09:09 PM seedu.commands.FindCommand <init>
INFO: FindCommand instance created.
Nov 03, 2023 6:09:09 PM seedu.commands.FindCommand <init>
INFO: FindCommand instance created.
Nov 03, 2023 6:09:09 PM seedu.commands.FindCommand <init>
INFO: FindCommand instance created.
Nov 03, 2023 6:09:09 PM seedu.commands.FindCommand <init>
INFO: FindCommand instance created.
Nov 03, 2023 6:09:09 PM seedu.commands.FindCommand <init>
INFO: FindCommand instance created.
Nov 03, 2023 6:09:09 PM seedu.commands.FindCommand <init>
INFO: FindCommand instance created.
Nov 03, 2023 6:09:09 PM seedu.commands.FindCommand <init>
INFO: FindCommand instance created.
Nov 03, 2023 6:09:09 PM seedu.commands.FindCommand <init>
INFO: FindCommand instance created.
Nov 03, 2023 6:09:09 PM seedu.commands.FindCommand <init>
INFO: FindCommand instance created.
Nov 03, 2023 6:09:09 PM seedu.commands.FindCommand <init>
INFO: FindCommand instance created.
Nov 03, 2023 6:09:09 PM seedu.commands.FindCommand <init>
INFO: FindCommand instance created.
Nov 03, 2023 6:09:09 PM seedu.commands.FindCommand <init>
INFO: FindCommand instance created.
Nov 03, 2023 6:09:09 PM seedu.commands.FindCommand <init>
INFO: FindCommand instance created.
Nov 03, 2023 6:09:09 PM seedu.commands.FindCommand <init>
INFO: FindCommand instance created.
Nov 03, 2023 6:09:09 PM seedu.commands.FindCommand <init>
INFO: FindCommand instance created.
Nov 03, 2023 6:09:09 PM seedu.commands.FindCommand <init>
INFO: FindCommand instance created.
Nov 03, 2023 6:09:09 PM seedu.commands.FindCommand <init>
INFO: FindCommand instance created.
Nov 03, 2023 6:09:09 PM seedu.commands.ExitCommand execute
INFO: Executing ExitCommand...
Nov 03, 2023 6:09:09 PM seedu.commands.FindCommand <init>
INFO: FindCommand instance created.
Nov 03, 2023 6:09:09 PM seedu.commands.FindCommand <init>
INFO: FindCommand instance created.
Nov 03, 2023 6:09:09 PM seedu.commands.FindCommand execute
INFO: Resource Title1 matched given arguments.
Nov 03, 2023 6:09:09 PM seedu.commands.FindCommand execute
INFO: Resources matched the given filters.
Nov 03, 2023 6:09:09 PM seedu.commands.FindCommand <init>
INFO: FindCommand instance created.
Nov 03, 2023 6:09:09 PM seedu.commands.FindCommand <init>
INFO: FindCommand instance created.
Nov 03, 2023 6:09:09 PM seedu.commands.FindCommand <init>
INFO: FindCommand instance created.
Nov 03, 2023 6:09:09 PM seedu.commands.FindCommand <init>
INFO: FindCommand instance created.
Nov 03, 2023 6:09:09 PM seedu.commands.FindCommand <init>
INFO: FindCommand instance created.
Nov 03, 2023 6:09:09 PM seedu.commands.FindCommand <init>
INFO: FindCommand instance created.
Nov 03, 2023 6:09:09 PM seedu.commands.FindCommand <init>
INFO: FindCommand instance created.
Nov 03, 2023 6:09:09 PM seedu.commands.FindCommand <init>
INFO: FindCommand instance created.
Nov 03, 2023 6:09:09 PM seedu.commands.FindCommand <init>
INFO: FindCommand instance created.
Nov 03, 2023 6:09:09 PM seedu.commands.FindCommand <init>
INFO: FindCommand instance created.
Nov 03, 2023 6:09:09 PM seedu.commands.FindCommand execute
INFO: Resource Title1 matched given arguments.
Nov 03, 2023 6:09:09 PM seedu.commands.FindCommand execute
INFO: Resources matched the given filters.
Nov 03, 2023 6:09:09 PM seedu.commands.FindCommand <init>
INFO: FindCommand instance created.
Nov 03, 2023 6:09:09 PM seedu.commands.FindCommand <init>
INFO: FindCommand instance created.
Nov 03, 2023 6:09:09 PM seedu.commands.FindCommand <init>
INFO: FindCommand instance created.
Nov 03, 2023 6:09:09 PM seedu.commands.FindCommand <init>
INFO: FindCommand instance created.
Nov 03, 2023 6:09:09 PM seedu.commands.FindCommand execute
INFO: No resources matched the given filters.
Nov 03, 2023 6:09:09 PM seedu.commands.FindCommand <init>
INFO: FindCommand instance created.
Nov 03, 2023 6:09:09 PM seedu.commands.FindCommand <init>
INFO: FindCommand instance created.
Nov 03, 2023 6:09:09 PM seedu.commands.FindCommand <init>
INFO: FindCommand instance created.
Nov 03, 2023 6:09:09 PM seedu.commands.FindCommand <init>
INFO: FindCommand instance created.
Nov 03, 2023 6:09:09 PM seedu.commands.FindCommand execute
INFO: Resource Title1 matched given arguments.
Nov 03, 2023 6:09:09 PM seedu.commands.FindCommand execute
INFO: Resources matched the given filters.
Nov 03, 2023 6:09:09 PM seedu.commands.FindCommand <init>
INFO: FindCommand instance created.
Nov 03, 2023 6:09:09 PM seedu.commands.FindCommand <init>
INFO: FindCommand instance created.
Nov 03, 2023 6:09:09 PM seedu.commands.FindCommand execute
INFO: Resource Title1 matched given arguments.
Nov 03, 2023 6:09:09 PM seedu.commands.FindCommand execute
INFO: Resources matched the given filters.
Nov 03, 2023 6:09:09 PM seedu.commands.FindCommand <init>
INFO: FindCommand instance created.
Nov 03, 2023 6:09:09 PM seedu.commands.FindCommand <init>
INFO: FindCommand instance created.
Nov 03, 2023 6:09:09 PM seedu.commands.FindCommand <init>
INFO: FindCommand instance created.
Nov 03, 2023 6:09:09 PM seedu.commands.FindCommand <init>
INFO: FindCommand instance created.
Nov 03, 2023 6:09:09 PM seedu.commands.FindCommand <init>
INFO: FindCommand instance created.
Nov 03, 2023 6:09:09 PM seedu.commands.FindCommand <init>
INFO: FindCommand instance created.
Nov 03, 2023 6:09:09 PM seedu.commands.FindCommand <init>
INFO: FindCommand instance created.
Nov 03, 2023 6:09:09 PM seedu.commands.FindCommand <init>
INFO: FindCommand instance created.
Nov 03, 2023 6:09:09 PM seedu.commands.FindCommand <init>
INFO: FindCommand instance created.
Nov 03, 2023 6:09:09 PM seedu.commands.FindCommand <init>
INFO: FindCommand instance created.
Nov 03, 2023 6:09:09 PM seedu.commands.FindCommand <init>
INFO: FindCommand instance created.
Nov 03, 2023 6:09:09 PM seedu.commands.FindCommand <init>
INFO: FindCommand instance created.
Nov 03, 2023 6:09:09 PM seedu.commands.FindCommand <init>
INFO: FindCommand instance created.
Nov 03, 2023 6:09:09 PM seedu.commands.FindCommand <init>
INFO: FindCommand instance created.
Nov 03, 2023 6:09:09 PM seedu.commands.FindCommand <init>
INFO: FindCommand instance created.
Nov 03, 2023 6:09:09 PM seedu.commands.FindCommand <init>
INFO: FindCommand instance created.
Nov 03, 2023 6:09:09 PM seedu.commands.FindCommand <init>
INFO: FindCommand instance created.
Nov 03, 2023 6:09:09 PM seedu.commands.FindCommand <init>
INFO: FindCommand instance created.
Nov 03, 2023 6:09:09 PM seedu.commands.FindCommand <init>
INFO: FindCommand instance created.
Nov 03, 2023 6:09:09 PM seedu.commands.FindCommand <init>
INFO: FindCommand instance created.
Nov 03, 2023 6:09:09 PM seedu.commands.FindCommand <init>
INFO: FindCommand instance created.
Nov 03, 2023 6:09:09 PM seedu.commands.ExitCommand execute
INFO: Executing ExitCommand...
Nov 03, 2023 6:09:09 PM seedu.commands.FindCommand <init>
INFO: FindCommand instance created.
Nov 03, 2023 6:09:09 PM seedu.commands.FindCommand <init>
INFO: FindCommand instance created.
Nov 03, 2023 6:09:09 PM seedu.commands.FindCommand execute
INFO: Resource The Subtle Art of Not Giving a F*ck matched given arguments.
Nov 03, 2023 6:09:09 PM seedu.commands.FindCommand execute
INFO: Resources matched the given filters.
Nov 03, 2023 6:09:09 PM seedu.commands.FindCommand execute
INFO: No resources matched the given filters.
Nov 03, 2023 6:09:35 PM seedu.commands.FindCommand execute
INFO: Resource asdf matched given arguments.
Nov 03, 2023 6:09:35 PM seedu.commands.FindCommand execute
INFO: Resources matched the given filters.
Nov 03, 2023 6:09:43 PM seedu.commands.ExitCommand execute
INFO: Executing ExitCommand...
Nov 03, 2023 6:10:39 PM seedu.commands.FindCommand <init>
INFO: FindCommand instance created.
Nov 03, 2023 6:10:39 PM seedu.commands.FindCommand <init>
INFO: FindCommand instance created.
Nov 03, 2023 6:10:39 PM seedu.commands.FindCommand <init>
INFO: FindCommand instance created.
Nov 03, 2023 6:10:39 PM seedu.commands.FindCommand <init>
INFO: FindCommand instance created.
Nov 03, 2023 6:10:40 PM seedu.commands.FindCommand <init>
INFO: FindCommand instance created.
Nov 03, 2023 6:10:40 PM seedu.commands.FindCommand <init>
INFO: FindCommand instance created.
Nov 03, 2023 6:10:40 PM seedu.commands.FindCommand <init>
INFO: FindCommand instance created.
Nov 03, 2023 6:10:40 PM seedu.commands.FindCommand <init>
INFO: FindCommand instance created.
Nov 03, 2023 6:10:40 PM seedu.commands.FindCommand <init>
INFO: FindCommand instance created.
Nov 03, 2023 6:10:40 PM seedu.commands.FindCommand <init>
INFO: FindCommand instance created.
Nov 03, 2023 6:10:40 PM seedu.commands.FindCommand <init>
INFO: FindCommand instance created.
Nov 03, 2023 6:10:40 PM seedu.commands.FindCommand <init>
INFO: FindCommand instance created.
Nov 03, 2023 6:10:40 PM seedu.commands.FindCommand <init>
INFO: FindCommand instance created.
Nov 03, 2023 6:10:40 PM seedu.commands.FindCommand <init>
INFO: FindCommand instance created.
Nov 03, 2023 6:10:40 PM seedu.commands.FindCommand <init>
INFO: FindCommand instance created.
Nov 03, 2023 6:10:40 PM seedu.commands.FindCommand <init>
INFO: FindCommand instance created.
Nov 03, 2023 6:10:40 PM seedu.commands.FindCommand <init>
INFO: FindCommand instance created.
Nov 03, 2023 6:10:40 PM seedu.commands.ExitCommand execute
INFO: Executing ExitCommand...
Nov 03, 2023 6:10:40 PM seedu.commands.FindCommand <init>
INFO: FindCommand instance created.
Nov 03, 2023 6:10:40 PM seedu.commands.FindCommand <init>
INFO: FindCommand instance created.
Nov 03, 2023 6:10:40 PM seedu.commands.FindCommand execute
INFO: Resource with name: Title1 matched given arguments.
Nov 03, 2023 6:10:40 PM seedu.commands.FindCommand execute
INFO: Resources matched the given filters.
Nov 03, 2023 6:10:40 PM seedu.commands.FindCommand <init>
INFO: FindCommand instance created.
Nov 03, 2023 6:10:40 PM seedu.commands.FindCommand <init>
INFO: FindCommand instance created.
Nov 03, 2023 6:10:40 PM seedu.commands.FindCommand <init>
INFO: FindCommand instance created.
Nov 03, 2023 6:10:40 PM seedu.commands.FindCommand <init>
INFO: FindCommand instance created.
Nov 03, 2023 6:10:40 PM seedu.commands.FindCommand <init>
INFO: FindCommand instance created.
Nov 03, 2023 6:10:40 PM seedu.commands.FindCommand <init>
INFO: FindCommand instance created.
Nov 03, 2023 6:10:40 PM seedu.commands.FindCommand <init>
INFO: FindCommand instance created.
Nov 03, 2023 6:10:40 PM seedu.commands.FindCommand <init>
INFO: FindCommand instance created.
Nov 03, 2023 6:10:40 PM seedu.commands.FindCommand <init>
INFO: FindCommand instance created.
Nov 03, 2023 6:10:40 PM seedu.commands.FindCommand <init>
INFO: FindCommand instance created.
Nov 03, 2023 6:10:40 PM seedu.commands.FindCommand execute
INFO: Resource with name: Title1 matched given arguments.
Nov 03, 2023 6:10:40 PM seedu.commands.FindCommand execute
INFO: Resources matched the given filters.
Nov 03, 2023 6:10:40 PM seedu.commands.FindCommand <init>
INFO: FindCommand instance created.
Nov 03, 2023 6:10:40 PM seedu.commands.FindCommand <init>
INFO: FindCommand instance created.
Nov 03, 2023 6:10:40 PM seedu.commands.FindCommand <init>
INFO: FindCommand instance created.
Nov 03, 2023 6:10:40 PM seedu.commands.FindCommand <init>
INFO: FindCommand instance created.
Nov 03, 2023 6:10:40 PM seedu.commands.FindCommand execute
INFO: No resources matched the given filters.
Nov 03, 2023 6:10:40 PM seedu.commands.FindCommand <init>
INFO: FindCommand instance created.
Nov 03, 2023 6:10:40 PM seedu.commands.FindCommand <init>
INFO: FindCommand instance created.
Nov 03, 2023 6:10:40 PM seedu.commands.FindCommand <init>
INFO: FindCommand instance created.
Nov 03, 2023 6:10:40 PM seedu.commands.FindCommand <init>
INFO: FindCommand instance created.
Nov 03, 2023 6:10:40 PM seedu.commands.FindCommand execute
INFO: Resource with name: Title1 matched given arguments.
Nov 03, 2023 6:10:40 PM seedu.commands.FindCommand execute
INFO: Resources matched the given filters.
Nov 03, 2023 6:10:40 PM seedu.commands.FindCommand <init>
INFO: FindCommand instance created.
Nov 03, 2023 6:10:40 PM seedu.commands.FindCommand <init>
INFO: FindCommand instance created.
Nov 03, 2023 6:10:40 PM seedu.commands.FindCommand execute
INFO: Resource with name: Title1 matched given arguments.
Nov 03, 2023 6:10:40 PM seedu.commands.FindCommand execute
INFO: Resources matched the given filters.
Nov 03, 2023 6:10:40 PM seedu.commands.FindCommand <init>
INFO: FindCommand instance created.
Nov 03, 2023 6:10:40 PM seedu.commands.FindCommand <init>
INFO: FindCommand instance created.
Nov 03, 2023 6:10:40 PM seedu.commands.FindCommand <init>
INFO: FindCommand instance created.
Nov 03, 2023 6:10:40 PM seedu.commands.FindCommand <init>
INFO: FindCommand instance created.
Nov 03, 2023 6:10:40 PM seedu.commands.FindCommand <init>
INFO: FindCommand instance created.
Nov 03, 2023 6:10:40 PM seedu.commands.FindCommand <init>
INFO: FindCommand instance created.
Nov 03, 2023 6:10:40 PM seedu.commands.FindCommand <init>
INFO: FindCommand instance created.
Nov 03, 2023 6:10:40 PM seedu.commands.FindCommand <init>
INFO: FindCommand instance created.
Nov 03, 2023 6:10:40 PM seedu.commands.FindCommand <init>
INFO: FindCommand instance created.
Nov 03, 2023 6:10:40 PM seedu.commands.FindCommand <init>
INFO: FindCommand instance created.
Nov 03, 2023 6:10:40 PM seedu.commands.FindCommand <init>
INFO: FindCommand instance created.
Nov 03, 2023 6:10:40 PM seedu.commands.FindCommand <init>
INFO: FindCommand instance created.
Nov 03, 2023 6:10:40 PM seedu.commands.FindCommand <init>
INFO: FindCommand instance created.
Nov 03, 2023 6:10:40 PM seedu.commands.FindCommand <init>
INFO: FindCommand instance created.
Nov 03, 2023 6:10:40 PM seedu.commands.FindCommand <init>
INFO: FindCommand instance created.
Nov 03, 2023 6:10:40 PM seedu.commands.FindCommand <init>
INFO: FindCommand instance created.
Nov 03, 2023 6:10:40 PM seedu.commands.FindCommand <init>
INFO: FindCommand instance created.
Nov 03, 2023 6:10:40 PM seedu.commands.FindCommand <init>
INFO: FindCommand instance created.
Nov 03, 2023 6:10:40 PM seedu.commands.FindCommand <init>
INFO: FindCommand instance created.
Nov 03, 2023 6:10:40 PM seedu.commands.FindCommand <init>
INFO: FindCommand instance created.
Nov 03, 2023 6:10:40 PM seedu.commands.FindCommand <init>
INFO: FindCommand instance created.
Nov 03, 2023 6:10:40 PM seedu.commands.ExitCommand execute
INFO: Executing ExitCommand...
Nov 03, 2023 6:10:40 PM seedu.commands.FindCommand <init>
INFO: FindCommand instance created.
Nov 03, 2023 6:10:40 PM seedu.commands.FindCommand <init>
INFO: FindCommand instance created.
Nov 03, 2023 6:10:40 PM seedu.commands.FindCommand execute
INFO: Resource with name: The Subtle Art of Not Giving a F*ck matched given arguments.
Nov 03, 2023 6:10:40 PM seedu.commands.FindCommand execute
INFO: Resources matched the given filters.
Nov 03, 2023 6:10:40 PM seedu.commands.FindCommand execute
INFO: No resources matched the given filters.
Nov 03, 2023 8:39:16 PM seedu.commands.ExitCommand execute
INFO: Executing ExitCommand...
Nov 03, 2023 9:25:32 PM seedu.commands.ExitCommand execute
INFO: Executing ExitCommand...
Nov 03, 2023 9:25:44 PM seedu.commands.FindCommand execute
INFO: Resource with name: whatthefuck matched given arguments.
Nov 03, 2023 9:25:44 PM seedu.commands.FindCommand execute
INFO: Resource with name: asdf matched given arguments.
Nov 03, 2023 9:25:44 PM seedu.commands.FindCommand execute
INFO: Resources matched the given filters.
Nov 03, 2023 9:27:07 PM seedu.commands.ExitCommand execute
INFO: Executing ExitCommand...
Nov 03, 2023 9:29:53 PM seedu.commands.FindCommand execute
INFO: Resource with name: whatthefuck matched given arguments.
Nov 03, 2023 9:29:53 PM seedu.commands.FindCommand execute
INFO: Resource with name: asdf matched given arguments.
Nov 03, 2023 9:29:53 PM seedu.commands.FindCommand execute
INFO: Resources matched the given filters.
Nov 03, 2023 9:37:43 PM seedu.commands.ExitCommand execute
INFO: Executing ExitCommand...
Nov 04, 2023 12:34:40 AM seedu.commands.FindCommand <init>
INFO: FindCommand instance created.
Nov 04, 2023 12:34:40 AM seedu.commands.FindCommand <init>
INFO: FindCommand instance created.
Nov 04, 2023 12:34:40 AM seedu.commands.FindCommand <init>
INFO: FindCommand instance created.
Nov 04, 2023 12:34:40 AM seedu.commands.FindCommand <init>
INFO: FindCommand instance created.
Nov 04, 2023 12:34:40 AM seedu.commands.FindCommand <init>
INFO: FindCommand instance created.
Nov 04, 2023 12:34:40 AM seedu.commands.FindCommand <init>
INFO: FindCommand instance created.
Nov 04, 2023 12:34:40 AM seedu.commands.FindCommand <init>
INFO: FindCommand instance created.
Nov 04, 2023 12:34:40 AM seedu.commands.FindCommand <init>
INFO: FindCommand instance created.
Nov 04, 2023 12:34:40 AM seedu.commands.FindCommand <init>
INFO: FindCommand instance created.
Nov 04, 2023 12:34:40 AM seedu.commands.FindCommand <init>
INFO: FindCommand instance created.
Nov 04, 2023 12:34:40 AM seedu.commands.FindCommand <init>
INFO: FindCommand instance created.
Nov 04, 2023 12:34:40 AM seedu.commands.FindCommand <init>
INFO: FindCommand instance created.
Nov 04, 2023 12:34:40 AM seedu.commands.FindCommand <init>
INFO: FindCommand instance created.
Nov 04, 2023 12:34:40 AM seedu.commands.FindCommand <init>
INFO: FindCommand instance created.
Nov 04, 2023 12:34:40 AM seedu.commands.FindCommand <init>
INFO: FindCommand instance created.
Nov 04, 2023 12:34:40 AM seedu.commands.FindCommand <init>
INFO: FindCommand instance created.
Nov 04, 2023 12:34:40 AM seedu.commands.FindCommand <init>
INFO: FindCommand instance created.
Nov 04, 2023 12:34:40 AM seedu.commands.ExitCommand execute
INFO: Executing ExitCommand...
Nov 04, 2023 12:34:40 AM seedu.commands.FindCommand <init>
INFO: FindCommand instance created.
Nov 04, 2023 12:34:40 AM seedu.commands.FindCommand <init>
INFO: FindCommand instance created.
Nov 04, 2023 12:34:40 AM seedu.commands.FindCommand execute
INFO: No resources matched the given filters.
Nov 04, 2023 12:34:40 AM seedu.commands.FindCommand <init>
INFO: FindCommand instance created.
Nov 04, 2023 12:34:40 AM seedu.commands.FindCommand <init>
INFO: FindCommand instance created.
Nov 04, 2023 12:34:40 AM seedu.commands.FindCommand <init>
INFO: FindCommand instance created.
Nov 04, 2023 12:34:40 AM seedu.commands.FindCommand <init>
INFO: FindCommand instance created.
Nov 04, 2023 12:34:40 AM seedu.commands.FindCommand <init>
INFO: FindCommand instance created.
Nov 04, 2023 12:34:40 AM seedu.commands.FindCommand <init>
INFO: FindCommand instance created.
Nov 04, 2023 12:34:40 AM seedu.commands.FindCommand <init>
INFO: FindCommand instance created.
Nov 04, 2023 12:34:40 AM seedu.commands.FindCommand <init>
INFO: FindCommand instance created.
Nov 04, 2023 12:34:40 AM seedu.commands.FindCommand <init>
INFO: FindCommand instance created.
Nov 04, 2023 12:34:40 AM seedu.commands.FindCommand <init>
INFO: FindCommand instance created.
Nov 04, 2023 12:34:40 AM seedu.commands.FindCommand execute
INFO: Resource with name: Title1 matched given arguments.
Nov 04, 2023 12:34:40 AM seedu.commands.FindCommand execute
INFO: Resources matched the given filters.
Nov 04, 2023 12:34:41 AM seedu.commands.FindCommand <init>
INFO: FindCommand instance created.
Nov 04, 2023 12:34:41 AM seedu.commands.FindCommand <init>
INFO: FindCommand instance created.
Nov 04, 2023 12:34:41 AM seedu.commands.FindCommand <init>
INFO: FindCommand instance created.
Nov 04, 2023 12:34:41 AM seedu.commands.FindCommand <init>
INFO: FindCommand instance created.
Nov 04, 2023 12:34:41 AM seedu.commands.FindCommand execute
INFO: No resources matched the given filters.
Nov 04, 2023 12:34:41 AM seedu.commands.FindCommand <init>
INFO: FindCommand instance created.
Nov 04, 2023 12:34:41 AM seedu.commands.FindCommand <init>
INFO: FindCommand instance created.
Nov 04, 2023 12:34:41 AM seedu.commands.FindCommand <init>
INFO: FindCommand instance created.
Nov 04, 2023 12:34:41 AM seedu.commands.FindCommand <init>
INFO: FindCommand instance created.
Nov 04, 2023 12:34:41 AM seedu.commands.FindCommand execute
INFO: No resources matched the given filters.
Nov 04, 2023 12:34:41 AM seedu.commands.FindCommand <init>
INFO: FindCommand instance created.
Nov 04, 2023 12:34:41 AM seedu.commands.FindCommand <init>
INFO: FindCommand instance created.
Nov 04, 2023 12:34:41 AM seedu.commands.FindCommand execute
INFO: No resources matched the given filters.
Nov 04, 2023 12:34:41 AM seedu.commands.FindCommand <init>
INFO: FindCommand instance created.
Nov 04, 2023 12:34:41 AM seedu.commands.FindCommand <init>
INFO: FindCommand instance created.
Nov 04, 2023 12:34:41 AM seedu.commands.FindCommand <init>
INFO: FindCommand instance created.
Nov 04, 2023 12:34:41 AM seedu.commands.FindCommand <init>
INFO: FindCommand instance created.
Nov 04, 2023 12:34:41 AM seedu.commands.FindCommand <init>
INFO: FindCommand instance created.
Nov 04, 2023 12:34:41 AM seedu.commands.FindCommand <init>
INFO: FindCommand instance created.
Nov 04, 2023 12:34:41 AM seedu.commands.FindCommand <init>
INFO: FindCommand instance created.
Nov 04, 2023 12:34:41 AM seedu.commands.FindCommand <init>
INFO: FindCommand instance created.
Nov 04, 2023 12:34:41 AM seedu.commands.FindCommand <init>
INFO: FindCommand instance created.
Nov 04, 2023 12:34:41 AM seedu.commands.FindCommand <init>
INFO: FindCommand instance created.
Nov 04, 2023 12:34:41 AM seedu.commands.FindCommand <init>
INFO: FindCommand instance created.
Nov 04, 2023 12:34:41 AM seedu.commands.FindCommand <init>
INFO: FindCommand instance created.
Nov 04, 2023 12:34:41 AM seedu.commands.FindCommand <init>
INFO: FindCommand instance created.
Nov 04, 2023 12:34:41 AM seedu.commands.FindCommand <init>
INFO: FindCommand instance created.
Nov 04, 2023 12:34:41 AM seedu.commands.FindCommand <init>
INFO: FindCommand instance created.
Nov 04, 2023 12:34:41 AM seedu.commands.FindCommand <init>
INFO: FindCommand instance created.
Nov 04, 2023 12:34:41 AM seedu.commands.FindCommand <init>
INFO: FindCommand instance created.
Nov 04, 2023 12:34:41 AM seedu.commands.FindCommand <init>
INFO: FindCommand instance created.
Nov 04, 2023 12:34:41 AM seedu.commands.FindCommand <init>
INFO: FindCommand instance created.
Nov 04, 2023 12:34:41 AM seedu.commands.FindCommand <init>
INFO: FindCommand instance created.
Nov 04, 2023 12:34:41 AM seedu.commands.FindCommand <init>
INFO: FindCommand instance created.
Nov 04, 2023 12:34:41 AM seedu.commands.ExitCommand execute
INFO: Executing ExitCommand...
Nov 04, 2023 12:34:41 AM seedu.commands.FindCommand <init>
INFO: FindCommand instance created.
Nov 04, 2023 12:34:41 AM seedu.commands.FindCommand <init>
INFO: FindCommand instance created.
Nov 04, 2023 12:34:41 AM seedu.commands.FindCommand execute
INFO: No resources matched the given filters.
Nov 04, 2023 12:37:16 AM seedu.commands.FindCommand execute
INFO: No resources matched the given filters.
Nov 04, 2023 12:37:47 AM seedu.commands.FindCommand execute
INFO: No resources matched the given filters.
Nov 04, 2023 12:37:51 AM seedu.commands.FindCommand execute
INFO: Resource with name: Moby Dick matched given arguments.
Nov 04, 2023 12:37:51 AM seedu.commands.FindCommand execute
INFO: Resource with name: asdf matched given arguments.
Nov 04, 2023 12:37:51 AM seedu.commands.FindCommand execute
INFO: Resources matched the given filters.
Nov 04, 2023 12:37:59 AM seedu.commands.FindCommand execute
INFO: Resource with name: whatthefuck matched given arguments.
Nov 04, 2023 12:37:59 AM seedu.commands.FindCommand execute
INFO: Resource with name: asdf matched given arguments.
Nov 04, 2023 12:37:59 AM seedu.commands.FindCommand execute
INFO: Resources matched the given filters.
Nov 04, 2023 12:38:10 AM seedu.commands.FindCommand execute
INFO: No resources matched the given filters.
Nov 04, 2023 12:38:31 AM seedu.commands.FindCommand execute
INFO: Resource with name: asdf matched given arguments.
Nov 04, 2023 12:38:31 AM seedu.commands.FindCommand execute
INFO: Resource with name: asdf matched given arguments.
Nov 04, 2023 12:38:31 AM seedu.commands.FindCommand execute
INFO: Resources matched the given filters.
Nov 04, 2023 12:38:39 AM seedu.commands.FindCommand execute
INFO: Resource with name: whatthefuck matched given arguments.
Nov 04, 2023 12:38:39 AM seedu.commands.FindCommand execute
INFO: Resources matched the given filters.
Nov 04, 2023 12:50:24 AM seedu.commands.FindCommand <init>
INFO: FindCommand instance created.
Nov 04, 2023 12:50:24 AM seedu.commands.FindCommand <init>
INFO: FindCommand instance created.
Nov 04, 2023 12:50:24 AM seedu.commands.FindCommand <init>
INFO: FindCommand instance created.
Nov 04, 2023 12:50:24 AM seedu.commands.FindCommand <init>
INFO: FindCommand instance created.
Nov 04, 2023 12:50:24 AM seedu.commands.FindCommand <init>
INFO: FindCommand instance created.
Nov 04, 2023 12:50:24 AM seedu.commands.FindCommand <init>
INFO: FindCommand instance created.
Nov 04, 2023 12:50:24 AM seedu.commands.FindCommand <init>
INFO: FindCommand instance created.
Nov 04, 2023 12:50:24 AM seedu.commands.FindCommand <init>
INFO: FindCommand instance created.
Nov 04, 2023 12:50:24 AM seedu.commands.FindCommand <init>
INFO: FindCommand instance created.
Nov 04, 2023 12:50:24 AM seedu.commands.FindCommand <init>
INFO: FindCommand instance created.
Nov 04, 2023 12:50:24 AM seedu.commands.FindCommand <init>
INFO: FindCommand instance created.
Nov 04, 2023 12:50:24 AM seedu.commands.FindCommand <init>
INFO: FindCommand instance created.
Nov 04, 2023 12:50:24 AM seedu.commands.FindCommand <init>
INFO: FindCommand instance created.
Nov 04, 2023 12:50:24 AM seedu.commands.FindCommand <init>
INFO: FindCommand instance created.
Nov 04, 2023 12:50:24 AM seedu.commands.FindCommand <init>
INFO: FindCommand instance created.
Nov 04, 2023 12:50:24 AM seedu.commands.FindCommand <init>
INFO: FindCommand instance created.
Nov 04, 2023 12:50:24 AM seedu.commands.FindCommand <init>
INFO: FindCommand instance created.
Nov 04, 2023 12:50:24 AM seedu.commands.ExitCommand execute
INFO: Executing ExitCommand...
Nov 04, 2023 12:50:24 AM seedu.commands.FindCommand <init>
INFO: FindCommand instance created.
Nov 04, 2023 12:50:24 AM seedu.commands.FindCommand <init>
INFO: FindCommand instance created.
Nov 04, 2023 12:50:24 AM seedu.commands.FindCommand execute
INFO: Resource with name: Title1 matched given arguments.
Nov 04, 2023 12:50:24 AM seedu.commands.FindCommand execute
INFO: Resources matched the given filters.
Nov 04, 2023 12:50:24 AM seedu.commands.FindCommand <init>
INFO: FindCommand instance created.
Nov 04, 2023 12:50:24 AM seedu.commands.FindCommand <init>
INFO: FindCommand instance created.
Nov 04, 2023 12:50:24 AM seedu.commands.FindCommand execute
INFO: Resource with name: Title4 matched given arguments.
Nov 04, 2023 12:50:24 AM seedu.commands.FindCommand execute
INFO: Resources matched the given filters.
Nov 04, 2023 12:50:24 AM seedu.commands.FindCommand <init>
INFO: FindCommand instance created.
Nov 04, 2023 12:50:24 AM seedu.commands.FindCommand <init>
INFO: FindCommand instance created.
Nov 04, 2023 12:50:24 AM seedu.commands.FindCommand execute
INFO: Resource with name: Title3 matched given arguments.
Nov 04, 2023 12:50:24 AM seedu.commands.FindCommand execute
INFO: Resources matched the given filters.
Nov 04, 2023 12:50:24 AM seedu.commands.FindCommand <init>
INFO: FindCommand instance created.
Nov 04, 2023 12:50:24 AM seedu.commands.FindCommand <init>
INFO: FindCommand instance created.
Nov 04, 2023 12:50:24 AM seedu.commands.FindCommand execute
INFO: Resource with name: Title1 matched given arguments.
Nov 04, 2023 12:50:24 AM seedu.commands.FindCommand execute
INFO: Resources matched the given filters.
Nov 04, 2023 12:50:24 AM seedu.commands.FindCommand <init>
INFO: FindCommand instance created.
Nov 04, 2023 12:50:24 AM seedu.commands.FindCommand <init>
INFO: FindCommand instance created.
Nov 04, 2023 12:50:24 AM seedu.commands.FindCommand execute
INFO: No resources matched the given filters.
Nov 04, 2023 12:50:24 AM seedu.commands.FindCommand <init>
INFO: FindCommand instance created.
Nov 04, 2023 12:50:24 AM seedu.commands.FindCommand <init>
INFO: FindCommand instance created.
Nov 04, 2023 12:50:24 AM seedu.commands.FindCommand execute
INFO: Resource with name: Title2 matched given arguments.
Nov 04, 2023 12:50:24 AM seedu.commands.FindCommand execute
INFO: Resources matched the given filters.
Nov 04, 2023 12:50:24 AM seedu.commands.FindCommand <init>
INFO: FindCommand instance created.
Nov 04, 2023 12:50:24 AM seedu.commands.FindCommand <init>
INFO: FindCommand instance created.
Nov 04, 2023 12:50:24 AM seedu.commands.FindCommand execute
INFO: Resource with name: Title1 matched given arguments.
Nov 04, 2023 12:50:24 AM seedu.commands.FindCommand execute
INFO: Resources matched the given filters.
Nov 04, 2023 12:50:24 AM seedu.commands.FindCommand <init>
INFO: FindCommand instance created.
Nov 04, 2023 12:50:24 AM seedu.commands.FindCommand <init>
INFO: FindCommand instance created.
Nov 04, 2023 12:50:24 AM seedu.commands.FindCommand <init>
INFO: FindCommand instance created.
Nov 04, 2023 12:50:24 AM seedu.commands.FindCommand <init>
INFO: FindCommand instance created.
Nov 04, 2023 12:50:24 AM seedu.commands.FindCommand <init>
INFO: FindCommand instance created.
Nov 04, 2023 12:50:24 AM seedu.commands.FindCommand <init>
INFO: FindCommand instance created.
Nov 04, 2023 12:50:24 AM seedu.commands.FindCommand <init>
INFO: FindCommand instance created.
Nov 04, 2023 12:50:24 AM seedu.commands.FindCommand <init>
INFO: FindCommand instance created.
Nov 04, 2023 12:50:24 AM seedu.commands.FindCommand <init>
INFO: FindCommand instance created.
Nov 04, 2023 12:50:24 AM seedu.commands.FindCommand <init>
INFO: FindCommand instance created.
Nov 04, 2023 12:50:24 AM seedu.commands.FindCommand <init>
INFO: FindCommand instance created.
Nov 04, 2023 12:50:24 AM seedu.commands.FindCommand <init>
INFO: FindCommand instance created.
Nov 04, 2023 12:50:24 AM seedu.commands.FindCommand <init>
INFO: FindCommand instance created.
Nov 04, 2023 12:50:24 AM seedu.commands.FindCommand <init>
INFO: FindCommand instance created.
Nov 04, 2023 12:50:24 AM seedu.commands.FindCommand <init>
INFO: FindCommand instance created.
Nov 04, 2023 12:50:24 AM seedu.commands.FindCommand <init>
INFO: FindCommand instance created.
Nov 04, 2023 12:50:24 AM seedu.commands.FindCommand <init>
INFO: FindCommand instance created.
Nov 04, 2023 12:50:24 AM seedu.commands.FindCommand <init>
INFO: FindCommand instance created.
Nov 04, 2023 12:50:24 AM seedu.commands.FindCommand <init>
INFO: FindCommand instance created.
Nov 04, 2023 12:50:24 AM seedu.commands.ExitCommand execute
INFO: Executing ExitCommand...
Nov 04, 2023 12:50:24 AM seedu.commands.FindCommand <init>
INFO: FindCommand instance created.
Nov 04, 2023 12:50:24 AM seedu.commands.FindCommand <init>
INFO: FindCommand instance created.
Nov 04, 2023 12:50:24 AM seedu.commands.FindCommand execute
INFO: Resource with name: The Subtle Art of Not Giving a F*ck matched given arguments.
Nov 04, 2023 12:50:24 AM seedu.commands.FindCommand execute
INFO: Resources matched the given filters.
Nov 04, 2023 12:50:24 AM seedu.commands.FindCommand execute
INFO: No resources matched the given filters.
Nov 04, 2023 12:51:04 AM seedu.commands.FindCommand <init>
INFO: FindCommand instance created.
Nov 04, 2023 12:51:04 AM seedu.commands.FindCommand <init>
INFO: FindCommand instance created.
Nov 04, 2023 12:51:05 AM seedu.commands.FindCommand <init>
INFO: FindCommand instance created.
Nov 04, 2023 12:51:05 AM seedu.commands.FindCommand <init>
INFO: FindCommand instance created.
Nov 04, 2023 12:51:05 AM seedu.commands.FindCommand <init>
INFO: FindCommand instance created.
Nov 04, 2023 12:51:05 AM seedu.commands.FindCommand <init>
INFO: FindCommand instance created.
Nov 04, 2023 12:51:05 AM seedu.commands.FindCommand <init>
INFO: FindCommand instance created.
Nov 04, 2023 12:51:05 AM seedu.commands.FindCommand <init>
INFO: FindCommand instance created.
Nov 04, 2023 12:51:05 AM seedu.commands.FindCommand <init>
INFO: FindCommand instance created.
Nov 04, 2023 12:51:05 AM seedu.commands.FindCommand <init>
INFO: FindCommand instance created.
Nov 04, 2023 12:51:05 AM seedu.commands.FindCommand <init>
INFO: FindCommand instance created.
Nov 04, 2023 12:51:05 AM seedu.commands.FindCommand <init>
INFO: FindCommand instance created.
Nov 04, 2023 12:51:05 AM seedu.commands.FindCommand <init>
INFO: FindCommand instance created.
Nov 04, 2023 12:51:05 AM seedu.commands.FindCommand <init>
INFO: FindCommand instance created.
Nov 04, 2023 12:51:05 AM seedu.commands.FindCommand <init>
INFO: FindCommand instance created.
Nov 04, 2023 12:51:05 AM seedu.commands.FindCommand <init>
INFO: FindCommand instance created.
Nov 04, 2023 12:51:05 AM seedu.commands.FindCommand <init>
INFO: FindCommand instance created.
Nov 04, 2023 12:51:05 AM seedu.commands.ExitCommand execute
INFO: Executing ExitCommand...
Nov 04, 2023 12:51:05 AM seedu.commands.FindCommand <init>
INFO: FindCommand instance created.
Nov 04, 2023 12:51:05 AM seedu.commands.FindCommand <init>
INFO: FindCommand instance created.
Nov 04, 2023 12:51:05 AM seedu.commands.FindCommand execute
INFO: Resource with name: Title1 matched given arguments.
Nov 04, 2023 12:51:05 AM seedu.commands.FindCommand execute
INFO: Resources matched the given filters.
Nov 04, 2023 12:51:05 AM seedu.commands.FindCommand <init>
INFO: FindCommand instance created.
Nov 04, 2023 12:51:05 AM seedu.commands.FindCommand <init>
INFO: FindCommand instance created.
Nov 04, 2023 12:51:05 AM seedu.commands.FindCommand execute
INFO: Resource with name: Title4 matched given arguments.
Nov 04, 2023 12:51:05 AM seedu.commands.FindCommand execute
INFO: Resources matched the given filters.
Nov 04, 2023 12:51:05 AM seedu.commands.FindCommand <init>
INFO: FindCommand instance created.
Nov 04, 2023 12:51:05 AM seedu.commands.FindCommand <init>
INFO: FindCommand instance created.
Nov 04, 2023 12:51:05 AM seedu.commands.FindCommand execute
INFO: Resource with name: Title3 matched given arguments.
Nov 04, 2023 12:51:05 AM seedu.commands.FindCommand execute
INFO: Resources matched the given filters.
Nov 04, 2023 12:51:05 AM seedu.commands.FindCommand <init>
INFO: FindCommand instance created.
Nov 04, 2023 12:51:05 AM seedu.commands.FindCommand <init>
INFO: FindCommand instance created.
Nov 04, 2023 12:51:05 AM seedu.commands.FindCommand execute
INFO: Resource with name: Title1 matched given arguments.
Nov 04, 2023 12:51:05 AM seedu.commands.FindCommand execute
INFO: Resources matched the given filters.
Nov 04, 2023 12:51:05 AM seedu.commands.FindCommand <init>
INFO: FindCommand instance created.
Nov 04, 2023 12:51:05 AM seedu.commands.FindCommand <init>
INFO: FindCommand instance created.
Nov 04, 2023 12:51:05 AM seedu.commands.FindCommand execute
INFO: No resources matched the given filters.
Nov 04, 2023 12:51:05 AM seedu.commands.FindCommand <init>
INFO: FindCommand instance created.
Nov 04, 2023 12:51:05 AM seedu.commands.FindCommand <init>
INFO: FindCommand instance created.
Nov 04, 2023 12:51:05 AM seedu.commands.FindCommand execute
INFO: Resource with name: Title2 matched given arguments.
Nov 04, 2023 12:51:05 AM seedu.commands.FindCommand execute
INFO: Resources matched the given filters.
Nov 04, 2023 12:51:05 AM seedu.commands.FindCommand <init>
INFO: FindCommand instance created.
Nov 04, 2023 12:51:05 AM seedu.commands.FindCommand <init>
INFO: FindCommand instance created.
Nov 04, 2023 12:51:05 AM seedu.commands.FindCommand execute
INFO: Resource with name: Title1 matched given arguments.
Nov 04, 2023 12:51:05 AM seedu.commands.FindCommand execute
INFO: Resources matched the given filters.
Nov 04, 2023 12:51:05 AM seedu.commands.FindCommand <init>
INFO: FindCommand instance created.
Nov 04, 2023 12:51:05 AM seedu.commands.FindCommand <init>
INFO: FindCommand instance created.
Nov 04, 2023 12:51:05 AM seedu.commands.FindCommand <init>
INFO: FindCommand instance created.
Nov 04, 2023 12:51:05 AM seedu.commands.FindCommand <init>
INFO: FindCommand instance created.
Nov 04, 2023 12:51:05 AM seedu.commands.FindCommand <init>
INFO: FindCommand instance created.
Nov 04, 2023 12:51:05 AM seedu.commands.FindCommand <init>
INFO: FindCommand instance created.
Nov 04, 2023 12:51:05 AM seedu.commands.FindCommand <init>
INFO: FindCommand instance created.
Nov 04, 2023 12:51:05 AM seedu.commands.FindCommand <init>
INFO: FindCommand instance created.
Nov 04, 2023 12:51:05 AM seedu.commands.FindCommand <init>
INFO: FindCommand instance created.
Nov 04, 2023 12:51:05 AM seedu.commands.FindCommand <init>
INFO: FindCommand instance created.
Nov 04, 2023 12:51:05 AM seedu.commands.FindCommand <init>
INFO: FindCommand instance created.
Nov 04, 2023 12:51:05 AM seedu.commands.FindCommand <init>
INFO: FindCommand instance created.
Nov 04, 2023 12:51:05 AM seedu.commands.FindCommand <init>
INFO: FindCommand instance created.
Nov 04, 2023 12:51:05 AM seedu.commands.FindCommand <init>
INFO: FindCommand instance created.
Nov 04, 2023 12:51:05 AM seedu.commands.FindCommand <init>
INFO: FindCommand instance created.
Nov 04, 2023 12:51:05 AM seedu.commands.FindCommand <init>
INFO: FindCommand instance created.
Nov 04, 2023 12:51:05 AM seedu.commands.FindCommand <init>
INFO: FindCommand instance created.
Nov 04, 2023 12:51:05 AM seedu.commands.FindCommand <init>
INFO: FindCommand instance created.
Nov 04, 2023 12:51:05 AM seedu.commands.FindCommand <init>
INFO: FindCommand instance created.
Nov 04, 2023 12:51:05 AM seedu.commands.ExitCommand execute
INFO: Executing ExitCommand...
Nov 04, 2023 12:51:05 AM seedu.commands.FindCommand <init>
INFO: FindCommand instance created.
Nov 04, 2023 12:51:05 AM seedu.commands.FindCommand <init>
INFO: FindCommand instance created.
Nov 04, 2023 12:51:05 AM seedu.commands.FindCommand execute
INFO: Resource with name: The Subtle Art of Not Giving a F*ck matched given arguments.
Nov 04, 2023 12:51:05 AM seedu.commands.FindCommand execute
INFO: Resources matched the given filters.
Nov 04, 2023 12:51:05 AM seedu.commands.FindCommand execute
INFO: No resources matched the given filters.
Nov 04, 2023 12:51:48 AM seedu.commands.FindCommand <init>
INFO: FindCommand instance created.
Nov 04, 2023 12:51:48 AM seedu.commands.FindCommand <init>
INFO: FindCommand instance created.
Nov 04, 2023 12:51:48 AM seedu.commands.FindCommand <init>
INFO: FindCommand instance created.
Nov 04, 2023 12:51:48 AM seedu.commands.FindCommand <init>
INFO: FindCommand instance created.
Nov 04, 2023 12:51:48 AM seedu.commands.FindCommand <init>
INFO: FindCommand instance created.
Nov 04, 2023 12:51:48 AM seedu.commands.FindCommand <init>
INFO: FindCommand instance created.
Nov 04, 2023 12:51:48 AM seedu.commands.FindCommand <init>
INFO: FindCommand instance created.
Nov 04, 2023 12:51:48 AM seedu.commands.FindCommand <init>
INFO: FindCommand instance created.
Nov 04, 2023 12:51:48 AM seedu.commands.FindCommand <init>
INFO: FindCommand instance created.
Nov 04, 2023 12:51:48 AM seedu.commands.FindCommand <init>
INFO: FindCommand instance created.
Nov 04, 2023 12:51:48 AM seedu.commands.FindCommand <init>
INFO: FindCommand instance created.
Nov 04, 2023 12:51:48 AM seedu.commands.FindCommand <init>
INFO: FindCommand instance created.
Nov 04, 2023 12:51:48 AM seedu.commands.FindCommand <init>
INFO: FindCommand instance created.
Nov 04, 2023 12:51:48 AM seedu.commands.FindCommand <init>
INFO: FindCommand instance created.
Nov 04, 2023 12:51:48 AM seedu.commands.FindCommand <init>
INFO: FindCommand instance created.
Nov 04, 2023 12:51:48 AM seedu.commands.FindCommand <init>
INFO: FindCommand instance created.
Nov 04, 2023 12:51:48 AM seedu.commands.FindCommand <init>
INFO: FindCommand instance created.
Nov 04, 2023 12:51:48 AM seedu.commands.ExitCommand execute
INFO: Executing ExitCommand...
Nov 04, 2023 12:51:48 AM seedu.commands.FindCommand <init>
INFO: FindCommand instance created.
Nov 04, 2023 12:51:48 AM seedu.commands.FindCommand <init>
INFO: FindCommand instance created.
Nov 04, 2023 12:51:48 AM seedu.commands.FindCommand execute
INFO: Resource with name: Title1 matched given arguments.
Nov 04, 2023 12:51:48 AM seedu.commands.FindCommand execute
INFO: Resources matched the given filters.
Nov 04, 2023 12:51:48 AM seedu.commands.FindCommand <init>
INFO: FindCommand instance created.
Nov 04, 2023 12:51:48 AM seedu.commands.FindCommand <init>
INFO: FindCommand instance created.
Nov 04, 2023 12:51:48 AM seedu.commands.FindCommand execute
INFO: Resource with name: Title4 matched given arguments.
Nov 04, 2023 12:51:48 AM seedu.commands.FindCommand execute
INFO: Resources matched the given filters.
Nov 04, 2023 12:51:48 AM seedu.commands.FindCommand <init>
INFO: FindCommand instance created.
Nov 04, 2023 12:51:48 AM seedu.commands.FindCommand <init>
INFO: FindCommand instance created.
Nov 04, 2023 12:51:48 AM seedu.commands.FindCommand <init>
INFO: FindCommand instance created.
Nov 04, 2023 12:51:48 AM seedu.commands.FindCommand <init>
INFO: FindCommand instance created.
Nov 04, 2023 12:51:48 AM seedu.commands.FindCommand <init>
INFO: FindCommand instance created.
Nov 04, 2023 12:51:48 AM seedu.commands.FindCommand <init>
INFO: FindCommand instance created.
Nov 04, 2023 12:51:48 AM seedu.commands.FindCommand <init>
INFO: FindCommand instance created.
Nov 04, 2023 12:51:48 AM seedu.commands.FindCommand <init>
INFO: FindCommand instance created.
Nov 04, 2023 12:51:48 AM seedu.commands.FindCommand execute
INFO: Resource with name: Title3 matched given arguments.
Nov 04, 2023 12:51:48 AM seedu.commands.FindCommand execute
INFO: Resources matched the given filters.
Nov 04, 2023 12:51:48 AM seedu.commands.FindCommand <init>
INFO: FindCommand instance created.
Nov 04, 2023 12:51:48 AM seedu.commands.FindCommand <init>
INFO: FindCommand instance created.
Nov 04, 2023 12:51:48 AM seedu.commands.FindCommand execute
INFO: Resource with name: Title1 matched given arguments.
Nov 04, 2023 12:51:48 AM seedu.commands.FindCommand execute
INFO: Resources matched the given filters.
Nov 04, 2023 12:51:48 AM seedu.commands.FindCommand <init>
INFO: FindCommand instance created.
Nov 04, 2023 12:51:48 AM seedu.commands.FindCommand <init>
INFO: FindCommand instance created.
Nov 04, 2023 12:51:48 AM seedu.commands.FindCommand <init>
INFO: FindCommand instance created.
Nov 04, 2023 12:51:48 AM seedu.commands.FindCommand <init>
INFO: FindCommand instance created.
Nov 04, 2023 12:51:48 AM seedu.commands.FindCommand execute
INFO: No resources matched the given filters.
Nov 04, 2023 12:51:48 AM seedu.commands.FindCommand <init>
INFO: FindCommand instance created.
Nov 04, 2023 12:51:48 AM seedu.commands.FindCommand <init>
INFO: FindCommand instance created.
Nov 04, 2023 12:51:48 AM seedu.commands.FindCommand <init>
INFO: FindCommand instance created.
Nov 04, 2023 12:51:48 AM seedu.commands.FindCommand <init>
INFO: FindCommand instance created.
Nov 04, 2023 12:51:48 AM seedu.commands.FindCommand execute
INFO: Resource with name: Title2 matched given arguments.
Nov 04, 2023 12:51:48 AM seedu.commands.FindCommand execute
INFO: Resources matched the given filters.
Nov 04, 2023 12:51:48 AM seedu.commands.FindCommand <init>
INFO: FindCommand instance created.
Nov 04, 2023 12:51:48 AM seedu.commands.FindCommand <init>
INFO: FindCommand instance created.
Nov 04, 2023 12:51:48 AM seedu.commands.FindCommand execute
INFO: Resource with name: Title1 matched given arguments.
Nov 04, 2023 12:51:48 AM seedu.commands.FindCommand execute
INFO: Resources matched the given filters.
Nov 04, 2023 12:51:48 AM seedu.commands.FindCommand <init>
INFO: FindCommand instance created.
Nov 04, 2023 12:51:48 AM seedu.commands.FindCommand <init>
INFO: FindCommand instance created.
Nov 04, 2023 12:51:48 AM seedu.commands.FindCommand <init>
INFO: FindCommand instance created.
Nov 04, 2023 12:51:48 AM seedu.commands.FindCommand <init>
INFO: FindCommand instance created.
Nov 04, 2023 12:51:48 AM seedu.commands.FindCommand <init>
INFO: FindCommand instance created.
Nov 04, 2023 12:51:48 AM seedu.commands.FindCommand <init>
INFO: FindCommand instance created.
Nov 04, 2023 12:51:48 AM seedu.commands.FindCommand <init>
INFO: FindCommand instance created.
Nov 04, 2023 12:51:48 AM seedu.commands.FindCommand <init>
INFO: FindCommand instance created.
Nov 04, 2023 12:51:48 AM seedu.commands.FindCommand <init>
INFO: FindCommand instance created.
Nov 04, 2023 12:51:48 AM seedu.commands.FindCommand <init>
INFO: FindCommand instance created.
Nov 04, 2023 12:51:48 AM seedu.commands.FindCommand <init>
INFO: FindCommand instance created.
Nov 04, 2023 12:51:48 AM seedu.commands.FindCommand <init>
INFO: FindCommand instance created.
Nov 04, 2023 12:51:48 AM seedu.commands.FindCommand <init>
INFO: FindCommand instance created.
Nov 04, 2023 12:51:48 AM seedu.commands.FindCommand <init>
INFO: FindCommand instance created.
Nov 04, 2023 12:51:48 AM seedu.commands.FindCommand <init>
INFO: FindCommand instance created.
Nov 04, 2023 12:51:48 AM seedu.commands.FindCommand <init>
INFO: FindCommand instance created.
Nov 04, 2023 12:51:48 AM seedu.commands.FindCommand <init>
INFO: FindCommand instance created.
Nov 04, 2023 12:51:48 AM seedu.commands.FindCommand <init>
INFO: FindCommand instance created.
Nov 04, 2023 12:51:48 AM seedu.commands.FindCommand <init>
INFO: FindCommand instance created.
Nov 04, 2023 12:51:48 AM seedu.commands.FindCommand <init>
INFO: FindCommand instance created.
Nov 04, 2023 12:51:48 AM seedu.commands.FindCommand <init>
INFO: FindCommand instance created.
Nov 04, 2023 12:51:48 AM seedu.commands.ExitCommand execute
INFO: Executing ExitCommand...
Nov 04, 2023 12:51:48 AM seedu.commands.FindCommand <init>
INFO: FindCommand instance created.
Nov 04, 2023 12:51:48 AM seedu.commands.FindCommand <init>
INFO: FindCommand instance created.
Nov 04, 2023 12:51:48 AM seedu.commands.FindCommand execute
INFO: Resource with name: The Subtle Art of Not Giving a F*ck matched given arguments.
Nov 04, 2023 12:51:48 AM seedu.commands.FindCommand execute
INFO: Resources matched the given filters.
Nov 04, 2023 12:51:48 AM seedu.commands.FindCommand execute
INFO: No resources matched the given filters.
Nov 04, 2023 12:52:04 AM seedu.commands.FindCommand <init>
INFO: FindCommand instance created.
Nov 04, 2023 12:52:04 AM seedu.commands.FindCommand <init>
INFO: FindCommand instance created.
Nov 04, 2023 12:52:04 AM seedu.commands.FindCommand <init>
INFO: FindCommand instance created.
Nov 04, 2023 12:52:04 AM seedu.commands.FindCommand <init>
INFO: FindCommand instance created.
Nov 04, 2023 12:52:04 AM seedu.commands.FindCommand <init>
INFO: FindCommand instance created.
Nov 04, 2023 12:52:04 AM seedu.commands.FindCommand <init>
INFO: FindCommand instance created.
Nov 04, 2023 12:52:04 AM seedu.commands.FindCommand <init>
INFO: FindCommand instance created.
Nov 04, 2023 12:52:04 AM seedu.commands.FindCommand <init>
INFO: FindCommand instance created.
Nov 04, 2023 12:52:04 AM seedu.commands.FindCommand <init>
INFO: FindCommand instance created.
Nov 04, 2023 12:52:04 AM seedu.commands.FindCommand <init>
INFO: FindCommand instance created.
Nov 04, 2023 12:52:04 AM seedu.commands.FindCommand <init>
INFO: FindCommand instance created.
Nov 04, 2023 12:52:04 AM seedu.commands.FindCommand <init>
INFO: FindCommand instance created.
Nov 04, 2023 12:52:04 AM seedu.commands.FindCommand <init>
INFO: FindCommand instance created.
Nov 04, 2023 12:52:04 AM seedu.commands.FindCommand <init>
INFO: FindCommand instance created.
Nov 04, 2023 12:52:04 AM seedu.commands.FindCommand <init>
INFO: FindCommand instance created.
Nov 04, 2023 12:52:05 AM seedu.commands.FindCommand <init>
INFO: FindCommand instance created.
Nov 04, 2023 12:52:05 AM seedu.commands.FindCommand <init>
INFO: FindCommand instance created.
Nov 04, 2023 12:52:05 AM seedu.commands.ExitCommand execute
INFO: Executing ExitCommand...
Nov 04, 2023 12:52:05 AM seedu.commands.FindCommand <init>
INFO: FindCommand instance created.
Nov 04, 2023 12:52:05 AM seedu.commands.FindCommand <init>
INFO: FindCommand instance created.
Nov 04, 2023 12:52:05 AM seedu.commands.FindCommand execute
INFO: Resource with name: Title1 matched given arguments.
Nov 04, 2023 12:52:05 AM seedu.commands.FindCommand execute
INFO: Resources matched the given filters.
Nov 04, 2023 12:52:05 AM seedu.commands.FindCommand <init>
INFO: FindCommand instance created.
Nov 04, 2023 12:52:05 AM seedu.commands.FindCommand <init>
INFO: FindCommand instance created.
Nov 04, 2023 12:52:05 AM seedu.commands.FindCommand execute
INFO: Resource with name: Title4 matched given arguments.
Nov 04, 2023 12:52:05 AM seedu.commands.FindCommand execute
INFO: Resources matched the given filters.
Nov 04, 2023 12:52:05 AM seedu.commands.FindCommand <init>
INFO: FindCommand instance created.
Nov 04, 2023 12:52:05 AM seedu.commands.FindCommand <init>
INFO: FindCommand instance created.
Nov 04, 2023 12:52:05 AM seedu.commands.FindCommand <init>
INFO: FindCommand instance created.
Nov 04, 2023 12:52:05 AM seedu.commands.FindCommand <init>
INFO: FindCommand instance created.
Nov 04, 2023 12:52:05 AM seedu.commands.FindCommand <init>
INFO: FindCommand instance created.
Nov 04, 2023 12:52:05 AM seedu.commands.FindCommand <init>
INFO: FindCommand instance created.
Nov 04, 2023 12:52:05 AM seedu.commands.FindCommand <init>
INFO: FindCommand instance created.
Nov 04, 2023 12:52:05 AM seedu.commands.FindCommand <init>
INFO: FindCommand instance created.
Nov 04, 2023 12:52:05 AM seedu.commands.FindCommand execute
INFO: Resource with name: Title3 matched given arguments.
Nov 04, 2023 12:52:05 AM seedu.commands.FindCommand execute
INFO: Resources matched the given filters.
Nov 04, 2023 12:52:05 AM seedu.commands.FindCommand <init>
INFO: FindCommand instance created.
Nov 04, 2023 12:52:05 AM seedu.commands.FindCommand <init>
INFO: FindCommand instance created.
Nov 04, 2023 12:52:05 AM seedu.commands.FindCommand execute
INFO: Resource with name: Title1 matched given arguments.
Nov 04, 2023 12:52:05 AM seedu.commands.FindCommand execute
INFO: Resources matched the given filters.
Nov 04, 2023 12:52:05 AM seedu.commands.FindCommand <init>
INFO: FindCommand instance created.
Nov 04, 2023 12:52:05 AM seedu.commands.FindCommand <init>
INFO: FindCommand instance created.
Nov 04, 2023 12:52:05 AM seedu.commands.FindCommand <init>
INFO: FindCommand instance created.
Nov 04, 2023 12:52:05 AM seedu.commands.FindCommand <init>
INFO: FindCommand instance created.
Nov 04, 2023 12:52:05 AM seedu.commands.FindCommand execute
INFO: No resources matched the given filters.
Nov 04, 2023 12:52:05 AM seedu.commands.FindCommand <init>
INFO: FindCommand instance created.
Nov 04, 2023 12:52:05 AM seedu.commands.FindCommand <init>
INFO: FindCommand instance created.
Nov 04, 2023 12:52:05 AM seedu.commands.FindCommand <init>
INFO: FindCommand instance created.
Nov 04, 2023 12:52:05 AM seedu.commands.FindCommand <init>
INFO: FindCommand instance created.
Nov 04, 2023 12:52:05 AM seedu.commands.FindCommand execute
INFO: Resource with name: Title2 matched given arguments.
Nov 04, 2023 12:52:05 AM seedu.commands.FindCommand execute
INFO: Resources matched the given filters.
Nov 04, 2023 12:52:05 AM seedu.commands.FindCommand <init>
INFO: FindCommand instance created.
Nov 04, 2023 12:52:05 AM seedu.commands.FindCommand <init>
INFO: FindCommand instance created.
Nov 04, 2023 12:52:05 AM seedu.commands.FindCommand execute
INFO: Resource with name: Title1 matched given arguments.
Nov 04, 2023 12:52:05 AM seedu.commands.FindCommand execute
INFO: Resources matched the given filters.
Nov 04, 2023 12:52:05 AM seedu.commands.FindCommand <init>
INFO: FindCommand instance created.
Nov 04, 2023 12:52:05 AM seedu.commands.FindCommand <init>
INFO: FindCommand instance created.
Nov 04, 2023 12:52:05 AM seedu.commands.FindCommand <init>
INFO: FindCommand instance created.
Nov 04, 2023 12:52:05 AM seedu.commands.FindCommand <init>
INFO: FindCommand instance created.
Nov 04, 2023 12:52:05 AM seedu.commands.FindCommand <init>
INFO: FindCommand instance created.
Nov 04, 2023 12:52:05 AM seedu.commands.FindCommand <init>
INFO: FindCommand instance created.
Nov 04, 2023 12:52:05 AM seedu.commands.FindCommand <init>
INFO: FindCommand instance created.
Nov 04, 2023 12:52:05 AM seedu.commands.FindCommand <init>
INFO: FindCommand instance created.
Nov 04, 2023 12:52:05 AM seedu.commands.FindCommand <init>
INFO: FindCommand instance created.
Nov 04, 2023 12:52:05 AM seedu.commands.FindCommand <init>
INFO: FindCommand instance created.
Nov 04, 2023 12:52:05 AM seedu.commands.FindCommand <init>
INFO: FindCommand instance created.
Nov 04, 2023 12:52:05 AM seedu.commands.FindCommand <init>
INFO: FindCommand instance created.
Nov 04, 2023 12:52:05 AM seedu.commands.FindCommand <init>
INFO: FindCommand instance created.
Nov 04, 2023 12:52:05 AM seedu.commands.FindCommand <init>
INFO: FindCommand instance created.
Nov 04, 2023 12:52:05 AM seedu.commands.FindCommand <init>
INFO: FindCommand instance created.
Nov 04, 2023 12:52:05 AM seedu.commands.FindCommand <init>
INFO: FindCommand instance created.
Nov 04, 2023 12:52:05 AM seedu.commands.FindCommand <init>
INFO: FindCommand instance created.
Nov 04, 2023 12:52:05 AM seedu.commands.FindCommand <init>
INFO: FindCommand instance created.
Nov 04, 2023 12:52:05 AM seedu.commands.FindCommand <init>
INFO: FindCommand instance created.
Nov 04, 2023 12:52:05 AM seedu.commands.FindCommand <init>
INFO: FindCommand instance created.
Nov 04, 2023 12:52:05 AM seedu.commands.FindCommand <init>
INFO: FindCommand instance created.
Nov 04, 2023 12:52:05 AM seedu.commands.ExitCommand execute
INFO: Executing ExitCommand...
Nov 04, 2023 12:52:05 AM seedu.commands.FindCommand <init>
INFO: FindCommand instance created.
Nov 04, 2023 12:52:05 AM seedu.commands.FindCommand <init>
INFO: FindCommand instance created.
Nov 04, 2023 12:52:05 AM seedu.commands.FindCommand execute
INFO: Resource with name: The Subtle Art of Not Giving a F*ck matched given arguments.
Nov 04, 2023 12:52:05 AM seedu.commands.FindCommand execute
INFO: Resources matched the given filters.
Nov 04, 2023 12:52:05 AM seedu.commands.FindCommand execute
INFO: No resources matched the given filters.
Nov 04, 2023 12:53:08 AM seedu.commands.FindCommand <init>
INFO: FindCommand instance created.
Nov 04, 2023 12:53:08 AM seedu.commands.FindCommand <init>
INFO: FindCommand instance created.
Nov 04, 2023 12:53:08 AM seedu.commands.FindCommand <init>
INFO: FindCommand instance created.
Nov 04, 2023 12:53:08 AM seedu.commands.FindCommand <init>
INFO: FindCommand instance created.
Nov 04, 2023 12:53:08 AM seedu.commands.FindCommand <init>
INFO: FindCommand instance created.
Nov 04, 2023 12:53:08 AM seedu.commands.FindCommand <init>
INFO: FindCommand instance created.
Nov 04, 2023 12:53:08 AM seedu.commands.FindCommand <init>
INFO: FindCommand instance created.
Nov 04, 2023 12:53:08 AM seedu.commands.FindCommand <init>
INFO: FindCommand instance created.
Nov 04, 2023 12:53:08 AM seedu.commands.FindCommand <init>
INFO: FindCommand instance created.
Nov 04, 2023 12:53:08 AM seedu.commands.FindCommand <init>
INFO: FindCommand instance created.
Nov 04, 2023 12:53:08 AM seedu.commands.FindCommand <init>
INFO: FindCommand instance created.
Nov 04, 2023 12:53:08 AM seedu.commands.FindCommand <init>
INFO: FindCommand instance created.
Nov 04, 2023 12:53:08 AM seedu.commands.FindCommand <init>
INFO: FindCommand instance created.
Nov 04, 2023 12:53:08 AM seedu.commands.FindCommand <init>
INFO: FindCommand instance created.
Nov 04, 2023 12:53:08 AM seedu.commands.FindCommand <init>
INFO: FindCommand instance created.
Nov 04, 2023 12:53:08 AM seedu.commands.FindCommand <init>
INFO: FindCommand instance created.
Nov 04, 2023 12:53:08 AM seedu.commands.FindCommand <init>
INFO: FindCommand instance created.
Nov 04, 2023 12:53:08 AM seedu.commands.ExitCommand execute
INFO: Executing ExitCommand...
Nov 04, 2023 12:53:08 AM seedu.commands.FindCommand <init>
INFO: FindCommand instance created.
Nov 04, 2023 12:53:08 AM seedu.commands.FindCommand <init>
INFO: FindCommand instance created.
Nov 04, 2023 12:53:08 AM seedu.commands.FindCommand execute
INFO: Resource with name: Title1 matched given arguments.
Nov 04, 2023 12:53:08 AM seedu.commands.FindCommand execute
INFO: Resources matched the given filters.
Nov 04, 2023 12:53:08 AM seedu.commands.FindCommand <init>
INFO: FindCommand instance created.
Nov 04, 2023 12:53:08 AM seedu.commands.FindCommand <init>
INFO: FindCommand instance created.
Nov 04, 2023 12:53:08 AM seedu.commands.FindCommand execute
INFO: Resource with name: Title4 matched given arguments.
Nov 04, 2023 12:53:08 AM seedu.commands.FindCommand execute
INFO: Resources matched the given filters.
Nov 04, 2023 12:53:08 AM seedu.commands.FindCommand <init>
INFO: FindCommand instance created.
Nov 04, 2023 12:53:08 AM seedu.commands.FindCommand <init>
INFO: FindCommand instance created.
Nov 04, 2023 12:53:08 AM seedu.commands.FindCommand <init>
INFO: FindCommand instance created.
Nov 04, 2023 12:53:08 AM seedu.commands.FindCommand <init>
INFO: FindCommand instance created.
Nov 04, 2023 12:53:08 AM seedu.commands.FindCommand <init>
INFO: FindCommand instance created.
Nov 04, 2023 12:53:08 AM seedu.commands.FindCommand <init>
INFO: FindCommand instance created.
Nov 04, 2023 12:53:08 AM seedu.commands.FindCommand <init>
INFO: FindCommand instance created.
Nov 04, 2023 12:53:08 AM seedu.commands.FindCommand <init>
INFO: FindCommand instance created.
Nov 04, 2023 12:53:08 AM seedu.commands.FindCommand <init>
INFO: FindCommand instance created.
Nov 04, 2023 12:53:08 AM seedu.commands.FindCommand <init>
INFO: FindCommand instance created.
Nov 04, 2023 12:53:08 AM seedu.commands.FindCommand execute
INFO: Resource with name: Title3 matched given arguments.
Nov 04, 2023 12:53:08 AM seedu.commands.FindCommand execute
INFO: Resources matched the given filters.
Nov 04, 2023 12:53:08 AM seedu.commands.FindCommand <init>
INFO: FindCommand instance created.
Nov 04, 2023 12:53:08 AM seedu.commands.FindCommand <init>
INFO: FindCommand instance created.
Nov 04, 2023 12:53:08 AM seedu.commands.FindCommand execute
INFO: Resource with name: Title1 matched given arguments.
Nov 04, 2023 12:53:08 AM seedu.commands.FindCommand execute
INFO: Resources matched the given filters.
Nov 04, 2023 12:53:08 AM seedu.commands.FindCommand <init>
INFO: FindCommand instance created.
Nov 04, 2023 12:53:08 AM seedu.commands.FindCommand <init>
INFO: FindCommand instance created.
Nov 04, 2023 12:53:08 AM seedu.commands.FindCommand <init>
INFO: FindCommand instance created.
Nov 04, 2023 12:53:08 AM seedu.commands.FindCommand <init>
INFO: FindCommand instance created.
Nov 04, 2023 12:53:08 AM seedu.commands.FindCommand execute
INFO: No resources matched the given filters.
Nov 04, 2023 12:53:08 AM seedu.commands.FindCommand <init>
INFO: FindCommand instance created.
Nov 04, 2023 12:53:08 AM seedu.commands.FindCommand <init>
INFO: FindCommand instance created.
Nov 04, 2023 12:53:08 AM seedu.commands.FindCommand <init>
INFO: FindCommand instance created.
Nov 04, 2023 12:53:08 AM seedu.commands.FindCommand <init>
INFO: FindCommand instance created.
Nov 04, 2023 12:53:08 AM seedu.commands.FindCommand execute
INFO: Resource with name: Title2 matched given arguments.
Nov 04, 2023 12:53:08 AM seedu.commands.FindCommand execute
INFO: Resources matched the given filters.
Nov 04, 2023 12:53:08 AM seedu.commands.FindCommand <init>
INFO: FindCommand instance created.
Nov 04, 2023 12:53:08 AM seedu.commands.FindCommand <init>
INFO: FindCommand instance created.
Nov 04, 2023 12:53:08 AM seedu.commands.FindCommand execute
INFO: Resource with name: Title1 matched given arguments.
Nov 04, 2023 12:53:08 AM seedu.commands.FindCommand execute
INFO: Resources matched the given filters.
Nov 04, 2023 12:53:08 AM seedu.commands.FindCommand <init>
INFO: FindCommand instance created.
Nov 04, 2023 12:53:08 AM seedu.commands.FindCommand <init>
INFO: FindCommand instance created.
Nov 04, 2023 12:53:08 AM seedu.commands.FindCommand execute
INFO: Resource with name: Title1 matched given arguments.
Nov 04, 2023 12:53:08 AM seedu.commands.FindCommand execute
INFO: Resources matched the given filters.
Nov 04, 2023 12:53:08 AM seedu.commands.FindCommand <init>
INFO: FindCommand instance created.
Nov 04, 2023 12:53:08 AM seedu.commands.FindCommand <init>
INFO: FindCommand instance created.
Nov 04, 2023 12:53:08 AM seedu.commands.FindCommand <init>
INFO: FindCommand instance created.
Nov 04, 2023 12:53:08 AM seedu.commands.FindCommand <init>
INFO: FindCommand instance created.
Nov 04, 2023 12:53:08 AM seedu.commands.FindCommand <init>
INFO: FindCommand instance created.
Nov 04, 2023 12:53:08 AM seedu.commands.FindCommand <init>
INFO: FindCommand instance created.
Nov 04, 2023 12:53:08 AM seedu.commands.FindCommand <init>
INFO: FindCommand instance created.
Nov 04, 2023 12:53:08 AM seedu.commands.FindCommand <init>
INFO: FindCommand instance created.
Nov 04, 2023 12:53:08 AM seedu.commands.FindCommand <init>
INFO: FindCommand instance created.
Nov 04, 2023 12:53:08 AM seedu.commands.FindCommand <init>
INFO: FindCommand instance created.
Nov 04, 2023 12:53:08 AM seedu.commands.FindCommand <init>
INFO: FindCommand instance created.
Nov 04, 2023 12:53:08 AM seedu.commands.FindCommand <init>
INFO: FindCommand instance created.
Nov 04, 2023 12:53:08 AM seedu.commands.FindCommand <init>
INFO: FindCommand instance created.
Nov 04, 2023 12:53:08 AM seedu.commands.FindCommand <init>
INFO: FindCommand instance created.
Nov 04, 2023 12:53:08 AM seedu.commands.FindCommand <init>
INFO: FindCommand instance created.
Nov 04, 2023 12:53:08 AM seedu.commands.FindCommand <init>
INFO: FindCommand instance created.
Nov 04, 2023 12:53:08 AM seedu.commands.FindCommand <init>
INFO: FindCommand instance created.
Nov 04, 2023 12:53:08 AM seedu.commands.FindCommand <init>
INFO: FindCommand instance created.
Nov 04, 2023 12:53:08 AM seedu.commands.FindCommand <init>
INFO: FindCommand instance created.
Nov 04, 2023 12:53:09 AM seedu.commands.FindCommand <init>
INFO: FindCommand instance created.
Nov 04, 2023 12:53:09 AM seedu.commands.FindCommand <init>
INFO: FindCommand instance created.
Nov 04, 2023 12:53:09 AM seedu.commands.ExitCommand execute
INFO: Executing ExitCommand...
Nov 04, 2023 12:53:09 AM seedu.commands.FindCommand <init>
INFO: FindCommand instance created.
Nov 04, 2023 12:53:09 AM seedu.commands.FindCommand <init>
INFO: FindCommand instance created.
Nov 04, 2023 12:53:09 AM seedu.commands.FindCommand execute
INFO: Resource with name: The Subtle Art of Not Giving a F*ck matched given arguments.
Nov 04, 2023 12:53:09 AM seedu.commands.FindCommand execute
INFO: Resources matched the given filters.
Nov 04, 2023 12:53:09 AM seedu.commands.FindCommand execute
INFO: No resources matched the given filters.
Nov 04, 2023 10:11:48 PM seedu.commands.FindCommand <init>
INFO: FindCommand instance created.
Nov 04, 2023 10:11:48 PM seedu.commands.FindCommand <init>
INFO: FindCommand instance created.
Nov 04, 2023 10:11:48 PM seedu.commands.FindCommand <init>
INFO: FindCommand instance created.
Nov 04, 2023 10:12:01 PM seedu.commands.FindCommand <init>
INFO: FindCommand instance created.
Nov 04, 2023 10:12:01 PM seedu.commands.FindCommand <init>
INFO: FindCommand instance created.
Nov 04, 2023 10:12:01 PM seedu.commands.FindCommand <init>
INFO: FindCommand instance created.
Nov 04, 2023 11:08:31 PM seedu.commands.FindCommand <init>
INFO: FindCommand instance created.
Nov 04, 2023 11:08:31 PM seedu.commands.FindCommand <init>
INFO: FindCommand instance created.
Nov 04, 2023 11:08:31 PM seedu.commands.FindCommand <init>
INFO: FindCommand instance created.
Nov 04, 2023 11:09:10 PM seedu.commands.FindCommand <init>
INFO: FindCommand instance created.
Nov 04, 2023 11:09:10 PM seedu.commands.FindCommand <init>
INFO: FindCommand instance created.
Nov 04, 2023 11:09:10 PM seedu.commands.FindCommand <init>
INFO: FindCommand instance created.
Nov 04, 2023 11:09:57 PM seedu.commands.FindCommand <init>
INFO: FindCommand instance created.
Nov 04, 2023 11:09:57 PM seedu.commands.FindCommand <init>
INFO: FindCommand instance created.
