Nov 02, 2023 2:36:20 PM seedu.commands.ListCommand execute
INFO: List Command execute with /g Thriller
Nov 02, 2023 2:36:20 PM seedu.commands.ListCommand execute
INFO: List Command ends
Nov 02, 2023 2:36:20 PM seedu.commands.ListCommand execute
INFO: List Command execute with /g
Nov 02, 2023 2:36:20 PM seedu.commands.ListCommand execute
INFO: List Command execute with 
Nov 02, 2023 2:36:20 PM seedu.commands.ListCommand execute
INFO: List Command ends
Nov 02, 2023 2:36:20 PM seedu.commands.ListCommand execute
INFO: List Command execute with /tag
Nov 02, 2023 2:36:20 PM seedu.commands.ListCommand execute
INFO: List Command execute with 
Nov 02, 2023 2:36:20 PM seedu.commands.ListCommand execute
INFO: List Command ends
Nov 02, 2023 2:36:42 PM seedu.commands.ListCommand execute
INFO: List Command execute with /g Thriller
Nov 02, 2023 2:36:42 PM seedu.commands.ListCommand execute
INFO: List Command ends
Nov 02, 2023 2:36:42 PM seedu.commands.ListCommand execute
INFO: List Command execute with /g
Nov 02, 2023 2:36:42 PM seedu.commands.ListCommand execute
INFO: List Command execute with 
Nov 02, 2023 2:36:42 PM seedu.commands.ListCommand execute
INFO: List Command ends
Nov 02, 2023 2:36:42 PM seedu.commands.ListCommand execute
INFO: List Command execute with /tag
Nov 02, 2023 2:36:42 PM seedu.commands.ListCommand execute
INFO: List Command execute with 
Nov 02, 2023 2:36:42 PM seedu.commands.ListCommand execute
INFO: List Command ends
Nov 02, 2023 2:39:34 PM seedu.commands.ListCommand execute
INFO: List Command execute with /g Thriller
Nov 02, 2023 2:39:34 PM seedu.commands.ListCommand execute
INFO: List Command ends
Nov 02, 2023 2:39:34 PM seedu.commands.ListCommand execute
INFO: List Command execute with /g
Nov 02, 2023 2:39:34 PM seedu.commands.ListCommand execute
INFO: List Command execute with 
Nov 02, 2023 2:39:34 PM seedu.commands.ListCommand execute
INFO: List Command ends
Nov 02, 2023 2:39:34 PM seedu.commands.ListCommand execute
INFO: List Command execute with /tag
Nov 02, 2023 2:39:34 PM seedu.commands.ListCommand execute
INFO: List Command execute with 
Nov 02, 2023 2:39:34 PM seedu.commands.ListCommand execute
INFO: List Command ends
Nov 02, 2023 2:45:21 PM seedu.commands.ListCommand execute
INFO: List Command execute with /g Thriller
Nov 02, 2023 2:45:21 PM seedu.commands.ListCommand execute
INFO: List Command ends
Nov 02, 2023 2:45:21 PM seedu.commands.ListCommand execute
INFO: List Command execute with /g
Nov 02, 2023 2:45:21 PM seedu.commands.ListCommand execute
INFO: List Command execute with 
Nov 02, 2023 2:45:21 PM seedu.commands.ListCommand execute
INFO: List Command ends
Nov 02, 2023 2:45:21 PM seedu.commands.ListCommand execute
INFO: List Command execute with /tag
Nov 02, 2023 2:45:21 PM seedu.commands.ListCommand execute
INFO: List Command execute with 
Nov 02, 2023 2:45:21 PM seedu.commands.ListCommand execute
INFO: List Command ends
Nov 02, 2023 2:46:13 PM seedu.commands.ListCommand execute
INFO: List Command execute with 
Nov 02, 2023 2:46:13 PM seedu.commands.ListCommand execute
INFO: List Command ends
Nov 03, 2023 1:03:37 PM seedu.commands.ListCommand execute
INFO: List Command execute with 
Nov 03, 2023 1:03:37 PM seedu.commands.ListCommand execute
INFO: List Command ends
Nov 03, 2023 4:31:57 PM seedu.commands.ListCommand execute
INFO: List Command execute with 
Nov 03, 2023 4:31:57 PM seedu.commands.ListCommand execute
INFO: List Command ends
Nov 03, 2023 4:32:48 PM seedu.commands.ListCommand execute
INFO: List Command execute with 
Nov 03, 2023 4:32:48 PM seedu.commands.ListCommand execute
INFO: List Command ends
Nov 03, 2023 4:40:31 PM seedu.commands.ListCommand execute
INFO: List Command execute with 
Nov 03, 2023 4:40:31 PM seedu.commands.ListCommand execute
INFO: List Command ends
Nov 03, 2023 4:46:33 PM seedu.commands.ListCommand execute
INFO: List Command execute with 
Nov 03, 2023 4:46:33 PM seedu.commands.ListCommand execute
INFO: List Command ends
Nov 03, 2023 5:45:48 PM seedu.commands.ListCommand execute
INFO: List Command execute with 
Nov 03, 2023 5:45:48 PM seedu.commands.ListCommand execute
INFO: List Command ends
Nov 03, 2023 5:46:00 PM seedu.commands.ListCommand execute
INFO: List Command execute with /g Thriller
Nov 03, 2023 5:46:00 PM seedu.commands.ListCommand execute
INFO: List Command ends
Nov 03, 2023 5:46:00 PM seedu.commands.ListCommand execute
INFO: List Command execute with /g
Nov 03, 2023 5:46:00 PM seedu.commands.ListCommand execute
INFO: List Command execute with 
Nov 03, 2023 5:46:00 PM seedu.commands.ListCommand execute
INFO: List Command ends
Nov 03, 2023 5:46:00 PM seedu.commands.ListCommand execute
INFO: List Command execute with /tag
Nov 03, 2023 5:46:01 PM seedu.commands.ListCommand execute
INFO: List Command execute with 
Nov 03, 2023 5:46:01 PM seedu.commands.ListCommand execute
INFO: List Command ends
Nov 03, 2023 5:49:30 PM seedu.commands.ListCommand execute
INFO: List Command execute with 
Nov 03, 2023 5:49:30 PM seedu.commands.ListCommand execute
INFO: List Command ends
Nov 03, 2023 5:49:48 PM seedu.commands.ListCommand execute
INFO: List Command execute with 
Nov 03, 2023 5:49:48 PM seedu.commands.ListCommand execute
INFO: List Command ends
Nov 03, 2023 5:50:14 PM seedu.commands.ListCommand execute
INFO: List Command execute with 
Nov 03, 2023 5:50:14 PM seedu.commands.ListCommand execute
INFO: List Command ends
Nov 03, 2023 5:52:46 PM seedu.commands.ListCommand execute
INFO: List Command execute with 
Nov 03, 2023 5:52:46 PM seedu.commands.ListCommand execute
INFO: List Command ends
Nov 03, 2023 6:00:58 PM seedu.commands.ListCommand execute
INFO: List Command execute with /g Thriller
Nov 03, 2023 6:00:58 PM seedu.commands.ListCommand execute
INFO: List Command ends
Nov 03, 2023 6:00:58 PM seedu.commands.ListCommand execute
INFO: List Command execute with /g
Nov 03, 2023 6:00:58 PM seedu.commands.ListCommand execute
INFO: List Command execute with 
Nov 03, 2023 6:00:58 PM seedu.commands.ListCommand execute
INFO: List Command ends
Nov 03, 2023 6:00:58 PM seedu.commands.ListCommand execute
INFO: List Command execute with /tag
Nov 03, 2023 6:00:58 PM seedu.commands.ListCommand execute
INFO: List Command execute with 
Nov 03, 2023 6:00:58 PM seedu.commands.ListCommand execute
INFO: List Command ends
Nov 03, 2023 6:01:47 PM seedu.commands.ListCommand execute
INFO: List Command execute with /g Thriller
Nov 03, 2023 6:01:47 PM seedu.commands.ListCommand execute
INFO: List Command ends
Nov 03, 2023 6:01:47 PM seedu.commands.ListCommand execute
INFO: List Command execute with /g
Nov 03, 2023 6:01:47 PM seedu.commands.ListCommand execute
INFO: List Command execute with 
Nov 03, 2023 6:01:47 PM seedu.commands.ListCommand execute
INFO: List Command ends
Nov 03, 2023 6:01:47 PM seedu.commands.ListCommand execute
INFO: List Command execute with /tag
Nov 03, 2023 6:01:47 PM seedu.commands.ListCommand execute
INFO: List Command execute with 
Nov 03, 2023 6:01:47 PM seedu.commands.ListCommand execute
INFO: List Command ends
Nov 03, 2023 6:03:56 PM seedu.commands.ListCommand execute
INFO: List Command execute with /g Thriller
Nov 03, 2023 6:03:56 PM seedu.commands.ListCommand execute
INFO: List Command ends
Nov 03, 2023 6:03:56 PM seedu.commands.ListCommand execute
INFO: List Command execute with /g
Nov 03, 2023 6:03:56 PM seedu.commands.ListCommand execute
INFO: List Command execute with 
Nov 03, 2023 6:03:56 PM seedu.commands.ListCommand execute
INFO: List Command ends
Nov 03, 2023 6:03:56 PM seedu.commands.ListCommand execute
INFO: List Command execute with /tag
Nov 03, 2023 6:03:56 PM seedu.commands.ListCommand execute
INFO: List Command execute with 
Nov 03, 2023 6:03:56 PM seedu.commands.ListCommand execute
INFO: List Command ends
Nov 03, 2023 6:09:09 PM seedu.commands.ListCommand execute
INFO: List Command execute with /g Thriller
Nov 03, 2023 6:09:09 PM seedu.commands.ListCommand execute
INFO: List Command ends
Nov 03, 2023 6:09:09 PM seedu.commands.ListCommand execute
INFO: List Command execute with /g
Nov 03, 2023 6:09:09 PM seedu.commands.ListCommand execute
INFO: List Command execute with 
Nov 03, 2023 6:09:09 PM seedu.commands.ListCommand execute
INFO: List Command ends
Nov 03, 2023 6:09:09 PM seedu.commands.ListCommand execute
INFO: List Command execute with /tag
Nov 03, 2023 6:09:09 PM seedu.commands.ListCommand execute
INFO: List Command execute with 
Nov 03, 2023 6:09:09 PM seedu.commands.ListCommand execute
INFO: List Command ends
Nov 03, 2023 6:09:30 PM seedu.commands.ListCommand execute
INFO: List Command execute with 
Nov 03, 2023 6:09:30 PM seedu.commands.ListCommand execute
INFO: List Command ends
Nov 03, 2023 6:10:40 PM seedu.commands.ListCommand execute
INFO: List Command execute with /g Thriller
Nov 03, 2023 6:10:40 PM seedu.commands.ListCommand execute
INFO: List Command ends
Nov 03, 2023 6:10:40 PM seedu.commands.ListCommand execute
INFO: List Command execute with /g
Nov 03, 2023 6:10:40 PM seedu.commands.ListCommand execute
INFO: List Command execute with 
Nov 03, 2023 6:10:40 PM seedu.commands.ListCommand execute
INFO: List Command ends
Nov 03, 2023 6:10:40 PM seedu.commands.ListCommand execute
INFO: List Command execute with /tag
Nov 03, 2023 6:10:40 PM seedu.commands.ListCommand execute
INFO: List Command execute with 
Nov 03, 2023 6:10:40 PM seedu.commands.ListCommand execute
INFO: List Command ends
Nov 03, 2023 8:38:54 PM seedu.commands.ListCommand execute
INFO: List Command execute with 
Nov 03, 2023 8:38:54 PM seedu.commands.ListCommand execute
INFO: List Command ends
Nov 03, 2023 8:39:14 PM seedu.commands.ListCommand execute
INFO: List Command execute with 
Nov 03, 2023 8:39:14 PM seedu.commands.ListCommand execute
INFO: List Command ends
Nov 03, 2023 8:39:27 PM seedu.commands.ListCommand execute
INFO: List Command execute with 
Nov 03, 2023 8:39:27 PM seedu.commands.ListCommand execute
INFO: List Command ends
Nov 03, 2023 9:25:38 PM seedu.commands.ListCommand execute
INFO: List Command execute with 
Nov 03, 2023 9:25:38 PM seedu.commands.ListCommand execute
INFO: List Command ends
Nov 04, 2023 12:34:41 AM seedu.commands.ListCommand execute
INFO: List Command execute with /g Thriller
Nov 04, 2023 12:34:41 AM seedu.commands.ListCommand execute
INFO: List Command ends
Nov 04, 2023 12:34:41 AM seedu.commands.ListCommand execute
INFO: List Command execute with /g
Nov 04, 2023 12:34:41 AM seedu.commands.ListCommand execute
INFO: List Command execute with 
Nov 04, 2023 12:34:41 AM seedu.commands.ListCommand execute
INFO: List Command ends
Nov 04, 2023 12:34:41 AM seedu.commands.ListCommand execute
INFO: List Command execute with /tag
Nov 04, 2023 12:34:41 AM seedu.commands.ListCommand execute
INFO: List Command execute with 
Nov 04, 2023 12:34:41 AM seedu.commands.ListCommand execute
INFO: List Command ends
Nov 04, 2023 12:37:10 AM seedu.commands.ListCommand execute
INFO: List Command execute with 
Nov 04, 2023 12:37:10 AM seedu.commands.ListCommand execute
INFO: List Command ends
Nov 04, 2023 12:38:28 AM seedu.commands.ListCommand execute
INFO: List Command execute with 
Nov 04, 2023 12:38:28 AM seedu.commands.ListCommand execute
INFO: List Command ends
Nov 04, 2023 12:50:24 AM seedu.commands.ListCommand execute
INFO: List Command execute with /g Thriller
Nov 04, 2023 12:50:24 AM seedu.commands.ListCommand execute
INFO: List Command ends
Nov 04, 2023 12:50:24 AM seedu.commands.ListCommand execute
INFO: List Command execute with /g
Nov 04, 2023 12:50:24 AM seedu.commands.ListCommand execute
INFO: List Command execute with 
Nov 04, 2023 12:50:24 AM seedu.commands.ListCommand execute
INFO: List Command ends
Nov 04, 2023 12:50:24 AM seedu.commands.ListCommand execute
INFO: List Command execute with /tag
Nov 04, 2023 12:50:24 AM seedu.commands.ListCommand execute
INFO: List Command execute with 
Nov 04, 2023 12:50:24 AM seedu.commands.ListCommand execute
INFO: List Command ends
Nov 04, 2023 12:51:05 AM seedu.commands.ListCommand execute
INFO: List Command execute with /g Thriller
Nov 04, 2023 12:51:05 AM seedu.commands.ListCommand execute
INFO: List Command ends
Nov 04, 2023 12:51:05 AM seedu.commands.ListCommand execute
INFO: List Command execute with /g
Nov 04, 2023 12:51:05 AM seedu.commands.ListCommand execute
INFO: List Command execute with 
Nov 04, 2023 12:51:05 AM seedu.commands.ListCommand execute
INFO: List Command ends
Nov 04, 2023 12:51:05 AM seedu.commands.ListCommand execute
INFO: List Command execute with /tag
Nov 04, 2023 12:51:05 AM seedu.commands.ListCommand execute
INFO: List Command execute with 
Nov 04, 2023 12:51:05 AM seedu.commands.ListCommand execute
INFO: List Command ends
Nov 04, 2023 12:51:48 AM seedu.commands.ListCommand execute
INFO: List Command execute with /g Thriller
Nov 04, 2023 12:51:48 AM seedu.commands.ListCommand execute
INFO: List Command ends
Nov 04, 2023 12:51:48 AM seedu.commands.ListCommand execute
INFO: List Command execute with /g
Nov 04, 2023 12:51:48 AM seedu.commands.ListCommand execute
INFO: List Command execute with 
Nov 04, 2023 12:51:48 AM seedu.commands.ListCommand execute
INFO: List Command ends
Nov 04, 2023 12:51:48 AM seedu.commands.ListCommand execute
INFO: List Command execute with /tag
Nov 04, 2023 12:51:48 AM seedu.commands.ListCommand execute
INFO: List Command execute with 
Nov 04, 2023 12:51:48 AM seedu.commands.ListCommand execute
INFO: List Command ends
Nov 04, 2023 12:52:05 AM seedu.commands.ListCommand execute
INFO: List Command execute with /g Thriller
Nov 04, 2023 12:52:05 AM seedu.commands.ListCommand execute
INFO: List Command ends
Nov 04, 2023 12:52:05 AM seedu.commands.ListCommand execute
INFO: List Command execute with /g
Nov 04, 2023 12:52:05 AM seedu.commands.ListCommand execute
INFO: List Command execute with 
Nov 04, 2023 12:52:05 AM seedu.commands.ListCommand execute
INFO: List Command ends
Nov 04, 2023 12:52:05 AM seedu.commands.ListCommand execute
INFO: List Command execute with /tag
Nov 04, 2023 12:52:05 AM seedu.commands.ListCommand execute
INFO: List Command execute with 
Nov 04, 2023 12:52:05 AM seedu.commands.ListCommand execute
INFO: List Command ends
Nov 04, 2023 12:53:08 AM seedu.commands.ListCommand execute
INFO: List Command execute with /g Thriller
Nov 04, 2023 12:53:08 AM seedu.commands.ListCommand execute
INFO: List Command ends
Nov 04, 2023 12:53:08 AM seedu.commands.ListCommand execute
INFO: List Command execute with /g
Nov 04, 2023 12:53:08 AM seedu.commands.ListCommand execute
INFO: List Command execute with 
Nov 04, 2023 12:53:08 AM seedu.commands.ListCommand execute
INFO: List Command ends
Nov 04, 2023 12:53:08 AM seedu.commands.ListCommand execute
INFO: List Command execute with /tag
Nov 04, 2023 12:53:09 AM seedu.commands.ListCommand execute
INFO: List Command execute with 
Nov 04, 2023 12:53:09 AM seedu.commands.ListCommand execute
INFO: List Command ends
Nov 09, 2023 6:04:17 PM seedu.commands.ListCommand execute
INFO: List Command execute with /tag
Nov 09, 2023 6:04:17 PM seedu.commands.ListCommand execute
INFO: List Command execute with /s AVAILABLE
Nov 09, 2023 6:04:17 PM seedu.commands.ListCommand execute
INFO: List Command ends
Nov 09, 2023 6:04:17 PM seedu.commands.ListCommand execute
INFO: List Command execute with /s BORROWED
Nov 09, 2023 6:04:17 PM seedu.commands.ListCommand execute
INFO: List Command ends
Nov 09, 2023 6:04:17 PM seedu.commands.ListCommand execute
INFO: List Command execute with /s LOST
Nov 09, 2023 6:04:17 PM seedu.commands.ListCommand execute
INFO: List Command ends
Nov 09, 2023 6:04:17 PM seedu.commands.ListCommand execute
INFO: List Command execute with /g
Nov 09, 2023 6:04:17 PM seedu.commands.ListCommand execute
INFO: List Command execute with /g Thriller
Nov 09, 2023 6:04:17 PM seedu.commands.ListCommand execute
INFO: List Command ends
Nov 09, 2023 6:04:17 PM seedu.commands.ListCommand execute
INFO: List Command execute with /s
Nov 09, 2023 6:04:17 PM seedu.commands.ListCommand execute
INFO: List Command execute with /g Horror
Nov 09, 2023 6:04:17 PM seedu.commands.ListCommand execute
INFO: List Command ends
Nov 09, 2023 6:04:17 PM seedu.commands.ListCommand execute
INFO: List Command execute with /g Adventure
Nov 09, 2023 6:04:17 PM seedu.commands.ListCommand execute
INFO: List Command ends
Nov 09, 2023 6:04:17 PM seedu.commands.ListCommand execute
INFO: List Command execute with /g Fiction
Nov 09, 2023 6:04:17 PM seedu.commands.ListCommand execute
INFO: List Command ends
Nov 09, 2023 6:04:17 PM seedu.commands.ListCommand execute
INFO: List Command execute with /tag B
Nov 09, 2023 6:04:17 PM seedu.commands.ListCommand execute
INFO: List Command ends
Nov 09, 2023 6:04:17 PM seedu.commands.ListCommand execute
INFO: List Command execute with /s INVALIDSTATUS
Nov 09, 2023 6:04:17 PM seedu.commands.ListCommand execute
INFO: List Command execute with 
Nov 09, 2023 6:04:17 PM seedu.commands.ListCommand execute
INFO: List Command ends
Nov 09, 2023 6:06:08 PM seedu.commands.ListCommand execute
INFO: List Command execute with /tag
Nov 09, 2023 6:06:08 PM seedu.commands.ListCommand execute
INFO: List Command execute with /s AVAILABLE
Nov 09, 2023 6:06:08 PM seedu.commands.ListCommand execute
INFO: List Command ends
Nov 09, 2023 6:06:08 PM seedu.commands.ListCommand execute
INFO: List Command execute with /s BORROWED
Nov 09, 2023 6:06:08 PM seedu.commands.ListCommand execute
INFO: List Command ends
Nov 09, 2023 6:06:08 PM seedu.commands.ListCommand execute
INFO: List Command execute with /s LOST
Nov 09, 2023 6:06:08 PM seedu.commands.ListCommand execute
INFO: List Command ends
Nov 09, 2023 6:06:08 PM seedu.commands.ListCommand execute
INFO: List Command execute with /g
Nov 09, 2023 6:06:08 PM seedu.commands.ListCommand execute
INFO: List Command execute with /g Thriller
Nov 09, 2023 6:06:08 PM seedu.commands.ListCommand execute
INFO: List Command ends
Nov 09, 2023 6:06:08 PM seedu.commands.ListCommand execute
INFO: List Command execute with /s
Nov 09, 2023 6:06:08 PM seedu.commands.ListCommand execute
INFO: List Command execute with /g Horror
Nov 09, 2023 6:06:08 PM seedu.commands.ListCommand execute
INFO: List Command ends
Nov 09, 2023 6:06:08 PM seedu.commands.ListCommand execute
INFO: List Command execute with /g Adventure
Nov 09, 2023 6:06:08 PM seedu.commands.ListCommand execute
INFO: List Command ends
Nov 09, 2023 6:06:08 PM seedu.commands.ListCommand execute
INFO: List Command execute with /g Fiction
Nov 09, 2023 6:06:08 PM seedu.commands.ListCommand execute
INFO: List Command ends
Nov 09, 2023 6:06:08 PM seedu.commands.ListCommand execute
INFO: List Command execute with /tag B
Nov 09, 2023 6:06:08 PM seedu.commands.ListCommand execute
INFO: List Command ends
Nov 09, 2023 6:06:08 PM seedu.commands.ListCommand execute
INFO: List Command execute with /s INVALIDSTATUS
Nov 09, 2023 6:06:08 PM seedu.commands.ListCommand execute
INFO: List Command execute with 
Nov 09, 2023 6:06:08 PM seedu.commands.ListCommand execute
INFO: List Command ends
Nov 09, 2023 6:06:33 PM seedu.commands.ListCommand execute
INFO: List Command execute with /tag
Nov 09, 2023 6:06:33 PM seedu.commands.ListCommand execute
INFO: List Command execute with /s AVAILABLE
Nov 09, 2023 6:06:33 PM seedu.commands.ListCommand execute
INFO: List Command ends
Nov 09, 2023 6:06:33 PM seedu.commands.ListCommand execute
INFO: List Command execute with /s BORROWED
Nov 09, 2023 6:06:33 PM seedu.commands.ListCommand execute
INFO: List Command ends
Nov 09, 2023 6:06:33 PM seedu.commands.ListCommand execute
INFO: List Command execute with /s LOST
Nov 09, 2023 6:06:33 PM seedu.commands.ListCommand execute
INFO: List Command ends
Nov 09, 2023 6:06:33 PM seedu.commands.ListCommand execute
INFO: List Command execute with /g
Nov 09, 2023 6:06:33 PM seedu.commands.ListCommand execute
INFO: List Command execute with /g Thriller
Nov 09, 2023 6:06:33 PM seedu.commands.ListCommand execute
INFO: List Command ends
Nov 09, 2023 6:06:33 PM seedu.commands.ListCommand execute
INFO: List Command execute with /s
Nov 09, 2023 6:06:33 PM seedu.commands.ListCommand execute
INFO: List Command execute with /g Horror
Nov 09, 2023 6:06:33 PM seedu.commands.ListCommand execute
INFO: List Command ends
Nov 09, 2023 6:06:33 PM seedu.commands.ListCommand execute
INFO: List Command execute with /g Adventure
Nov 09, 2023 6:06:33 PM seedu.commands.ListCommand execute
INFO: List Command ends
Nov 09, 2023 6:06:33 PM seedu.commands.ListCommand execute
INFO: List Command execute with /g Fiction
Nov 09, 2023 6:06:33 PM seedu.commands.ListCommand execute
INFO: List Command ends
Nov 09, 2023 6:06:33 PM seedu.commands.ListCommand execute
INFO: List Command execute with /tag B
Nov 09, 2023 6:06:33 PM seedu.commands.ListCommand execute
INFO: List Command ends
Nov 09, 2023 6:06:33 PM seedu.commands.ListCommand execute
INFO: List Command execute with /s INVALIDSTATUS
Nov 09, 2023 6:06:33 PM seedu.commands.ListCommand execute
INFO: List Command execute with 
Nov 09, 2023 6:06:33 PM seedu.commands.ListCommand execute
INFO: List Command ends
Nov 09, 2023 6:08:20 PM seedu.commands.ListCommand execute
INFO: List Command execute with /tag
Nov 09, 2023 6:08:20 PM seedu.commands.ListCommand execute
INFO: List Command execute with /s AVAILABLE
Nov 09, 2023 6:08:20 PM seedu.commands.ListCommand execute
INFO: List Command ends
Nov 09, 2023 6:08:20 PM seedu.commands.ListCommand execute
INFO: List Command execute with /s BORROWED
Nov 09, 2023 6:08:20 PM seedu.commands.ListCommand execute
INFO: List Command ends
Nov 09, 2023 6:08:20 PM seedu.commands.ListCommand execute
INFO: List Command execute with /s LOST
Nov 09, 2023 6:08:20 PM seedu.commands.ListCommand execute
INFO: List Command ends
Nov 09, 2023 6:08:20 PM seedu.commands.ListCommand execute
INFO: List Command execute with /g
Nov 09, 2023 6:08:20 PM seedu.commands.ListCommand execute
INFO: List Command execute with /g Thriller
Nov 09, 2023 6:08:20 PM seedu.commands.ListCommand execute
INFO: List Command ends
Nov 09, 2023 6:08:20 PM seedu.commands.ListCommand execute
INFO: List Command execute with /s
Nov 09, 2023 6:08:20 PM seedu.commands.ListCommand execute
INFO: List Command execute with /g Horror
Nov 09, 2023 6:08:20 PM seedu.commands.ListCommand execute
INFO: List Command ends
Nov 09, 2023 6:08:20 PM seedu.commands.ListCommand execute
INFO: List Command execute with /g Adventure
Nov 09, 2023 6:08:20 PM seedu.commands.ListCommand execute
INFO: List Command ends
Nov 09, 2023 6:08:20 PM seedu.commands.ListCommand execute
INFO: List Command execute with /g Fiction
Nov 09, 2023 6:08:20 PM seedu.commands.ListCommand execute
INFO: List Command ends
Nov 09, 2023 6:08:20 PM seedu.commands.ListCommand execute
INFO: List Command execute with /tag B
Nov 09, 2023 6:08:20 PM seedu.commands.ListCommand execute
INFO: List Command ends
Nov 09, 2023 6:08:20 PM seedu.commands.ListCommand execute
INFO: List Command execute with /s INVALIDSTATUS
Nov 09, 2023 6:08:20 PM seedu.commands.ListCommand execute
INFO: List Command execute with 
Nov 09, 2023 6:08:20 PM seedu.commands.ListCommand execute
INFO: List Command ends
Nov 09, 2023 6:11:19 PM seedu.commands.ListCommand execute
INFO: List Command execute with /tag
Nov 09, 2023 6:11:19 PM seedu.commands.ListCommand execute
INFO: List Command execute with /s AVAILABLE
Nov 09, 2023 6:11:19 PM seedu.commands.ListCommand execute
INFO: List Command ends
Nov 09, 2023 6:11:19 PM seedu.commands.ListCommand execute
INFO: List Command execute with /s BORROWED
Nov 09, 2023 6:11:19 PM seedu.commands.ListCommand execute
INFO: List Command ends
Nov 09, 2023 6:11:19 PM seedu.commands.ListCommand execute
INFO: List Command execute with /s LOST
Nov 09, 2023 6:11:19 PM seedu.commands.ListCommand execute
INFO: List Command ends
Nov 09, 2023 6:11:19 PM seedu.commands.ListCommand execute
INFO: List Command execute with /g
Nov 09, 2023 6:11:19 PM seedu.commands.ListCommand execute
INFO: List Command execute with /g Thriller
Nov 09, 2023 6:11:19 PM seedu.commands.ListCommand execute
INFO: List Command ends
Nov 09, 2023 6:11:19 PM seedu.commands.ListCommand execute
INFO: List Command execute with /s
Nov 09, 2023 6:11:19 PM seedu.commands.ListCommand execute
INFO: List Command execute with /g Horror
Nov 09, 2023 6:11:19 PM seedu.commands.ListCommand execute
INFO: List Command ends
Nov 09, 2023 6:11:19 PM seedu.commands.ListCommand execute
INFO: List Command execute with /g Adventure
Nov 09, 2023 6:11:19 PM seedu.commands.ListCommand execute
INFO: List Command ends
Nov 09, 2023 6:11:19 PM seedu.commands.ListCommand execute
INFO: List Command execute with /g Fiction
Nov 09, 2023 6:11:19 PM seedu.commands.ListCommand execute
INFO: List Command ends
Nov 09, 2023 6:11:19 PM seedu.commands.ListCommand execute
INFO: List Command execute with /tag B
Nov 09, 2023 6:11:19 PM seedu.commands.ListCommand execute
INFO: List Command ends
Nov 09, 2023 6:11:19 PM seedu.commands.ListCommand execute
INFO: List Command execute with /s INVALIDSTATUS
Nov 09, 2023 6:11:19 PM seedu.commands.ListCommand execute
INFO: List Command execute with 
Nov 09, 2023 6:11:19 PM seedu.commands.ListCommand execute
INFO: List Command ends
Nov 09, 2023 6:12:31 PM seedu.commands.ListCommand execute
INFO: List Command execute with /tag
Nov 09, 2023 6:12:31 PM seedu.commands.ListCommand execute
INFO: List Command execute with /s AVAILABLE
Nov 09, 2023 6:12:31 PM seedu.commands.ListCommand execute
INFO: List Command ends
Nov 09, 2023 6:12:31 PM seedu.commands.ListCommand execute
INFO: List Command execute with /s BORROWED
Nov 09, 2023 6:12:31 PM seedu.commands.ListCommand execute
INFO: List Command ends
Nov 09, 2023 6:12:31 PM seedu.commands.ListCommand execute
INFO: List Command execute with /s LOST
Nov 09, 2023 6:12:31 PM seedu.commands.ListCommand execute
INFO: List Command ends
Nov 09, 2023 6:12:31 PM seedu.commands.ListCommand execute
INFO: List Command execute with /g
Nov 09, 2023 6:12:31 PM seedu.commands.ListCommand execute
INFO: List Command execute with /g Thriller
Nov 09, 2023 6:12:31 PM seedu.commands.ListCommand execute
INFO: List Command ends
Nov 09, 2023 6:12:31 PM seedu.commands.ListCommand execute
INFO: List Command execute with /s
Nov 09, 2023 6:12:31 PM seedu.commands.ListCommand execute
INFO: List Command execute with /g Horror
Nov 09, 2023 6:12:31 PM seedu.commands.ListCommand execute
INFO: List Command ends
Nov 09, 2023 6:12:31 PM seedu.commands.ListCommand execute
INFO: List Command execute with /g Adventure
Nov 09, 2023 6:12:31 PM seedu.commands.ListCommand execute
INFO: List Command ends
Nov 09, 2023 6:12:31 PM seedu.commands.ListCommand execute
INFO: List Command execute with /g Fiction
Nov 09, 2023 6:12:31 PM seedu.commands.ListCommand execute
INFO: List Command ends
Nov 09, 2023 6:12:31 PM seedu.commands.ListCommand execute
INFO: List Command execute with /tag B
Nov 09, 2023 6:12:31 PM seedu.commands.ListCommand execute
INFO: List Command ends
Nov 09, 2023 6:12:31 PM seedu.commands.ListCommand execute
INFO: List Command execute with /s INVALIDSTATUS
Nov 09, 2023 6:12:31 PM seedu.commands.ListCommand execute
INFO: List Command execute with 
Nov 09, 2023 6:12:31 PM seedu.commands.ListCommand execute
INFO: List Command ends
Nov 09, 2023 9:57:07 PM seedu.commands.ListCommand execute
INFO: List Command execute with /tag
Nov 09, 2023 9:57:07 PM seedu.commands.ListCommand execute
INFO: List Command execute with /s AVAILABLE
Nov 09, 2023 9:57:07 PM seedu.commands.ListCommand execute
INFO: List Command ends
Nov 09, 2023 9:57:07 PM seedu.commands.ListCommand execute
INFO: List Command execute with /s BORROWED
Nov 09, 2023 9:57:07 PM seedu.commands.ListCommand execute
INFO: List Command ends
Nov 09, 2023 9:57:07 PM seedu.commands.ListCommand execute
INFO: List Command execute with /s LOST
Nov 09, 2023 9:57:07 PM seedu.commands.ListCommand execute
INFO: List Command ends
Nov 09, 2023 9:57:07 PM seedu.commands.ListCommand execute
INFO: List Command execute with /g
Nov 09, 2023 9:57:07 PM seedu.commands.ListCommand execute
INFO: List Command execute with /g Thriller
Nov 09, 2023 9:57:07 PM seedu.commands.ListCommand execute
INFO: List Command ends
Nov 09, 2023 9:57:07 PM seedu.commands.ListCommand execute
INFO: List Command execute with /s
Nov 09, 2023 9:57:07 PM seedu.commands.ListCommand execute
INFO: List Command execute with /g Horror
Nov 09, 2023 9:57:07 PM seedu.commands.ListCommand execute
INFO: List Command ends
Nov 09, 2023 9:57:07 PM seedu.commands.ListCommand execute
INFO: List Command execute with /g Adventure
Nov 09, 2023 9:57:07 PM seedu.commands.ListCommand execute
INFO: List Command ends
Nov 09, 2023 9:57:07 PM seedu.commands.ListCommand execute
INFO: List Command execute with /g Fiction
Nov 09, 2023 9:57:07 PM seedu.commands.ListCommand execute
INFO: List Command ends
Nov 09, 2023 9:57:07 PM seedu.commands.ListCommand execute
INFO: List Command execute with /tag B
Nov 09, 2023 9:57:07 PM seedu.commands.ListCommand execute
INFO: List Command ends
Nov 09, 2023 9:57:07 PM seedu.commands.ListCommand execute
INFO: List Command execute with /s INVALIDSTATUS
Nov 09, 2023 9:57:07 PM seedu.commands.ListCommand execute
INFO: List Command execute with 
Nov 09, 2023 9:57:07 PM seedu.commands.ListCommand execute
INFO: List Command ends
